#
# There is insufficient memory for the Java Runtime Environment to continue.
# Native memory allocation (malloc) failed to allocate 1279536 bytes for Chunk::new
# Possible reasons:
#   The system is out of physical RAM or swap space
#   The process is running with CompressedOops enabled, and the Java Heap may be blocking the growth of the native heap
# Possible solutions:
#   Reduce memory load on the system
#   Increase physical memory or swap space
#   Check if swap backing store is full
#   Decrease Java heap size (-Xmx/-Xms)
#   Decrease number of Java threads
#   Decrease Java thread stack sizes (-Xss)
#   Set larger code cache with -XX:ReservedCodeCacheSize=
#   JVM is running with Unscaled Compressed Oops mode in which the Java heap is
#     placed in the first 4GB address space. The Java Heap base address is the
#     maximum limit for the native heap growth. Please use -XX:HeapBaseMinAddress
#     to set the Java Heap base and to place the Java Heap above 4GB virtual address.
# This output file may be truncated or incomplete.
#
#  Out of Memory Error (./src/hotspot/share/memory/arena.cpp:197), pid=13568, tid=17728
#
# JRE version: OpenJDK Runtime Environment (11.0.10) (build 11.0.10+0-b96-7249189)
# Java VM: OpenJDK 64-Bit Server VM (11.0.10+0-b96-7249189, mixed mode, tiered, compressed oops, g1 gc, windows-amd64)
# No core dump will be written. Minidumps are not enabled by default on client versions of Windows
#

---------------  S U M M A R Y ------------

Command Line: --add-opens=java.base/java.util=ALL-UNNAMED --add-opens=java.base/java.lang=ALL-UNNAMED --add-opens=java.base/java.lang.invoke=ALL-UNNAMED --add-opens=java.base/java.util=ALL-UNNAMED --add-opens=java.prefs/java.util.prefs=ALL-UNNAMED --add-opens=java.prefs/java.util.prefs=ALL-UNNAMED --add-opens=java.base/java.nio.charset=ALL-UNNAMED --add-opens=java.base/java.net=ALL-UNNAMED --add-opens=java.base/java.util.concurrent.atomic=ALL-UNNAMED -Xmx2048m -Dfile.encoding=UTF-8 -Duser.country=US -Duser.language=en -Duser.variant org.gradle.launcher.daemon.bootstrap.GradleDaemon 7.0.2

Host: Intel(R) Core(TM) i5-8265U CPU @ 1.60GHz, 8 cores, 3G,  Windows 10 , 64 bit Build 19041 (10.0.19041.1151)
Time: Sat Sep  4 15:42:38 2021 Malay Peninsula Standard Time elapsed time: 57.159203 seconds (0d 0h 0m 57s)

---------------  T H R E A D  ---------------

Current thread (0x0000023b1b4de800):  JavaThread "C2 CompilerThread0" daemon [_thread_in_native, id=17728, stack(0x000000e38ae00000,0x000000e38af00000)]


Current CompileTask:
C2:  57159 13165       4       org.gradle.internal.snapshot.ChildMap$Entry::handlePath (135 bytes)

Stack: [0x000000e38ae00000,0x000000e38af00000]
Native frames: (J=compiled Java code, j=interpreted, Vv=VM code, C=native code)
V  [jvm.dll+0x5ecfaa]
V  [jvm.dll+0x722bd5]
V  [jvm.dll+0x72412d]
V  [jvm.dll+0x7247e3]
V  [jvm.dll+0x242928]
V  [jvm.dll+0xbc4fc]
V  [jvm.dll+0xbca0c]
V  [jvm.dll+0x352d3b]
V  [jvm.dll+0x320ad3]
V  [jvm.dll+0x31ffca]
V  [jvm.dll+0x1fb602]
V  [jvm.dll+0x1fa7f4]
V  [jvm.dll+0x18354c]
V  [jvm.dll+0x208ee7]
V  [jvm.dll+0x207731]
V  [jvm.dll+0x6eb1cf]
V  [jvm.dll+0x6e3d45]
V  [jvm.dll+0x5ebe96]
C  [ucrtbase.dll+0x21bb2]
C  [KERNEL32.DLL+0x17034]
C  [ntdll.dll+0x52651]


---------------  P R O C E S S  ---------------

Threads class SMR info:
_java_thread_list=0x0000023b22077bc0, length=73, elements={
0x0000023b7da12800, 0x0000023b1ab4b800, 0x0000023b1ab54800, 0x0000023b1b4d1800,
0x0000023b1b4d2800, 0x0000023b1b4d4800, 0x0000023b1b4de800, 0x0000023b1b4df800,
0x0000023b1abae800, 0x0000023b1b632800, 0x0000023b1b7b0000, 0x0000023b1d385800,
0x0000023b1d386000, 0x0000023b1cc16000, 0x0000023b1ce94800, 0x0000023b1d075000,
0x0000023b1d076000, 0x0000023b1cdf0000, 0x0000023b1d098000, 0x0000023b1d704000,
0x0000023b1d707800, 0x0000023b1d709000, 0x0000023b1d708000, 0x0000023b1d705000,
0x0000023b1d703800, 0x0000023b1d70a000, 0x0000023b1d705800, 0x0000023b1d706800,
0x0000023b1ea32800, 0x0000023b1ea38800, 0x0000023b1ea37800, 0x0000023b1ea34800,
0x0000023b1ea35000, 0x0000023b1ea33800, 0x0000023b1ea3d800, 0x0000023b1ea3e000,
0x0000023b1ea3b000, 0x0000023b1ea3b800, 0x0000023b1ea3a000, 0x0000023b1ea39800,
0x0000023b1ea3c800, 0x0000023b1ea3f000, 0x0000023b1ea40000, 0x0000023b1ea40800,
0x0000023b1ea41800, 0x0000023b1f561000, 0x0000023b1f55b000, 0x0000023b1f55e800,
0x0000023b1f55f000, 0x0000023b1f561800, 0x0000023b1f562800, 0x0000023b1f560000,
0x0000023b1f55d000, 0x0000023b1f563800, 0x0000023b1f55d800, 0x0000023b1f566800,
0x0000023b1f567800, 0x0000023b1f564000, 0x0000023b1f566000, 0x0000023b1f568000,
0x0000023b1f565000, 0x0000023b1f569000, 0x0000023b1f56a000, 0x0000023b1dfed000,
0x0000023b1dfee800, 0x0000023b1dfed800, 0x0000023b1dfef800, 0x0000023b1dff0000,
0x0000023b1dff1000, 0x0000023b1dff3800, 0x0000023b1dff1800, 0x0000023b1dff2800,
0x0000023b1b872800
}

Java Threads: ( => current thread )
  0x0000023b7da12800 JavaThread "main" [_thread_blocked, id=4876, stack(0x000000e38a200000,0x000000e38a300000)]
  0x0000023b1ab4b800 JavaThread "Reference Handler" daemon [_thread_blocked, id=6312, stack(0x000000e38a900000,0x000000e38aa00000)]
  0x0000023b1ab54800 JavaThread "Finalizer" daemon [_thread_blocked, id=7716, stack(0x000000e38aa00000,0x000000e38ab00000)]
  0x0000023b1b4d1800 JavaThread "Signal Dispatcher" daemon [_thread_blocked, id=16956, stack(0x000000e38ab00000,0x000000e38ac00000)]
  0x0000023b1b4d2800 JavaThread "Attach Listener" daemon [_thread_blocked, id=17188, stack(0x000000e38ac00000,0x000000e38ad00000)]
  0x0000023b1b4d4800 JavaThread "Service Thread" daemon [_thread_blocked, id=13544, stack(0x000000e38ad00000,0x000000e38ae00000)]
=>0x0000023b1b4de800 JavaThread "C2 CompilerThread0" daemon [_thread_in_native, id=17728, stack(0x000000e38ae00000,0x000000e38af00000)]
  0x0000023b1b4df800 JavaThread "C1 CompilerThread0" daemon [_thread_blocked, id=8228, stack(0x000000e38af00000,0x000000e38b000000)]
  0x0000023b1abae800 JavaThread "Sweeper thread" daemon [_thread_blocked, id=7232, stack(0x000000e38b000000,0x000000e38b100000)]
  0x0000023b1b632800 JavaThread "Common-Cleaner" daemon [_thread_blocked, id=5580, stack(0x000000e38b100000,0x000000e38b200000)]
  0x0000023b1b7b0000 JavaThread "Daemon health stats" [_thread_blocked, id=14424, stack(0x000000e38b300000,0x000000e38b400000)]
  0x0000023b1d385800 JavaThread "Incoming local TCP Connector on port 1067" [_thread_in_native, id=6300, stack(0x000000e38b700000,0x000000e38b800000)]
  0x0000023b1d386000 JavaThread "Daemon periodic checks" [_thread_blocked, id=11884, stack(0x000000e38b800000,0x000000e38b900000)]
  0x0000023b1cc16000 JavaThread "Daemon" [_thread_blocked, id=16516, stack(0x000000e38b900000,0x000000e38ba00000)]
  0x0000023b1ce94800 JavaThread "Handler for socket connection from /127.0.0.1:1067 to /127.0.0.1:1068" [_thread_in_native, id=14024, stack(0x000000e38ba00000,0x000000e38bb00000)]
  0x0000023b1d075000 JavaThread "Cancel handler" [_thread_blocked, id=10344, stack(0x000000e38bb00000,0x000000e38bc00000)]
  0x0000023b1d076000 JavaThread "Daemon worker" [_thread_blocked, id=5404, stack(0x000000e38bc00000,0x000000e38bd00000)]
  0x0000023b1cdf0000 JavaThread "Asynchronous log dispatcher for DefaultDaemonConnection: socket connection from /127.0.0.1:1067 to /127.0.0.1:1068" [_thread_blocked, id=11460, stack(0x000000e38bd00000,0x000000e38be00000)]
  0x0000023b1d098000 JavaThread "Stdin handler" [_thread_blocked, id=6644, stack(0x000000e38be00000,0x000000e38bf00000)]
  0x0000023b1d704000 JavaThread "Daemon client event forwarder" [_thread_blocked, id=3688, stack(0x000000e38bf00000,0x000000e38c000000)]
  0x0000023b1d707800 JavaThread "Cache worker for file hash cache (C:\kotlinSUMMER\caches\7.0.2\fileHashes)" [_thread_blocked, id=12308, stack(0x000000e38c400000,0x000000e38c500000)]
  0x0000023b1d709000 JavaThread "File lock request listener" [_thread_in_native, id=8484, stack(0x000000e38c500000,0x000000e38c600000)]
  0x0000023b1d708000 JavaThread "Cache worker for journal cache (C:\kotlinSUMMER\caches\journal-1)" [_thread_blocked, id=10972, stack(0x000000e38c700000,0x000000e38c800000)]
  0x0000023b1d705000 JavaThread "Cache worker for file hash cache (C:\kotlinSUMMER\VanGo\.gradle\7.0.2\fileHashes)" [_thread_blocked, id=3956, stack(0x000000e38c800000,0x000000e38c900000)]
  0x0000023b1d703800 JavaThread "File watcher server" daemon [_thread_in_native, id=11152, stack(0x000000e38c900000,0x000000e38ca00000)]
  0x0000023b1d70a000 JavaThread "File watcher consumer" daemon [_thread_blocked, id=10320, stack(0x000000e38ca00000,0x000000e38cb00000)]
  0x0000023b1d705800 JavaThread "Cache worker for checksums cache (C:\kotlinSUMMER\VanGo\.gradle\checksums)" [_thread_blocked, id=12276, stack(0x000000e38cb00000,0x000000e38cc00000)]
  0x0000023b1d706800 JavaThread "Cache worker for cache directory md-supplier (C:\kotlinSUMMER\caches\7.0.2\md-supplier)" [_thread_blocked, id=7396, stack(0x000000e38cc00000,0x000000e38cd00000)]
  0x0000023b1ea32800 JavaThread "Cache worker for cache directory md-rule (C:\kotlinSUMMER\caches\7.0.2\md-rule)" [_thread_blocked, id=15880, stack(0x000000e38cd00000,0x000000e38ce00000)]
  0x0000023b1ea38800 JavaThread "Cache worker for execution history cache (C:\kotlinSUMMER\caches\7.0.2\executionHistory)" [_thread_blocked, id=8652, stack(0x000000e38ce00000,0x000000e38cf00000)]
  0x0000023b1ea37800 JavaThread "jar transforms" [_thread_blocked, id=8320, stack(0x000000e38cf00000,0x000000e38d000000)]
  0x0000023b1ea34800 JavaThread "jar transforms Thread 2" [_thread_blocked, id=10096, stack(0x000000e38d000000,0x000000e38d100000)]
  0x0000023b1ea35000 JavaThread "Cache worker for file content cache (C:\kotlinSUMMER\caches\7.0.2\fileContent)" [_thread_blocked, id=10548, stack(0x000000e38d100000,0x000000e38d200000)]
  0x0000023b1ea33800 JavaThread "Cache worker for dependencies-accessors (C:\kotlinSUMMER\VanGo\.gradle\7.0.2\dependencies-accessors)" [_thread_blocked, id=3640, stack(0x000000e38d200000,0x000000e38d300000)]
  0x0000023b1ea3d800 JavaThread "jar transforms Thread 3" [_thread_blocked, id=2428, stack(0x000000e38d300000,0x000000e38d400000)]
  0x0000023b1ea3e000 JavaThread "Cache worker for Build Output Cleanup Cache (C:\kotlinSUMMER\VanGo\.gradle\buildOutputCleanup)" [_thread_blocked, id=16284, stack(0x000000e38d400000,0x000000e38d500000)]
  0x0000023b1ea3b000 JavaThread "Build operations" [_thread_blocked, id=11424, stack(0x000000e38d500000,0x000000e38d600000)]
  0x0000023b1ea3b800 JavaThread "Build operations Thread 2" [_thread_blocked, id=3536, stack(0x000000e38d600000,0x000000e38d700000)]
  0x0000023b1ea3a000 JavaThread "Build operations Thread 3" [_thread_blocked, id=16240, stack(0x000000e38d700000,0x000000e38d800000)]
  0x0000023b1ea39800 JavaThread "Build operations Thread 4" [_thread_blocked, id=10800, stack(0x000000e38d800000,0x000000e38d900000)]
  0x0000023b1ea3c800 JavaThread "Build operations Thread 5" [_thread_blocked, id=9776, stack(0x000000e38d900000,0x000000e38da00000)]
  0x0000023b1ea3f000 JavaThread "Build operations Thread 6" [_thread_blocked, id=7416, stack(0x000000e38da00000,0x000000e38db00000)]
  0x0000023b1ea40000 JavaThread "Build operations Thread 7" [_thread_blocked, id=10100, stack(0x000000e38db00000,0x000000e38dc00000)]
  0x0000023b1ea40800 JavaThread "Build operations Thread 8" [_thread_blocked, id=5052, stack(0x000000e38dc00000,0x000000e38dd00000)]
  0x0000023b1ea41800 JavaThread "jar transforms Thread 4" [_thread_blocked, id=14512, stack(0x000000e38dd00000,0x000000e38de00000)]
  0x0000023b1f561000 JavaThread "jar transforms Thread 5" [_thread_blocked, id=4304, stack(0x000000e38de00000,0x000000e38df00000)]
  0x0000023b1f55b000 JavaThread "jar transforms Thread 6" [_thread_blocked, id=16376, stack(0x000000e38df00000,0x000000e38e000000)]
  0x0000023b1f55e800 JavaThread "jar transforms Thread 7" [_thread_blocked, id=1788, stack(0x000000e38e000000,0x000000e38e100000)]
  0x0000023b1f55f000 JavaThread "jar transforms Thread 8" [_thread_blocked, id=18404, stack(0x000000e38e100000,0x000000e38e200000)]
  0x0000023b1f561800 JavaThread "Memory manager" [_thread_blocked, id=2640, stack(0x000000e38e200000,0x000000e38e300000)]
  0x0000023b1f562800 JavaThread "build event listener" [_thread_blocked, id=12480, stack(0x000000e38e300000,0x000000e38e400000)]
  0x0000023b1f560000 JavaThread "pool-3-thread-1" [_thread_blocked, id=16964, stack(0x000000e38e400000,0x000000e38e500000)]
  0x0000023b1f55d000 JavaThread "build event listener" [_thread_blocked, id=14060, stack(0x000000e38e500000,0x000000e38e600000)]
  0x0000023b1f563800 JavaThread "Execution worker for ':'" [_thread_blocked, id=14204, stack(0x000000e38e600000,0x000000e38e700000)]
  0x0000023b1f55d800 JavaThread "Execution worker for ':' Thread 2" [_thread_in_native, id=3016, stack(0x000000e38e700000,0x000000e38e800000)]
  0x0000023b1f566800 JavaThread "Execution worker for ':' Thread 3" [_thread_blocked, id=4872, stack(0x000000e38e800000,0x000000e38e900000)]
  0x0000023b1f567800 JavaThread "Execution worker for ':' Thread 4" [_thread_blocked, id=8316, stack(0x000000e38e900000,0x000000e38ea00000)]
  0x0000023b1f564000 JavaThread "Execution worker for ':' Thread 5" [_thread_blocked, id=15004, stack(0x000000e38ea00000,0x000000e38eb00000)]
  0x0000023b1f566000 JavaThread "Execution worker for ':' Thread 6" [_thread_blocked, id=9864, stack(0x000000e38eb00000,0x000000e38ec00000)]
  0x0000023b1f568000 JavaThread "Execution worker for ':' Thread 7" [_thread_blocked, id=16716, stack(0x000000e38ec00000,0x000000e38ed00000)]
  0x0000023b1f565000 JavaThread "Cache worker for execution history cache (C:\kotlinSUMMER\VanGo\.gradle\7.0.2\executionHistory)" [_thread_blocked, id=15812, stack(0x000000e38ed00000,0x000000e38ee00000)]
  0x0000023b1f569000 JavaThread "WorkerExecutor Queue" [_thread_blocked, id=8280, stack(0x000000e38ee00000,0x000000e38ef00000)]
  0x0000023b1f56a000 JavaThread "WorkerExecutor Queue Thread 2" [_thread_blocked, id=9208, stack(0x000000e38ef00000,0x000000e38f000000)]
  0x0000023b1dfed000 JavaThread "WorkerExecutor Queue Thread 3" [_thread_blocked, id=1844, stack(0x000000e38f000000,0x000000e38f100000)]
  0x0000023b1dfee800 JavaThread "pool-4-thread-1" [_thread_blocked, id=9424, stack(0x000000e38f100000,0x000000e38f200000)]
  0x0000023b1dfed800 JavaThread "stderr" [_thread_in_native, id=12700, stack(0x000000e38f200000,0x000000e38f300000)]
  0x0000023b1dfef800 JavaThread "stdout" [_thread_in_native, id=16088, stack(0x000000e38f300000,0x000000e38f400000)]
  0x0000023b1dff0000 JavaThread "RMI Scheduler(0)" daemon [_thread_blocked, id=15832, stack(0x000000e38f400000,0x000000e38f500000)]
  0x0000023b1dff1000 JavaThread "RMI RenewClean-[127.0.0.1:17695,org.jetbrains.kotlin.daemon.common.LoopbackNetworkInterface$ClientLoopbackSocketFactory@6d236f08]" daemon [_thread_blocked, id=1048, stack(0x000000e38f500000,0x000000e38f600000)]
  0x0000023b1dff3800 JavaThread "RMI GC Daemon" daemon [_thread_blocked, id=14868, stack(0x000000e38f600000,0x000000e38f700000)]
  0x0000023b1dff1800 JavaThread "RMI TCP Accept-0" daemon [_thread_in_native, id=8244, stack(0x000000e38f700000,0x000000e38f800000)]
  0x0000023b1dff2800 JavaThread "RMI Reaper" [_thread_blocked, id=11712, stack(0x000000e38f800000,0x000000e38f900000)]
  0x0000023b1b872800 JavaThread "RMI TCP Connection(2)-127.0.0.1" daemon [_thread_in_native, id=6896, stack(0x000000e38f900000,0x000000e38fa00000)]

Other Threads:
  0x0000023b1ab44800 VMThread "VM Thread" [stack: 0x000000e38a800000,0x000000e38a900000] [id=1416]
  0x0000023b1b659000 WatcherThread [stack: 0x000000e38b200000,0x000000e38b300000] [id=14756]
  0x0000023b7d88d800 GCTaskThread "GC Thread#0" [stack: 0x000000e38a300000,0x000000e38a400000] [id=13772]
  0x0000023b1c406800 GCTaskThread "GC Thread#1" [stack: 0x000000e38b400000,0x000000e38b500000] [id=15312]
  0x0000023b1c5b5800 GCTaskThread "GC Thread#2" [stack: 0x000000e38b500000,0x000000e38b600000] [id=11664]
  0x0000023b1c5b5000 GCTaskThread "GC Thread#3" [stack: 0x000000e38b600000,0x000000e38b700000] [id=10952]
  0x0000023b1c5b3800 GCTaskThread "GC Thread#4" [stack: 0x000000e38c000000,0x000000e38c100000] [id=4824]
  0x0000023b1c5b6800 GCTaskThread "GC Thread#5" [stack: 0x000000e38c100000,0x000000e38c200000] [id=3460]
  0x0000023b1c5ba000 GCTaskThread "GC Thread#6" [stack: 0x000000e38c200000,0x000000e38c300000] [id=10388]
  0x0000023b1c5b7800 GCTaskThread "GC Thread#7" [stack: 0x000000e38c300000,0x000000e38c400000] [id=18056]
  0x0000023b7da57800 ConcurrentGCThread "G1 Main Marker" [stack: 0x000000e38a400000,0x000000e38a500000] [id=2344]
  0x0000023b7da59000 ConcurrentGCThread "G1 Conc#0" [stack: 0x000000e38a500000,0x000000e38a600000] [id=14980]
  0x0000023b1c5b4000 ConcurrentGCThread "G1 Conc#1" [stack: 0x000000e38c600000,0x000000e38c700000] [id=1764]
  0x0000023b7dac5000 ConcurrentGCThread "G1 Refine#0" [stack: 0x000000e38a600000,0x000000e38a700000] [id=6124]
  0x0000023b7dac6800 ConcurrentGCThread "G1 Young RemSet Sampling" [stack: 0x000000e38a700000,0x000000e38a800000] [id=12488]

Threads with active compile tasks:
C2 CompilerThread0  57262 13165       4       org.gradle.internal.snapshot.ChildMap$Entry::handlePath (135 bytes)

VM state:not at safepoint (normal execution)

VM Mutex/Monitor currently owned by a thread: None

Heap address: 0x0000000080000000, size: 2048 MB, Compressed Oops mode: 32-bit
Narrow klass base: 0x0000000000000000, Narrow klass shift: 3
Compressed class space size: 1073741824 Address: 0x0000000100000000

Heap:
 garbage-first heap   total 231424K, used 142336K [0x0000000080000000, 0x0000000100000000)
  region size 1024K, 44 young (45056K), 8 survivors (8192K)
 Metaspace       used 99023K, capacity 101557K, committed 101580K, reserved 1136640K
  class space    used 12620K, capacity 13507K, committed 13516K, reserved 1048576K
Heap Regions: E=young(eden), S=young(survivor), O=old, HS=humongous(starts), HC=humongous(continues), CS=collection set, F=free, A=archive, TAMS=top-at-mark-start (previous, next)
|   0|0x0000000080000000, 0x0000000080100000, 0x0000000080100000|100%| O|  |TAMS 0x0000000080100000, 0x0000000080000000| Untracked 
|   1|0x0000000080100000, 0x0000000080200000, 0x0000000080200000|100%| O|  |TAMS 0x0000000080200000, 0x0000000080100000| Untracked 
|   2|0x0000000080200000, 0x0000000080300000, 0x0000000080300000|100%| O|  |TAMS 0x0000000080300000, 0x0000000080200000| Untracked 
|   3|0x0000000080300000, 0x0000000080400000, 0x0000000080400000|100%|HS|  |TAMS 0x0000000080400000, 0x0000000080300000| Complete 
|   4|0x0000000080400000, 0x0000000080500000, 0x0000000080500000|100%|HC|  |TAMS 0x0000000080500000, 0x0000000080400000| Complete 
|   5|0x0000000080500000, 0x0000000080600000, 0x0000000080600000|100%|HC|  |TAMS 0x0000000080600000, 0x0000000080500000| Complete 
|   6|0x0000000080600000, 0x0000000080700000, 0x0000000080700000|100%| O|  |TAMS 0x0000000080700000, 0x0000000080600000| Untracked 
|   7|0x0000000080700000, 0x0000000080800000, 0x0000000080800000|100%| O|  |TAMS 0x0000000080800000, 0x0000000080700000| Untracked 
|   8|0x0000000080800000, 0x0000000080900000, 0x0000000080900000|100%| O|  |TAMS 0x0000000080900000, 0x0000000080800000| Untracked 
|   9|0x0000000080900000, 0x0000000080a00000, 0x0000000080a00000|100%| O|  |TAMS 0x0000000080a00000, 0x0000000080900000| Untracked 
|  10|0x0000000080a00000, 0x0000000080b00000, 0x0000000080b00000|100%| O|  |TAMS 0x0000000080b00000, 0x0000000080a00000| Untracked 
|  11|0x0000000080b00000, 0x0000000080c00000, 0x0000000080c00000|100%| O|  |TAMS 0x0000000080c00000, 0x0000000080b00000| Untracked 
|  12|0x0000000080c00000, 0x0000000080d00000, 0x0000000080d00000|100%| O|  |TAMS 0x0000000080d00000, 0x0000000080c00000| Untracked 
|  13|0x0000000080d00000, 0x0000000080e00000, 0x0000000080e00000|100%| O|  |TAMS 0x0000000080e00000, 0x0000000080d00000| Untracked 
|  14|0x0000000080e00000, 0x0000000080f00000, 0x0000000080f00000|100%| O|  |TAMS 0x0000000080f00000, 0x0000000080e00000| Untracked 
|  15|0x0000000080f00000, 0x0000000081000000, 0x0000000081000000|100%| O|  |TAMS 0x0000000081000000, 0x0000000080f00000| Untracked 
|  16|0x0000000081000000, 0x0000000081100000, 0x0000000081100000|100%| O|  |TAMS 0x0000000081100000, 0x0000000081000000| Untracked 
|  17|0x0000000081100000, 0x0000000081200000, 0x0000000081200000|100%| O|  |TAMS 0x0000000081200000, 0x0000000081100000| Untracked 
|  18|0x0000000081200000, 0x0000000081300000, 0x0000000081300000|100%| O|  |TAMS 0x0000000081300000, 0x0000000081200000| Untracked 
|  19|0x0000000081300000, 0x0000000081400000, 0x0000000081400000|100%| O|  |TAMS 0x0000000081400000, 0x0000000081300000| Untracked 
|  20|0x0000000081400000, 0x0000000081500000, 0x0000000081500000|100%| O|  |TAMS 0x0000000081500000, 0x0000000081400000| Untracked 
|  21|0x0000000081500000, 0x0000000081600000, 0x0000000081600000|100%| O|  |TAMS 0x0000000081600000, 0x0000000081500000| Untracked 
|  22|0x0000000081600000, 0x0000000081700000, 0x0000000081700000|100%| O|  |TAMS 0x0000000081700000, 0x0000000081600000| Untracked 
|  23|0x0000000081700000, 0x0000000081800000, 0x0000000081800000|100%| O|  |TAMS 0x0000000081800000, 0x0000000081700000| Untracked 
|  24|0x0000000081800000, 0x0000000081900000, 0x0000000081900000|100%| O|  |TAMS 0x0000000081900000, 0x0000000081800000| Untracked 
|  25|0x0000000081900000, 0x0000000081a00000, 0x0000000081a00000|100%| O|  |TAMS 0x0000000081a00000, 0x0000000081900000| Untracked 
|  26|0x0000000081a00000, 0x0000000081b00000, 0x0000000081b00000|100%| O|  |TAMS 0x0000000081b00000, 0x0000000081a00000| Untracked 
|  27|0x0000000081b00000, 0x0000000081c00000, 0x0000000081c00000|100%| O|  |TAMS 0x0000000081c00000, 0x0000000081b00000| Untracked 
|  28|0x0000000081c00000, 0x0000000081d00000, 0x0000000081d00000|100%|HS|  |TAMS 0x0000000081d00000, 0x0000000081c00000| Complete 
|  29|0x0000000081d00000, 0x0000000081e00000, 0x0000000081e00000|100%|HS|  |TAMS 0x0000000081e00000, 0x0000000081d00000| Complete 
|  30|0x0000000081e00000, 0x0000000081f00000, 0x0000000081f00000|100%|HS|  |TAMS 0x0000000081f00000, 0x0000000081e00000| Complete 
|  31|0x0000000081f00000, 0x0000000082000000, 0x0000000082000000|100%|HS|  |TAMS 0x0000000082000000, 0x0000000081f00000| Complete 
|  32|0x0000000082000000, 0x0000000082100000, 0x0000000082100000|100%|HC|  |TAMS 0x0000000082100000, 0x0000000082000000| Complete 
|  33|0x0000000082100000, 0x0000000082200000, 0x0000000082200000|100%|HC|  |TAMS 0x0000000082200000, 0x0000000082100000| Complete 
|  34|0x0000000082200000, 0x0000000082300000, 0x0000000082300000|100%| O|  |TAMS 0x0000000082300000, 0x0000000082200000| Untracked 
|  35|0x0000000082300000, 0x0000000082400000, 0x0000000082400000|100%| O|  |TAMS 0x0000000082400000, 0x0000000082300000| Untracked 
|  36|0x0000000082400000, 0x0000000082500000, 0x0000000082500000|100%| O|  |TAMS 0x0000000082500000, 0x0000000082400000| Untracked 
|  37|0x0000000082500000, 0x0000000082600000, 0x0000000082600000|100%| O|  |TAMS 0x0000000082600000, 0x0000000082500000| Untracked 
|  38|0x0000000082600000, 0x0000000082700000, 0x0000000082700000|100%| O|  |TAMS 0x0000000082700000, 0x0000000082600000| Untracked 
|  39|0x0000000082700000, 0x0000000082800000, 0x0000000082800000|100%| O|  |TAMS 0x0000000082800000, 0x0000000082700000| Untracked 
|  40|0x0000000082800000, 0x0000000082900000, 0x0000000082900000|100%|HS|  |TAMS 0x0000000082900000, 0x0000000082800000| Complete 
|  41|0x0000000082900000, 0x0000000082a00000, 0x0000000082a00000|100%|HC|  |TAMS 0x0000000082a00000, 0x0000000082900000| Complete 
|  42|0x0000000082a00000, 0x0000000082b00000, 0x0000000082b00000|100%| O|  |TAMS 0x0000000082b00000, 0x0000000082a00000| Untracked 
|  43|0x0000000082b00000, 0x0000000082c00000, 0x0000000082c00000|100%| O|  |TAMS 0x0000000082c00000, 0x0000000082b00000| Untracked 
|  44|0x0000000082c00000, 0x0000000082d00000, 0x0000000082d00000|100%| O|  |TAMS 0x0000000082d00000, 0x0000000082c00000| Untracked 
|  45|0x0000000082d00000, 0x0000000082e00000, 0x0000000082e00000|100%| O|  |TAMS 0x0000000082e00000, 0x0000000082d00000| Untracked 
|  46|0x0000000082e00000, 0x0000000082f00000, 0x0000000082f00000|100%| O|  |TAMS 0x0000000082f00000, 0x0000000082e00000| Untracked 
|  47|0x0000000082f00000, 0x0000000083000000, 0x0000000083000000|100%| O|  |TAMS 0x0000000083000000, 0x0000000082f00000| Untracked 
|  48|0x0000000083000000, 0x0000000083100000, 0x0000000083100000|100%| O|  |TAMS 0x0000000083100000, 0x0000000083000000| Untracked 
|  49|0x0000000083100000, 0x0000000083200000, 0x0000000083200000|100%| O|  |TAMS 0x0000000083200000, 0x0000000083100000| Untracked 
|  50|0x0000000083200000, 0x0000000083300000, 0x0000000083300000|100%| O|  |TAMS 0x0000000083300000, 0x0000000083200000| Untracked 
|  51|0x0000000083300000, 0x0000000083400000, 0x0000000083400000|100%| O|  |TAMS 0x0000000083400000, 0x0000000083300000| Untracked 
|  52|0x0000000083400000, 0x0000000083500000, 0x0000000083500000|100%| O|  |TAMS 0x0000000083500000, 0x0000000083400000| Untracked 
|  53|0x0000000083500000, 0x0000000083600000, 0x0000000083600000|100%| O|  |TAMS 0x0000000083600000, 0x0000000083500000| Untracked 
|  54|0x0000000083600000, 0x0000000083700000, 0x0000000083700000|100%| O|  |TAMS 0x0000000083700000, 0x0000000083600000| Untracked 
|  55|0x0000000083700000, 0x0000000083800000, 0x0000000083800000|100%| O|  |TAMS 0x0000000083800000, 0x0000000083700000| Untracked 
|  56|0x0000000083800000, 0x0000000083900000, 0x0000000083900000|100%| O|  |TAMS 0x0000000083900000, 0x0000000083800000| Untracked 
|  57|0x0000000083900000, 0x0000000083a00000, 0x0000000083a00000|100%| O|  |TAMS 0x0000000083a00000, 0x0000000083900000| Untracked 
|  58|0x0000000083a00000, 0x0000000083b00000, 0x0000000083b00000|100%| O|  |TAMS 0x0000000083b00000, 0x0000000083a00000| Untracked 
|  59|0x0000000083b00000, 0x0000000083c00000, 0x0000000083c00000|100%| O|  |TAMS 0x0000000083c00000, 0x0000000083b00000| Untracked 
|  60|0x0000000083c00000, 0x0000000083d00000, 0x0000000083d00000|100%| O|  |TAMS 0x0000000083d00000, 0x0000000083c00000| Untracked 
|  61|0x0000000083d00000, 0x0000000083e00000, 0x0000000083e00000|100%| O|  |TAMS 0x0000000083e00000, 0x0000000083d00000| Untracked 
|  62|0x0000000083e00000, 0x0000000083f00000, 0x0000000083f00000|100%| O|  |TAMS 0x0000000083f00000, 0x0000000083e00000| Untracked 
|  63|0x0000000083f00000, 0x0000000084000000, 0x0000000084000000|100%| O|  |TAMS 0x0000000084000000, 0x0000000083f00000| Untracked 
|  64|0x0000000084000000, 0x0000000084100000, 0x0000000084100000|100%| O|  |TAMS 0x0000000084100000, 0x0000000084000000| Untracked 
|  65|0x0000000084100000, 0x0000000084200000, 0x0000000084200000|100%| O|  |TAMS 0x0000000084200000, 0x0000000084100000| Untracked 
|  66|0x0000000084200000, 0x0000000084300000, 0x0000000084300000|100%| O|  |TAMS 0x0000000084300000, 0x0000000084200000| Untracked 
|  67|0x0000000084300000, 0x0000000084400000, 0x0000000084400000|100%| O|  |TAMS 0x0000000084400000, 0x0000000084300000| Untracked 
|  68|0x0000000084400000, 0x0000000084500000, 0x0000000084500000|100%| O|  |TAMS 0x0000000084500000, 0x0000000084400000| Untracked 
|  69|0x0000000084500000, 0x0000000084600000, 0x0000000084600000|100%| O|  |TAMS 0x0000000084600000, 0x0000000084500000| Untracked 
|  70|0x0000000084600000, 0x0000000084700000, 0x0000000084700000|100%| O|  |TAMS 0x0000000084700000, 0x0000000084600000| Untracked 
|  71|0x0000000084700000, 0x0000000084800000, 0x0000000084800000|100%| O|  |TAMS 0x0000000084800000, 0x0000000084700000| Untracked 
|  72|0x0000000084800000, 0x0000000084900000, 0x0000000084900000|100%| O|  |TAMS 0x0000000084900000, 0x0000000084800000| Untracked 
|  73|0x0000000084900000, 0x0000000084a00000, 0x0000000084a00000|100%| O|  |TAMS 0x0000000084a00000, 0x0000000084900000| Untracked 
|  74|0x0000000084a00000, 0x0000000084b00000, 0x0000000084b00000|100%| O|  |TAMS 0x0000000084b00000, 0x0000000084a00000| Untracked 
|  75|0x0000000084b00000, 0x0000000084c00000, 0x0000000084c00000|100%| O|  |TAMS 0x0000000084c00000, 0x0000000084b00000| Untracked 
|  76|0x0000000084c00000, 0x0000000084d00000, 0x0000000084d00000|100%| O|  |TAMS 0x0000000084d00000, 0x0000000084c00000| Untracked 
|  77|0x0000000084d00000, 0x0000000084e00000, 0x0000000084e00000|100%| O|  |TAMS 0x0000000084e00000, 0x0000000084d00000| Untracked 
|  78|0x0000000084e00000, 0x0000000084f00000, 0x0000000084f00000|100%| O|  |TAMS 0x0000000084f00000, 0x0000000084e00000| Untracked 
|  79|0x0000000084f00000, 0x0000000085000000, 0x0000000085000000|100%| O|  |TAMS 0x0000000085000000, 0x0000000084f00000| Untracked 
|  80|0x0000000085000000, 0x0000000085100000, 0x0000000085100000|100%| O|  |TAMS 0x0000000085100000, 0x0000000085000000| Untracked 
|  81|0x0000000085100000, 0x0000000085200000, 0x0000000085200000|100%| O|  |TAMS 0x0000000085200000, 0x0000000085100000| Untracked 
|  82|0x0000000085200000, 0x0000000085300000, 0x0000000085300000|100%| O|  |TAMS 0x0000000085300000, 0x0000000085200000| Untracked 
|  83|0x0000000085300000, 0x0000000085400000, 0x0000000085400000|100%| O|  |TAMS 0x0000000085400000, 0x0000000085300000| Untracked 
|  84|0x0000000085400000, 0x0000000085500000, 0x0000000085500000|100%| O|  |TAMS 0x0000000085500000, 0x0000000085400000| Untracked 
|  85|0x0000000085500000, 0x0000000085600000, 0x0000000085600000|100%| O|  |TAMS 0x0000000085600000, 0x0000000085500000| Untracked 
|  86|0x0000000085600000, 0x0000000085700000, 0x0000000085700000|100%| O|  |TAMS 0x0000000085700000, 0x0000000085600000| Untracked 
|  87|0x0000000085700000, 0x0000000085800000, 0x0000000085800000|100%| O|  |TAMS 0x0000000085800000, 0x0000000085700000| Untracked 
|  88|0x0000000085800000, 0x0000000085900000, 0x0000000085900000|100%| O|  |TAMS 0x0000000085900000, 0x0000000085800000| Untracked 
|  89|0x0000000085900000, 0x0000000085a00000, 0x0000000085a00000|100%| O|  |TAMS 0x0000000085a00000, 0x0000000085900000| Untracked 
|  90|0x0000000085a00000, 0x0000000085b00000, 0x0000000085b00000|100%| O|  |TAMS 0x0000000085b00000, 0x0000000085a00000| Untracked 
|  91|0x0000000085b00000, 0x0000000085c00000, 0x0000000085c00000|100%| O|  |TAMS 0x0000000085c00000, 0x0000000085b00000| Untracked 
|  92|0x0000000085c00000, 0x0000000085d00000, 0x0000000085d00000|100%| O|  |TAMS 0x0000000085d00000, 0x0000000085c00000| Untracked 
|  93|0x0000000085d00000, 0x0000000085e00000, 0x0000000085e00000|100%| O|  |TAMS 0x0000000085e00000, 0x0000000085d00000| Untracked 
|  94|0x0000000085e00000, 0x0000000085f00000, 0x0000000085f00000|100%| O|  |TAMS 0x0000000085f00000, 0x0000000085e00000| Untracked 
|  95|0x0000000085f00000, 0x0000000086000000, 0x0000000086000000|100%| O|  |TAMS 0x0000000086000000, 0x0000000085f00000| Untracked 
|  96|0x0000000086000000, 0x0000000086000000, 0x0000000086100000|  0%| F|  |TAMS 0x0000000086000000, 0x0000000086000000| Untracked 
|  97|0x0000000086100000, 0x0000000086100000, 0x0000000086200000|  0%| F|  |TAMS 0x0000000086100000, 0x0000000086100000| Untracked 
|  98|0x0000000086200000, 0x0000000086200000, 0x0000000086300000|  0%| F|  |TAMS 0x0000000086200000, 0x0000000086200000| Untracked 
|  99|0x0000000086300000, 0x0000000086300000, 0x0000000086400000|  0%| F|  |TAMS 0x0000000086300000, 0x0000000086300000| Untracked 
| 100|0x0000000086400000, 0x0000000086400000, 0x0000000086500000|  0%| F|  |TAMS 0x0000000086400000, 0x0000000086400000| Untracked 
| 101|0x0000000086500000, 0x0000000086500000, 0x0000000086600000|  0%| F|  |TAMS 0x0000000086500000, 0x0000000086500000| Untracked 
| 102|0x0000000086600000, 0x0000000086600000, 0x0000000086700000|  0%| F|  |TAMS 0x0000000086600000, 0x0000000086600000| Untracked 
| 103|0x0000000086700000, 0x0000000086700000, 0x0000000086800000|  0%| F|  |TAMS 0x0000000086700000, 0x0000000086700000| Untracked 
| 104|0x0000000086800000, 0x0000000086800000, 0x0000000086900000|  0%| F|  |TAMS 0x0000000086800000, 0x0000000086800000| Untracked 
| 105|0x0000000086900000, 0x0000000086900000, 0x0000000086a00000|  0%| F|  |TAMS 0x0000000086900000, 0x0000000086900000| Untracked 
| 106|0x0000000086a00000, 0x0000000086a00000, 0x0000000086b00000|  0%| F|  |TAMS 0x0000000086a00000, 0x0000000086a00000| Untracked 
| 107|0x0000000086b00000, 0x0000000086b00000, 0x0000000086c00000|  0%| F|  |TAMS 0x0000000086b00000, 0x0000000086b00000| Untracked 
| 108|0x0000000086c00000, 0x0000000086c00000, 0x0000000086d00000|  0%| F|  |TAMS 0x0000000086c00000, 0x0000000086c00000| Untracked 
| 109|0x0000000086d00000, 0x0000000086d00000, 0x0000000086e00000|  0%| F|  |TAMS 0x0000000086d00000, 0x0000000086d00000| Untracked 
| 110|0x0000000086e00000, 0x0000000086e00000, 0x0000000086f00000|  0%| F|  |TAMS 0x0000000086e00000, 0x0000000086e00000| Untracked 
| 111|0x0000000086f00000, 0x0000000086f00000, 0x0000000087000000|  0%| F|  |TAMS 0x0000000086f00000, 0x0000000086f00000| Untracked 
| 112|0x0000000087000000, 0x0000000087000000, 0x0000000087100000|  0%| F|  |TAMS 0x0000000087000000, 0x0000000087000000| Untracked 
| 113|0x0000000087100000, 0x0000000087100000, 0x0000000087200000|  0%| F|  |TAMS 0x0000000087100000, 0x0000000087100000| Untracked 
| 114|0x0000000087200000, 0x0000000087200000, 0x0000000087300000|  0%| F|  |TAMS 0x0000000087200000, 0x0000000087200000| Untracked 
| 115|0x0000000087300000, 0x0000000087300000, 0x0000000087400000|  0%| F|  |TAMS 0x0000000087300000, 0x0000000087300000| Untracked 
| 116|0x0000000087400000, 0x0000000087400000, 0x0000000087500000|  0%| F|  |TAMS 0x0000000087400000, 0x0000000087400000| Untracked 
| 117|0x0000000087500000, 0x0000000087600000, 0x0000000087600000|100%| S|CS|TAMS 0x0000000087500000, 0x0000000087500000| Complete 
| 118|0x0000000087600000, 0x0000000087600000, 0x0000000087700000|  0%| F|  |TAMS 0x0000000087600000, 0x0000000087600000| Untracked 
| 119|0x0000000087700000, 0x0000000087700000, 0x0000000087800000|  0%| F|  |TAMS 0x0000000087700000, 0x0000000087700000| Untracked 
| 120|0x0000000087800000, 0x0000000087900000, 0x0000000087900000|100%| S|CS|TAMS 0x0000000087800000, 0x0000000087800000| Complete 
| 121|0x0000000087900000, 0x0000000087a00000, 0x0000000087a00000|100%| S|CS|TAMS 0x0000000087900000, 0x0000000087900000| Complete 
| 122|0x0000000087a00000, 0x0000000087b00000, 0x0000000087b00000|100%| S|CS|TAMS 0x0000000087a00000, 0x0000000087a00000| Complete 
| 123|0x0000000087b00000, 0x0000000087b00000, 0x0000000087c00000|  0%| F|  |TAMS 0x0000000087b00000, 0x0000000087b00000| Untracked 
| 124|0x0000000087c00000, 0x0000000087c00000, 0x0000000087d00000|  0%| F|  |TAMS 0x0000000087c00000, 0x0000000087c00000| Untracked 
| 125|0x0000000087d00000, 0x0000000087d00000, 0x0000000087e00000|  0%| F|  |TAMS 0x0000000087d00000, 0x0000000087d00000| Untracked 
| 126|0x0000000087e00000, 0x0000000087f00000, 0x0000000087f00000|100%| S|CS|TAMS 0x0000000087e00000, 0x0000000087e00000| Complete 
| 127|0x0000000087f00000, 0x0000000088000000, 0x0000000088000000|100%| S|CS|TAMS 0x0000000087f00000, 0x0000000087f00000| Complete 
| 128|0x0000000088000000, 0x0000000088100000, 0x0000000088100000|100%| S|CS|TAMS 0x0000000088000000, 0x0000000088000000| Complete 
| 129|0x0000000088100000, 0x0000000088200000, 0x0000000088200000|100%| S|CS|TAMS 0x0000000088100000, 0x0000000088100000| Complete 
| 130|0x0000000088200000, 0x0000000088200000, 0x0000000088300000|  0%| F|  |TAMS 0x0000000088200000, 0x0000000088200000| Untracked 
| 131|0x0000000088300000, 0x0000000088300000, 0x0000000088400000|  0%| F|  |TAMS 0x0000000088300000, 0x0000000088300000| Untracked 
| 132|0x0000000088400000, 0x0000000088400000, 0x0000000088500000|  0%| F|  |TAMS 0x0000000088400000, 0x0000000088400000| Untracked 
| 133|0x0000000088500000, 0x0000000088500000, 0x0000000088600000|  0%| F|  |TAMS 0x0000000088500000, 0x0000000088500000| Untracked 
| 134|0x0000000088600000, 0x0000000088600000, 0x0000000088700000|  0%| F|  |TAMS 0x0000000088600000, 0x0000000088600000| Untracked 
| 135|0x0000000088700000, 0x0000000088700000, 0x0000000088800000|  0%| F|  |TAMS 0x0000000088700000, 0x0000000088700000| Untracked 
| 136|0x0000000088800000, 0x0000000088800000, 0x0000000088900000|  0%| F|  |TAMS 0x0000000088800000, 0x0000000088800000| Untracked 
| 137|0x0000000088900000, 0x0000000088900000, 0x0000000088a00000|  0%| F|  |TAMS 0x0000000088900000, 0x0000000088900000| Untracked 
| 138|0x0000000088a00000, 0x0000000088a00000, 0x0000000088b00000|  0%| F|  |TAMS 0x0000000088a00000, 0x0000000088a00000| Untracked 
| 139|0x0000000088b00000, 0x0000000088b00000, 0x0000000088c00000|  0%| F|  |TAMS 0x0000000088b00000, 0x0000000088b00000| Untracked 
| 140|0x0000000088c00000, 0x0000000088c00000, 0x0000000088d00000|  0%| F|  |TAMS 0x0000000088c00000, 0x0000000088c00000| Untracked 
| 141|0x0000000088d00000, 0x0000000088d00000, 0x0000000088e00000|  0%| F|  |TAMS 0x0000000088d00000, 0x0000000088d00000| Untracked 
| 142|0x0000000088e00000, 0x0000000088e00000, 0x0000000088f00000|  0%| F|  |TAMS 0x0000000088e00000, 0x0000000088e00000| Untracked 
| 143|0x0000000088f00000, 0x0000000088f00000, 0x0000000089000000|  0%| F|  |TAMS 0x0000000088f00000, 0x0000000088f00000| Untracked 
| 144|0x0000000089000000, 0x0000000089000000, 0x0000000089100000|  0%| F|  |TAMS 0x0000000089000000, 0x0000000089000000| Untracked 
| 145|0x0000000089100000, 0x0000000089100000, 0x0000000089200000|  0%| F|  |TAMS 0x0000000089100000, 0x0000000089100000| Untracked 
| 146|0x0000000089200000, 0x0000000089200000, 0x0000000089300000|  0%| F|  |TAMS 0x0000000089200000, 0x0000000089200000| Untracked 
| 147|0x0000000089300000, 0x0000000089300000, 0x0000000089400000|  0%| F|  |TAMS 0x0000000089300000, 0x0000000089300000| Untracked 
| 148|0x0000000089400000, 0x0000000089400000, 0x0000000089500000|  0%| F|  |TAMS 0x0000000089400000, 0x0000000089400000| Untracked 
| 149|0x0000000089500000, 0x0000000089500000, 0x0000000089600000|  0%| F|  |TAMS 0x0000000089500000, 0x0000000089500000| Untracked 
| 150|0x0000000089600000, 0x0000000089600000, 0x0000000089700000|  0%| F|  |TAMS 0x0000000089600000, 0x0000000089600000| Untracked 
| 151|0x0000000089700000, 0x0000000089700000, 0x0000000089800000|  0%| F|  |TAMS 0x0000000089700000, 0x0000000089700000| Untracked 
| 152|0x0000000089800000, 0x0000000089800000, 0x0000000089900000|  0%| F|  |TAMS 0x0000000089800000, 0x0000000089800000| Untracked 
| 153|0x0000000089900000, 0x0000000089900000, 0x0000000089a00000|  0%| F|  |TAMS 0x0000000089900000, 0x0000000089900000| Untracked 
| 154|0x0000000089a00000, 0x0000000089a00000, 0x0000000089b00000|  0%| F|  |TAMS 0x0000000089a00000, 0x0000000089a00000| Untracked 
| 155|0x0000000089b00000, 0x0000000089b00000, 0x0000000089c00000|  0%| F|  |TAMS 0x0000000089b00000, 0x0000000089b00000| Untracked 
| 156|0x0000000089c00000, 0x0000000089c00000, 0x0000000089d00000|  0%| F|  |TAMS 0x0000000089c00000, 0x0000000089c00000| Untracked 
| 157|0x0000000089d00000, 0x0000000089d00000, 0x0000000089e00000|  0%| F|  |TAMS 0x0000000089d00000, 0x0000000089d00000| Untracked 
| 158|0x0000000089e00000, 0x0000000089e00000, 0x0000000089f00000|  0%| F|  |TAMS 0x0000000089e00000, 0x0000000089e00000| Untracked 
| 159|0x0000000089f00000, 0x0000000089f00000, 0x000000008a000000|  0%| F|  |TAMS 0x0000000089f00000, 0x0000000089f00000| Untracked 
| 160|0x000000008a000000, 0x000000008a000000, 0x000000008a100000|  0%| F|  |TAMS 0x000000008a000000, 0x000000008a000000| Untracked 
| 161|0x000000008a100000, 0x000000008a100000, 0x000000008a200000|  0%| F|  |TAMS 0x000000008a100000, 0x000000008a100000| Untracked 
| 162|0x000000008a200000, 0x000000008a200000, 0x000000008a300000|  0%| F|  |TAMS 0x000000008a200000, 0x000000008a200000| Untracked 
| 163|0x000000008a300000, 0x000000008a300000, 0x000000008a400000|  0%| F|  |TAMS 0x000000008a300000, 0x000000008a300000| Untracked 
| 164|0x000000008a400000, 0x000000008a400000, 0x000000008a500000|  0%| F|  |TAMS 0x000000008a400000, 0x000000008a400000| Untracked 
| 165|0x000000008a500000, 0x000000008a500000, 0x000000008a600000|  0%| F|  |TAMS 0x000000008a500000, 0x000000008a500000| Untracked 
| 166|0x000000008a600000, 0x000000008a600000, 0x000000008a700000|  0%| F|  |TAMS 0x000000008a600000, 0x000000008a600000| Untracked 
| 167|0x000000008a700000, 0x000000008a700000, 0x000000008a800000|  0%| F|  |TAMS 0x000000008a700000, 0x000000008a700000| Untracked 
| 168|0x000000008a800000, 0x000000008a800000, 0x000000008a900000|  0%| F|  |TAMS 0x000000008a800000, 0x000000008a800000| Untracked 
| 169|0x000000008a900000, 0x000000008a900000, 0x000000008aa00000|  0%| F|  |TAMS 0x000000008a900000, 0x000000008a900000| Untracked 
| 170|0x000000008aa00000, 0x000000008aa00000, 0x000000008ab00000|  0%| F|  |TAMS 0x000000008aa00000, 0x000000008aa00000| Untracked 
| 171|0x000000008ab00000, 0x000000008ab00000, 0x000000008ac00000|  0%| F|  |TAMS 0x000000008ab00000, 0x000000008ab00000| Untracked 
| 172|0x000000008ac00000, 0x000000008ac00000, 0x000000008ad00000|  0%| F|  |TAMS 0x000000008ac00000, 0x000000008ac00000| Untracked 
| 173|0x000000008ad00000, 0x000000008ad00000, 0x000000008ae00000|  0%| F|  |TAMS 0x000000008ad00000, 0x000000008ad00000| Untracked 
| 174|0x000000008ae00000, 0x000000008ae00000, 0x000000008af00000|  0%| F|  |TAMS 0x000000008ae00000, 0x000000008ae00000| Untracked 
| 175|0x000000008af00000, 0x000000008af00000, 0x000000008b000000|  0%| F|  |TAMS 0x000000008af00000, 0x000000008af00000| Untracked 
| 176|0x000000008b000000, 0x000000008b000000, 0x000000008b100000|  0%| F|  |TAMS 0x000000008b000000, 0x000000008b000000| Untracked 
| 177|0x000000008b100000, 0x000000008b100000, 0x000000008b200000|  0%| F|  |TAMS 0x000000008b100000, 0x000000008b100000| Untracked 
| 178|0x000000008b200000, 0x000000008b200000, 0x000000008b300000|  0%| F|  |TAMS 0x000000008b200000, 0x000000008b200000| Untracked 
| 179|0x000000008b300000, 0x000000008b300000, 0x000000008b400000|  0%| F|  |TAMS 0x000000008b300000, 0x000000008b300000| Untracked 
| 180|0x000000008b400000, 0x000000008b400000, 0x000000008b500000|  0%| F|  |TAMS 0x000000008b400000, 0x000000008b400000| Untracked 
| 181|0x000000008b500000, 0x000000008b500000, 0x000000008b600000|  0%| F|  |TAMS 0x000000008b500000, 0x000000008b500000| Untracked 
| 182|0x000000008b600000, 0x000000008b600000, 0x000000008b700000|  0%| F|  |TAMS 0x000000008b600000, 0x000000008b600000| Untracked 
| 183|0x000000008b700000, 0x000000008b700000, 0x000000008b800000|  0%| F|  |TAMS 0x000000008b700000, 0x000000008b700000| Untracked 
| 184|0x000000008b800000, 0x000000008b800000, 0x000000008b900000|  0%| F|  |TAMS 0x000000008b800000, 0x000000008b800000| Untracked 
| 185|0x000000008b900000, 0x000000008b900000, 0x000000008ba00000|  0%| F|  |TAMS 0x000000008b900000, 0x000000008b900000| Untracked 
| 186|0x000000008ba00000, 0x000000008ba00000, 0x000000008bb00000|  0%| F|  |TAMS 0x000000008ba00000, 0x000000008ba00000| Untracked 
| 187|0x000000008bb00000, 0x000000008bb00000, 0x000000008bc00000|  0%| F|  |TAMS 0x000000008bb00000, 0x000000008bb00000| Untracked 
| 188|0x000000008bc00000, 0x000000008bc00000, 0x000000008bd00000|  0%| F|  |TAMS 0x000000008bc00000, 0x000000008bc00000| Untracked 
| 189|0x000000008bd00000, 0x000000008bdaeff8, 0x000000008be00000| 68%| E|  |TAMS 0x000000008bd00000, 0x000000008bd00000| Complete 
| 190|0x000000008be00000, 0x000000008bf00000, 0x000000008bf00000|100%| E|CS|TAMS 0x000000008be00000, 0x000000008be00000| Complete 
| 191|0x000000008bf00000, 0x000000008c000000, 0x000000008c000000|100%| E|CS|TAMS 0x000000008bf00000, 0x000000008bf00000| Complete 
| 192|0x000000008c000000, 0x000000008c100000, 0x000000008c100000|100%| E|CS|TAMS 0x000000008c000000, 0x000000008c000000| Complete 
| 193|0x000000008c100000, 0x000000008c200000, 0x000000008c200000|100%| E|CS|TAMS 0x000000008c100000, 0x000000008c100000| Complete 
| 194|0x000000008c200000, 0x000000008c300000, 0x000000008c300000|100%| E|CS|TAMS 0x000000008c200000, 0x000000008c200000| Complete 
| 195|0x000000008c300000, 0x000000008c400000, 0x000000008c400000|100%| E|CS|TAMS 0x000000008c300000, 0x000000008c300000| Complete 
| 196|0x000000008c400000, 0x000000008c500000, 0x000000008c500000|100%| E|CS|TAMS 0x000000008c400000, 0x000000008c400000| Complete 
| 197|0x000000008c500000, 0x000000008c600000, 0x000000008c600000|100%| E|CS|TAMS 0x000000008c500000, 0x000000008c500000| Complete 
| 198|0x000000008c600000, 0x000000008c700000, 0x000000008c700000|100%| E|CS|TAMS 0x000000008c600000, 0x000000008c600000| Complete 
| 199|0x000000008c700000, 0x000000008c800000, 0x000000008c800000|100%| E|CS|TAMS 0x000000008c700000, 0x000000008c700000| Complete 
| 200|0x000000008c800000, 0x000000008c900000, 0x000000008c900000|100%| E|CS|TAMS 0x000000008c800000, 0x000000008c800000| Complete 
| 201|0x000000008c900000, 0x000000008ca00000, 0x000000008ca00000|100%| E|CS|TAMS 0x000000008c900000, 0x000000008c900000| Complete 
| 202|0x000000008ca00000, 0x000000008cb00000, 0x000000008cb00000|100%| E|CS|TAMS 0x000000008ca00000, 0x000000008ca00000| Complete 
| 203|0x000000008cb00000, 0x000000008cc00000, 0x000000008cc00000|100%| E|CS|TAMS 0x000000008cb00000, 0x000000008cb00000| Complete 
| 204|0x000000008cc00000, 0x000000008cd00000, 0x000000008cd00000|100%| E|CS|TAMS 0x000000008cc00000, 0x000000008cc00000| Complete 
| 205|0x000000008cd00000, 0x000000008ce00000, 0x000000008ce00000|100%| E|CS|TAMS 0x000000008cd00000, 0x000000008cd00000| Complete 
| 206|0x000000008ce00000, 0x000000008cf00000, 0x000000008cf00000|100%| E|CS|TAMS 0x000000008ce00000, 0x000000008ce00000| Complete 
| 207|0x000000008cf00000, 0x000000008d000000, 0x000000008d000000|100%| E|CS|TAMS 0x000000008cf00000, 0x000000008cf00000| Complete 
| 208|0x000000008d000000, 0x000000008d100000, 0x000000008d100000|100%| E|CS|TAMS 0x000000008d000000, 0x000000008d000000| Complete 
| 209|0x000000008d100000, 0x000000008d200000, 0x000000008d200000|100%| E|CS|TAMS 0x000000008d100000, 0x000000008d100000| Complete 
| 210|0x000000008d200000, 0x000000008d300000, 0x000000008d300000|100%| E|CS|TAMS 0x000000008d200000, 0x000000008d200000| Complete 
| 211|0x000000008d300000, 0x000000008d400000, 0x000000008d400000|100%| E|CS|TAMS 0x000000008d300000, 0x000000008d300000| Complete 
| 212|0x000000008d400000, 0x000000008d500000, 0x000000008d500000|100%| E|CS|TAMS 0x000000008d400000, 0x000000008d400000| Complete 
| 213|0x000000008d500000, 0x000000008d600000, 0x000000008d600000|100%| E|CS|TAMS 0x000000008d500000, 0x000000008d500000| Complete 
| 214|0x000000008d600000, 0x000000008d700000, 0x000000008d700000|100%| E|CS|TAMS 0x000000008d600000, 0x000000008d600000| Complete 
| 215|0x000000008d700000, 0x000000008d800000, 0x000000008d800000|100%| E|CS|TAMS 0x000000008d700000, 0x000000008d700000| Complete 
| 216|0x000000008d800000, 0x000000008d900000, 0x000000008d900000|100%| E|CS|TAMS 0x000000008d800000, 0x000000008d800000| Complete 
| 217|0x000000008d900000, 0x000000008da00000, 0x000000008da00000|100%| E|CS|TAMS 0x000000008d900000, 0x000000008d900000| Complete 
| 218|0x000000008da00000, 0x000000008db00000, 0x000000008db00000|100%| E|CS|TAMS 0x000000008da00000, 0x000000008da00000| Complete 
| 219|0x000000008db00000, 0x000000008dc00000, 0x000000008dc00000|100%| E|CS|TAMS 0x000000008db00000, 0x000000008db00000| Complete 
| 220|0x000000008dc00000, 0x000000008dd00000, 0x000000008dd00000|100%| E|CS|TAMS 0x000000008dc00000, 0x000000008dc00000| Complete 
| 221|0x000000008dd00000, 0x000000008de00000, 0x000000008de00000|100%| E|CS|TAMS 0x000000008dd00000, 0x000000008dd00000| Complete 
| 222|0x000000008de00000, 0x000000008df00000, 0x000000008df00000|100%| E|CS|TAMS 0x000000008de00000, 0x000000008de00000| Complete 
| 223|0x000000008df00000, 0x000000008e000000, 0x000000008e000000|100%| E|CS|TAMS 0x000000008df00000, 0x000000008df00000| Complete 
| 224|0x000000008e000000, 0x000000008e100000, 0x000000008e100000|100%| E|CS|TAMS 0x000000008e000000, 0x000000008e000000| Complete 
| 225|0x000000008e100000, 0x000000008e200000, 0x000000008e200000|100%| E|CS|TAMS 0x000000008e100000, 0x000000008e100000| Complete 

Card table byte_map: [0x0000023b138a0000,0x0000023b13ca0000] _byte_map_base: 0x0000023b134a0000

Marking Bits (Prev, Next): (CMBitMap*) 0x0000023b7da4e9d0, (CMBitMap*) 0x0000023b7da4e998
 Prev Bits: [0x0000023b160a0000, 0x0000023b180a0000)
 Next Bits: [0x0000023b140a0000, 0x0000023b160a0000)

Polling page: 0x0000023b00000000

Metaspace:

Usage:
  Non-class:     85.99 MB capacity,    84.38 MB ( 98%) used,     1.34 MB (  2%) free+waste,   279.00 KB ( <1%) overhead. 
      Class:     13.19 MB capacity,    12.33 MB ( 93%) used,   761.51 KB (  6%) free+waste,   124.63 KB ( <1%) overhead. 
       Both:     99.18 MB capacity,    96.70 MB ( 98%) used,     2.08 MB (  2%) free+waste,   403.63 KB ( <1%) overhead. 

Virtual space:
  Non-class space:       86.00 MB reserved,      86.00 MB (100%) committed 
      Class space:        1.00 GB reserved,      13.20 MB (  1%) committed 
             Both:        1.08 GB reserved,      99.20 MB (  9%) committed 

Chunk freelists:
   Non-Class:  14.00 KB
       Class:  0 bytes
        Both:  14.00 KB

MaxMetaspaceSize: 17179869184.00 GB
CompressedClassSpaceSize: 1.00 GB

CodeHeap 'non-profiled nmethods': size=120000Kb used=5734Kb max_used=5734Kb free=114265Kb
 bounds [0x0000023b0b500000, 0x0000023b0baa0000, 0x0000023b12a30000]
CodeHeap 'profiled nmethods': size=120000Kb used=26386Kb max_used=26386Kb free=93613Kb
 bounds [0x0000023b03fd0000, 0x0000023b059a0000, 0x0000023b0b500000]
CodeHeap 'non-nmethods': size=5760Kb used=2324Kb max_used=2358Kb free=3435Kb
 bounds [0x0000023b03a30000, 0x0000023b03ca0000, 0x0000023b03fd0000]
 total_blobs=13678 nmethods=12732 adapters=857
 compilation: enabled
              stopped_count=0, restarted_count=0
 full_count=0

Compilation events (20 events):
Event: 57.001 Thread 0x0000023b1b4df800 nmethod 13163 0x0000023b0ba97890 code [0x0000023b0ba97a40, 0x0000023b0ba97af8]
Event: 57.012 Thread 0x0000023b1b4de800 nmethod 13158 0x0000023b0ba97b90 code [0x0000023b0ba97d60, 0x0000023b0ba98358]
Event: 57.012 Thread 0x0000023b1b4de800 13164       4       org.gradle.internal.snapshot.VfsRelativePath::of (14 bytes)
Event: 57.018 Thread 0x0000023b1b4de800 nmethod 13164 0x0000023b0ba98690 code [0x0000023b0ba98840, 0x0000023b0ba98c38]
Event: 57.018 Thread 0x0000023b1b4de800 13165       4       org.gradle.internal.snapshot.ChildMap$Entry::handlePath (135 bytes)
Event: 57.024 Thread 0x0000023b1b4df800 13168       3       org.gradle.execution.plan.ValuedVfsHierarchy::access$000 (5 bytes)
Event: 57.025 Thread 0x0000023b1b4df800 nmethod 13168 0x0000023b05972410 code [0x0000023b059725c0, 0x0000023b059726b8]
Event: 57.025 Thread 0x0000023b1b4df800 13169       1       org.gradle.execution.plan.ValuedVfsHierarchy::getChildren (5 bytes)
Event: 57.026 Thread 0x0000023b1b4df800 nmethod 13169 0x0000023b0ba98f90 code [0x0000023b0ba99140, 0x0000023b0ba991f8]
Event: 57.042 Thread 0x0000023b1b4df800 13171       1       org.gradle.api.internal.tasks.properties.DefaultTaskProperties::getInputFileProperties (5 bytes)
Event: 57.042 Thread 0x0000023b1b4df800 nmethod 13171 0x0000023b0ba99290 code [0x0000023b0ba99440, 0x0000023b0ba994f8]
Event: 57.050 Thread 0x0000023b1b4df800 13172       1       com.google.common.cache.LocalCache$WeakValueReference::isLoading (2 bytes)
Event: 57.051 Thread 0x0000023b1b4df800 nmethod 13172 0x0000023b0ba99590 code [0x0000023b0ba99740, 0x0000023b0ba997f8]
Event: 57.092 Thread 0x0000023b1b4df800 13175       3       com.esotericsoftware.kryo.io.Output::writeByte (36 bytes)
Event: 57.092 Thread 0x0000023b1b4df800 nmethod 13175 0x0000023b05972790 code [0x0000023b05972960, 0x0000023b05972b28]
Event: 57.131 Thread 0x0000023b1b4df800 13176 %     3       org.objectweb.asm.ClassWriter::toByteArray @ 824 (1535 bytes)
Event: 57.141 Thread 0x0000023b1b4df800 nmethod 13176% 0x0000023b05972c10 code [0x0000023b05973540, 0x0000023b05977738]
Event: 57.141 Thread 0x0000023b1b4df800 13177       2       org.objectweb.asm.SymbolTable::computeBootstrapMethodsSize (27 bytes)
Event: 57.142 Thread 0x0000023b1b4df800 nmethod 13177 0x0000023b05979810 code [0x0000023b059799c0, 0x0000023b05979b28]
Event: 57.142 Thread 0x0000023b1b4df800 13186 %     3       org.objectweb.asm.ClassWriter::toByteArray @ 17 (1535 bytes)

GC Heap History (20 events):
Event: 19.470 GC heap before
{Heap before GC invocations=50 (full 0):
 garbage-first heap   total 159744K, used 127080K [0x0000000080000000, 0x0000000100000000)
  region size 1024K, 47 young (48128K), 4 survivors (4096K)
 Metaspace       used 86630K, capacity 88965K, committed 89036K, reserved 1126400K
  class space    used 11128K, capacity 11942K, committed 11980K, reserved 1048576K
}
Event: 19.478 GC heap after
{Heap after GC invocations=51 (full 0):
 garbage-first heap   total 159744K, used 86407K [0x0000000080000000, 0x0000000100000000)
  region size 1024K, 6 young (6144K), 6 survivors (6144K)
 Metaspace       used 86630K, capacity 88965K, committed 89036K, reserved 1126400K
  class space    used 11128K, capacity 11942K, committed 11980K, reserved 1048576K
}
Event: 20.341 GC heap before
{Heap before GC invocations=51 (full 0):
 garbage-first heap   total 159744K, used 129415K [0x0000000080000000, 0x0000000100000000)
  region size 1024K, 49 young (50176K), 6 survivors (6144K)
 Metaspace       used 88038K, capacity 90374K, committed 90572K, reserved 1128448K
  class space    used 11279K, capacity 12104K, committed 12236K, reserved 1048576K
}
Event: 20.352 GC heap after
{Heap after GC invocations=52 (full 0):
 garbage-first heap   total 192512K, used 88587K [0x0000000080000000, 0x0000000100000000)
  region size 1024K, 5 young (5120K), 5 survivors (5120K)
 Metaspace       used 88038K, capacity 90374K, committed 90572K, reserved 1128448K
  class space    used 11279K, capacity 12104K, committed 12236K, reserved 1048576K
}
Event: 21.306 GC heap before
{Heap before GC invocations=53 (full 0):
 garbage-first heap   total 192512K, used 142859K [0x0000000080000000, 0x0000000100000000)
  region size 1024K, 59 young (60416K), 5 survivors (5120K)
 Metaspace       used 91426K, capacity 93561K, committed 94028K, reserved 1130496K
  class space    used 11668K, capacity 12451K, committed 12620K, reserved 1048576K
}
Event: 21.314 GC heap after
{Heap after GC invocations=54 (full 0):
 garbage-first heap   total 192512K, used 90622K [0x0000000080000000, 0x0000000100000000)
  region size 1024K, 5 young (5120K), 5 survivors (5120K)
 Metaspace       used 91426K, capacity 93561K, committed 94028K, reserved 1130496K
  class space    used 11668K, capacity 12451K, committed 12620K, reserved 1048576K
}
Event: 21.801 GC heap before
{Heap before GC invocations=54 (full 0):
 garbage-first heap   total 192512K, used 147966K [0x0000000080000000, 0x0000000100000000)
  region size 1024K, 62 young (63488K), 5 survivors (5120K)
 Metaspace       used 91874K, capacity 94039K, committed 94540K, reserved 1130496K
  class space    used 11731K, capacity 12460K, committed 12620K, reserved 1048576K
}
Event: 21.812 GC heap after
{Heap after GC invocations=55 (full 0):
 garbage-first heap   total 192512K, used 93201K [0x0000000080000000, 0x0000000100000000)
  region size 1024K, 7 young (7168K), 7 survivors (7168K)
 Metaspace       used 91874K, capacity 94039K, committed 94540K, reserved 1130496K
  class space    used 11731K, capacity 12460K, committed 12620K, reserved 1048576K
}
Event: 22.426 GC heap before
{Heap before GC invocations=56 (full 0):
 garbage-first heap   total 192512K, used 158737K [0x0000000080000000, 0x0000000100000000)
  region size 1024K, 70 young (71680K), 7 survivors (7168K)
 Metaspace       used 92154K, capacity 94278K, committed 94924K, reserved 1132544K
  class space    used 11753K, capacity 12495K, committed 12748K, reserved 1048576K
}
Event: 22.437 GC heap after
{Heap after GC invocations=57 (full 0):
 garbage-first heap   total 192512K, used 95197K [0x0000000080000000, 0x0000000100000000)
  region size 1024K, 4 young (4096K), 4 survivors (4096K)
 Metaspace       used 92154K, capacity 94278K, committed 94924K, reserved 1132544K
  class space    used 11753K, capacity 12495K, committed 12748K, reserved 1048576K
}
Event: 22.994 GC heap before
{Heap before GC invocations=57 (full 0):
 garbage-first heap   total 192512K, used 159709K [0x0000000080000000, 0x0000000100000000)
  region size 1024K, 67 young (68608K), 4 survivors (4096K)
 Metaspace       used 92170K, capacity 94342K, committed 94924K, reserved 1132544K
  class space    used 11753K, capacity 12495K, committed 12748K, reserved 1048576K
}
Event: 22.998 GC heap after
{Heap after GC invocations=58 (full 0):
 garbage-first heap   total 192512K, used 95417K [0x0000000080000000, 0x0000000100000000)
  region size 1024K, 5 young (5120K), 5 survivors (5120K)
 Metaspace       used 92170K, capacity 94342K, committed 94924K, reserved 1132544K
  class space    used 11753K, capacity 12495K, committed 12748K, reserved 1048576K
}
Event: 23.490 GC heap before
{Heap before GC invocations=59 (full 0):
 garbage-first heap   total 192512K, used 158905K [0x0000000080000000, 0x0000000100000000)
  region size 1024K, 68 young (69632K), 5 survivors (5120K)
 Metaspace       used 92193K, capacity 94342K, committed 94924K, reserved 1132544K
  class space    used 11753K, capacity 12495K, committed 12748K, reserved 1048576K
}
Event: 23.495 GC heap after
{Heap after GC invocations=60 (full 0):
 garbage-first heap   total 192512K, used 94151K [0x0000000080000000, 0x0000000100000000)
  region size 1024K, 4 young (4096K), 4 survivors (4096K)
 Metaspace       used 92193K, capacity 94342K, committed 94924K, reserved 1132544K
  class space    used 11753K, capacity 12495K, committed 12748K, reserved 1048576K
}
Event: 29.588 GC heap before
{Heap before GC invocations=60 (full 0):
 garbage-first heap   total 192512K, used 159687K [0x0000000080000000, 0x0000000100000000)
  region size 1024K, 69 young (70656K), 4 survivors (4096K)
 Metaspace       used 93687K, capacity 95990K, committed 96332K, reserved 1132544K
  class space    used 11920K, capacity 12732K, committed 12876K, reserved 1048576K
}
Event: 29.602 GC heap after
{Heap after GC invocations=61 (full 0):
 garbage-first heap   total 192512K, used 99021K [0x0000000080000000, 0x0000000100000000)
  region size 1024K, 9 young (9216K), 9 survivors (9216K)
 Metaspace       used 93687K, capacity 95990K, committed 96332K, reserved 1132544K
  class space    used 11920K, capacity 12732K, committed 12876K, reserved 1048576K
}
Event: 29.962 GC heap before
{Heap before GC invocations=62 (full 0):
 garbage-first heap   total 192512K, used 161485K [0x0000000080000000, 0x0000000100000000)
  region size 1024K, 71 young (72704K), 9 survivors (9216K)
 Metaspace       used 94352K, capacity 96639K, committed 96972K, reserved 1132544K
  class space    used 11996K, capacity 12799K, committed 13004K, reserved 1048576K
}
Event: 29.985 GC heap after
{Heap after GC invocations=63 (full 0):
 garbage-first heap   total 192512K, used 101935K [0x0000000080000000, 0x0000000100000000)
  region size 1024K, 5 young (5120K), 5 survivors (5120K)
 Metaspace       used 94352K, capacity 96639K, committed 96972K, reserved 1132544K
  class space    used 11996K, capacity 12799K, committed 13004K, reserved 1048576K
}
Event: 32.544 GC heap before
{Heap before GC invocations=63 (full 0):
 garbage-first heap   total 192512K, used 160303K [0x0000000080000000, 0x0000000100000000)
  region size 1024K, 63 young (64512K), 5 survivors (5120K)
 Metaspace       used 98106K, capacity 100434K, committed 100684K, reserved 1136640K
  class space    used 12472K, capacity 13284K, committed 13388K, reserved 1048576K
}
Event: 32.557 GC heap after
{Heap after GC invocations=64 (full 0):
 garbage-first heap   total 231424K, used 106496K [0x0000000080000000, 0x0000000100000000)
  region size 1024K, 8 young (8192K), 8 survivors (8192K)
 Metaspace       used 98106K, capacity 100434K, committed 100684K, reserved 1136640K
  class space    used 12472K, capacity 13284K, committed 13388K, reserved 1048576K
}

Deoptimization events (20 events):
Event: 32.705 Thread 0x0000023b1f55d800 DEOPT PACKING pc=0x0000023b052bf54b sp=0x000000e38e7f8450
Event: 32.705 Thread 0x0000023b1f55d800 DEOPT UNPACKING pc=0x0000023b03a576ce sp=0x000000e38e7f7910 mode 0
Event: 32.706 Thread 0x0000023b1f55d800 DEOPT PACKING pc=0x0000023b052bf54b sp=0x000000e38e7f8320
Event: 32.706 Thread 0x0000023b1f55d800 DEOPT UNPACKING pc=0x0000023b03a576ce sp=0x000000e38e7f77e0 mode 0
Event: 32.727 Thread 0x0000023b1f55d800 DEOPT PACKING pc=0x0000023b052bf54b sp=0x000000e38e7f9640
Event: 32.727 Thread 0x0000023b1f55d800 DEOPT UNPACKING pc=0x0000023b03a576ce sp=0x000000e38e7f8b00 mode 0
Event: 32.801 Thread 0x0000023b1b872800 Uncommon trap: trap_request=0xffffffde fr.pc=0x0000023b0b7dee7c relative=0x00000000000000bc
Event: 32.801 Thread 0x0000023b1b872800 Uncommon trap: reason=class_check action=maybe_recompile pc=0x0000023b0b7dee7c method=java.lang.ThreadLocal.set(Ljava/lang/Object;)V @ 26 c2
Event: 32.801 Thread 0x0000023b1b872800 DEOPT PACKING pc=0x0000023b0b7dee7c sp=0x000000e38f9fd580
Event: 32.801 Thread 0x0000023b1b872800 DEOPT UNPACKING pc=0x0000023b03a578af sp=0x000000e38f9fd510 mode 2
Event: 35.035 Thread 0x0000023b1d70a000 DEOPT PACKING pc=0x0000023b059010c4 sp=0x000000e38cafec40
Event: 35.035 Thread 0x0000023b1d70a000 DEOPT UNPACKING pc=0x0000023b03a576ce sp=0x000000e38cafe1e0 mode 0
Event: 35.051 Thread 0x0000023b1d70a000 DEOPT PACKING pc=0x0000023b059010c4 sp=0x000000e38cafec40
Event: 35.051 Thread 0x0000023b1d70a000 DEOPT UNPACKING pc=0x0000023b03a576ce sp=0x000000e38cafe1e0 mode 0
Event: 55.378 Thread 0x0000023b1d70a000 DEOPT PACKING pc=0x0000023b059010c4 sp=0x000000e38cafec40
Event: 55.378 Thread 0x0000023b1d70a000 DEOPT UNPACKING pc=0x0000023b03a576ce sp=0x000000e38cafe1e0 mode 0
Event: 55.680 Thread 0x0000023b1b872800 Uncommon trap: trap_request=0xffffff7e fr.pc=0x0000023b0ba73aec relative=0x00000000000007ac
Event: 55.681 Thread 0x0000023b1b872800 Uncommon trap: reason=predicate action=maybe_recompile pc=0x0000023b0ba73aec method=java.util.ComparableTimSort.binarySort([Ljava/lang/Object;III)V @ 34 c2
Event: 55.681 Thread 0x0000023b1b872800 DEOPT PACKING pc=0x0000023b0ba73aec sp=0x000000e38f9f96e0
Event: 55.681 Thread 0x0000023b1b872800 DEOPT UNPACKING pc=0x0000023b03a578af sp=0x000000e38f9f9688 mode 2

Classes redefined (0 events):
No events

Internal exceptions (20 events):
Event: 30.348 Thread 0x0000023b1f55d800 Implicit null exception at 0x0000023b0b7db9ac to 0x0000023b0b7db9eb
Event: 32.565 Thread 0x0000023b1f55d800 Exception <a 'java/lang/NoSuchMethodError'{0x000000008e14a948}: <clinit>> (0x000000008e14a948) thrown at [./src/hotspot/share/prims/jni.cpp, line 1362]
Event: 32.566 Thread 0x0000023b1f55d800 Exception <a 'java/lang/NoSuchMethodError'{0x000000008e15c710}: <clinit>> (0x000000008e15c710) thrown at [./src/hotspot/share/prims/jni.cpp, line 1362]
Event: 32.587 Thread 0x0000023b1f55d800 Exception <a 'java/lang/NoSuchMethodError'{0x000000008e1f5a98}: 'java.lang.Object java.lang.invoke.DirectMethodHandle$Holder.invokeSpecial(java.lang.Object, java.lang.Object, int, int, java.lang.Object, int, java.lang.Object, java.lang.Object)'> (0x000000008e1f5a98) thrown at [./src/hotspot/share/interpreter/linkResolver.cpp, line 773]
Event: 32.588 Thread 0x0000023b1f55d800 Exception <a 'java/lang/NoSuchMethodError'{0x000000008e1f9e20}: 'java.lang.Object java.lang.invoke.DelegatingMethodHandle$Holder.reinvoke_L(java.lang.Object, int, int, java.lang.Object, int, java.lang.Object, java.lang.Object)'> (0x000000008e1f9e20) thrown at [./src/hotspot/share/interpreter/linkResolver.cpp, line 773]
Event: 32.591 Thread 0x0000023b1f55d800 Exception <a 'java/lang/NoSuchMethodError'{0x000000008e0266a0}: 'java.lang.Object java.lang.invoke.DirectMethodHandle$Holder.invokeStatic(java.lang.Object, java.lang.Object, java.lang.Object, java.lang.Object, java.lang.Object, java.lang.Object, java.lang.Object, java.lang.Object, int)'> (0x000000008e0266a0) thrown at [./src/hotspot/share/interpreter/linkResolver.cpp, line 773]
Event: 32.592 Thread 0x0000023b1f55d800 Exception <a 'java/lang/NoSuchMethodError'{0x000000008e041940}: 'java.lang.Object java.lang.invoke.DirectMethodHandle$Holder.invokeStatic(java.lang.Object, java.lang.Object, java.lang.Object, java.lang.Object, java.lang.Object, java.lang.Object, java.lang.Object, java.lang.Object, int, int)'> (0x000000008e041940) thrown at [./src/hotspot/share/interpreter/linkResolver.cpp, line 773]
Event: 32.594 Thread 0x0000023b1f55d800 Exception <a 'java/lang/NoSuchMethodError'{0x000000008e05dae0}: 'java.lang.Object java.lang.invoke.DirectMethodHandle$Holder.invokeStatic(java.lang.Object, java.lang.Object, java.lang.Object, java.lang.Object, java.lang.Object, java.lang.Object, java.lang.Object, java.lang.Object, int, int, java.lang.Object)'> (0x000000008e05dae0) thrown at [./src/hotspot/share/interpreter/linkResolver.cpp, line 773]
Event: 32.596 Thread 0x0000023b1f55d800 Exception <a 'java/lang/NoSuchMethodError'{0x000000008e07b058}: 'java.lang.Object java.lang.invoke.DirectMethodHandle$Holder.invokeStatic(java.lang.Object, java.lang.Object, java.lang.Object, java.lang.Object, java.lang.Object, java.lang.Object, java.lang.Object, java.lang.Object, int, int, java.lang.Object, java.lang.Object)'> (0x000000008e07b058) thrown at [./src/hotspot/share/interpreter/linkResolver.cpp, line 773]
Event: 32.605 Thread 0x0000023b1f55d800 Exception <a 'java/lang/NoSuchMethodError'{0x000000008e0adec0}: <clinit>> (0x000000008e0adec0) thrown at [./src/hotspot/share/prims/jni.cpp, line 1362]
Event: 32.608 Thread 0x0000023b1f55d800 Exception <a 'java/lang/NoSuchMethodError'{0x000000008e0e0640}: <clinit>> (0x000000008e0e0640) thrown at [./src/hotspot/share/prims/jni.cpp, line 1362]
Event: 32.621 Thread 0x0000023b1dff1000 Exception <a 'java/lang/InterruptedException'{0x000000008df00800}> (0x000000008df00800) thrown at [./src/hotspot/share/runtime/objectMonitor.cpp, line 1635]
Event: 32.622 Thread 0x0000023b1dff1000 Exception <a 'java/lang/NoSuchMethodError'{0x000000008df08610}: 'java.lang.Object java.lang.invoke.DirectMethodHandle$Holder.invokeStatic(java.lang.Object, java.lang.Object, int, java.lang.Object, long)'> (0x000000008df08610) thrown at [./src/hotspot/share/interpreter/linkResolver.cpp, line 773]
Event: 32.646 Thread 0x0000023b1f55d800 Exception <a 'java/lang/NoSuchMethodError'{0x000000008df45020}: <clinit>> (0x000000008df45020) thrown at [./src/hotspot/share/prims/jni.cpp, line 1362]
Event: 32.647 Thread 0x0000023b1f55d800 Exception <a 'java/lang/NoSuchMethodError'{0x000000008df56e18}: <clinit>> (0x000000008df56e18) thrown at [./src/hotspot/share/prims/jni.cpp, line 1362]
Event: 32.648 Thread 0x0000023b1f55d800 Exception <a 'java/lang/NoSuchMethodError'{0x000000008df68be8}: <clinit>> (0x000000008df68be8) thrown at [./src/hotspot/share/prims/jni.cpp, line 1362]
Event: 32.655 Thread 0x0000023b1f55d800 Exception <a 'java/lang/NoSuchMethodError'{0x000000008df8e988}: <clinit>> (0x000000008df8e988) thrown at [./src/hotspot/share/prims/jni.cpp, line 1362]
Event: 32.690 Thread 0x0000023b1f55d800 Exception <a 'java/lang/NoSuchMethodError'{0x000000008dd37b60}: <clinit>> (0x000000008dd37b60) thrown at [./src/hotspot/share/prims/jni.cpp, line 1362]
Event: 32.793 Thread 0x0000023b1b872800 Exception <a 'java/lang/NoSuchMethodError'{0x000000008db43f50}: 'java.lang.Object java.lang.invoke.DirectMethodHandle$Holder.invokeStatic(java.lang.Object, java.lang.Object, java.lang.Object, java.lang.Object, java.lang.Object, java.lang.Object, java.lang.Object, java.lang.Object, java.lang.Object, java.lang.Object, java.lang.Object, java.lang.Object, java.lang.Object, int)'> (0x000000008db43f50) thrown at [./src/hotspot/share/interpreter/linkResolver.cpp, line 773]
Event: 32.795 Thread 0x0000023b1b872800 Exception <a 'java/lang/NoSuchMethodError'{0x000000008db509c8}: 'java.lang.Object java.lang.invoke.DirectMethodHandle$Holder.invokeStatic(java.lang.Object, java.lang.Object, java.lang.Object, java.lang.Object, java.lang.Object, java.lang.Object, java.lang.Object, java.lang.Object, java.lang.Object, java.lang.Object, java.lang.Object, java.lang.Object, java.lang.Object, int, int)'> (0x000000008db509c8) thrown at [./src/hotspot/share/interpreter/linkResolver.cpp, line 773]

Events (20 events):
Event: 56.708 loading class org/gradle/jvm/toolchain/JavaToolchainSpec
Event: 56.708 loading class org/gradle/jvm/toolchain/JavaToolchainSpec done
Event: 56.708 loading class org/gradle/jvm/toolchain/internal/JavaToolchainQueryService
Event: 56.708 loading class org/gradle/jvm/toolchain/internal/JavaToolchainQueryService done
Event: 56.712 loading class org/gradle/jvm/toolchain/internal/JavaToolchainInput
Event: 56.712 loading class org/gradle/jvm/toolchain/internal/JavaToolchainInput done
Event: 56.728 loading class org/gradle/util/VersionNumber
Event: 56.728 loading class org/gradle/util/VersionNumber done
Event: 56.740 loading class org/gradle/util/VersionNumber$AbstractScheme
Event: 56.740 loading class org/gradle/util/VersionNumber$AbstractScheme done
Event: 56.743 loading class org/gradle/util/VersionNumber$Scheme
Event: 56.743 loading class org/gradle/util/VersionNumber$Scheme done
Event: 56.747 loading class org/gradle/util/VersionNumber$SchemeWithPatchVersion
Event: 56.747 loading class org/gradle/util/VersionNumber$SchemeWithPatchVersion done
Event: 56.749 loading class org/gradle/util/VersionNumber$DefaultScheme
Event: 56.749 loading class org/gradle/util/VersionNumber$DefaultScheme done
Event: 56.750 loading class org/gradle/util/VersionNumber$AbstractScheme$Scanner
Event: 56.750 loading class org/gradle/util/VersionNumber$AbstractScheme$Scanner done
Event: 56.753 loading class org/gradle/jvm/toolchain/internal/DefaultToolchainJavaCompiler
Event: 56.753 loading class org/gradle/jvm/toolchain/internal/DefaultToolchainJavaCompiler done


Dynamic libraries:
0x00007ff65f950000 - 0x00007ff65f95a000 	C:\Program Files\Android\Android Studio\jre\bin\java.exe
0x00007fff7cb30000 - 0x00007fff7cd25000 	C:\WINDOWS\SYSTEM32\ntdll.dll
0x00007fff7c670000 - 0x00007fff7c72d000 	C:\WINDOWS\System32\KERNEL32.DLL
0x00007fff7a800000 - 0x00007fff7aac9000 	C:\WINDOWS\System32\KERNELBASE.dll
0x00007fff7a260000 - 0x00007fff7a360000 	C:\WINDOWS\System32\ucrtbase.dll
0x00007fff75820000 - 0x00007fff75837000 	C:\Program Files\Android\Android Studio\jre\bin\VCRUNTIME140.dll
0x00007fff745e0000 - 0x00007fff745f9000 	C:\Program Files\Android\Android Studio\jre\bin\jli.dll
0x00007fff7bb90000 - 0x00007fff7bd30000 	C:\WINDOWS\System32\USER32.dll
0x00007fff634f0000 - 0x00007fff6378a000 	C:\WINDOWS\WinSxS\amd64_microsoft.windows.common-controls_6595b64144ccf1df_6.0.19041.1110_none_60b5254171f9507e\COMCTL32.dll
0x00007fff7a4c0000 - 0x00007fff7a4e2000 	C:\WINDOWS\System32\win32u.dll
0x00007fff7b900000 - 0x00007fff7b92a000 	C:\WINDOWS\System32\GDI32.dll
0x00007fff7bd30000 - 0x00007fff7bdce000 	C:\WINDOWS\System32\msvcrt.dll
0x00007fff7a5e0000 - 0x00007fff7a6eb000 	C:\WINDOWS\System32\gdi32full.dll
0x00007fff7a540000 - 0x00007fff7a5dd000 	C:\WINDOWS\System32\msvcp_win.dll
0x00007fff7bee0000 - 0x00007fff7bf10000 	C:\WINDOWS\System32\IMM32.DLL
0x00007fff48220000 - 0x00007fff482bd000 	C:\Program Files\Android\Android Studio\jre\bin\msvcp140.dll
0x00007ffef7930000 - 0x00007ffef83ff000 	C:\Program Files\Android\Android Studio\jre\bin\server\jvm.dll
0x00007fff7ab90000 - 0x00007fff7ac3c000 	C:\WINDOWS\System32\ADVAPI32.dll
0x00007fff7bfc0000 - 0x00007fff7c05b000 	C:\WINDOWS\System32\sechost.dll
0x00007fff7ae10000 - 0x00007fff7af3a000 	C:\WINDOWS\System32\RPCRT4.dll
0x00007fff7b840000 - 0x00007fff7b848000 	C:\WINDOWS\System32\PSAPI.DLL
0x00007fff63940000 - 0x00007fff63967000 	C:\WINDOWS\SYSTEM32\WINMM.dll
0x00007fff6ec10000 - 0x00007fff6ec1a000 	C:\WINDOWS\SYSTEM32\VERSION.dll
0x00007fff77590000 - 0x00007fff77599000 	C:\WINDOWS\SYSTEM32\WSOCK32.dll
0x00007fff7be60000 - 0x00007fff7becb000 	C:\WINDOWS\System32\ws2_32.DLL
0x00007fff78af0000 - 0x00007fff78b02000 	C:\WINDOWS\SYSTEM32\kernel.appcore.dll
0x00007fff74670000 - 0x00007fff74681000 	C:\Program Files\Android\Android Studio\jre\bin\verify.dll
0x00007fff786c0000 - 0x00007fff788a4000 	C:\WINDOWS\SYSTEM32\DBGHELP.DLL
0x00007fff5f830000 - 0x00007fff5f85c000 	C:\WINDOWS\SYSTEM32\dbgcore.DLL
0x00007fff7aad0000 - 0x00007fff7ab53000 	C:\WINDOWS\System32\bcryptPrimitives.dll
0x00007fff74010000 - 0x00007fff74039000 	C:\Program Files\Android\Android Studio\jre\bin\java.dll
0x00007fff77570000 - 0x00007fff7757b000 	C:\Program Files\Android\Android Studio\jre\bin\jimage.dll
0x00007fff6fa70000 - 0x00007fff6fa88000 	C:\Program Files\Android\Android Studio\jre\bin\zip.dll
0x00007fff7af40000 - 0x00007fff7b67f000 	C:\WINDOWS\System32\SHELL32.dll
0x00007fff77f30000 - 0x00007fff786c0000 	C:\WINDOWS\SYSTEM32\windows.storage.dll
0x00007fff7c730000 - 0x00007fff7ca85000 	C:\WINDOWS\System32\combase.dll
0x00007fff79cc0000 - 0x00007fff79cec000 	C:\WINDOWS\SYSTEM32\Wldp.dll
0x00007fff7b850000 - 0x00007fff7b8fe000 	C:\WINDOWS\System32\SHCORE.dll
0x00007fff7b930000 - 0x00007fff7b985000 	C:\WINDOWS\System32\shlwapi.dll
0x00007fff7a1a0000 - 0x00007fff7a1bf000 	C:\WINDOWS\SYSTEM32\profapi.dll
0x00007fff6fa50000 - 0x00007fff6fa6a000 	C:\Program Files\Android\Android Studio\jre\bin\net.dll
0x00007fff67740000 - 0x00007fff67848000 	C:\WINDOWS\SYSTEM32\WINHTTP.dll
0x00007fff79a20000 - 0x00007fff79a8a000 	C:\WINDOWS\system32\mswsock.dll
0x00007fff6f2d0000 - 0x00007fff6f2e4000 	C:\Program Files\Android\Android Studio\jre\bin\nio.dll
0x00007fff74600000 - 0x00007fff74627000 	C:\kotlinSUMMER\native\8bec1ad78214c89d9ad589b4d07fe93259594b29d510b10fafb7a158f7737e5d\windows-amd64\native-platform.dll
0x00007fff6f3a0000 - 0x00007fff6f4dd000 	C:\kotlinSUMMER\native\53dbd7edfb1c66fb8903c78663c9afc45aea4f116125fa6feffd364cf09443e8\windows-amd64\native-platform-file-events.dll
0x00007fff757f0000 - 0x00007fff757fa000 	C:\Program Files\Android\Android Studio\jre\bin\management.dll
0x00007fff741b0000 - 0x00007fff741bc000 	C:\Program Files\Android\Android Studio\jre\bin\management_ext.dll
0x00007fff79c10000 - 0x00007fff79c28000 	C:\WINDOWS\SYSTEM32\CRYPTSP.dll
0x00007fff79330000 - 0x00007fff79364000 	C:\WINDOWS\system32\rsaenh.dll
0x00007fff7ab60000 - 0x00007fff7ab87000 	C:\WINDOWS\System32\bcrypt.dll
0x00007fff7a120000 - 0x00007fff7a14e000 	C:\WINDOWS\SYSTEM32\USERENV.dll
0x00007fff79c30000 - 0x00007fff79c3c000 	C:\WINDOWS\SYSTEM32\CRYPTBASE.dll
0x00007fff796c0000 - 0x00007fff796fb000 	C:\WINDOWS\SYSTEM32\IPHLPAPI.DLL
0x00007fff7bed0000 - 0x00007fff7bed8000 	C:\WINDOWS\System32\NSI.dll
0x00007fff6b830000 - 0x00007fff6b847000 	C:\WINDOWS\SYSTEM32\dhcpcsvc6.DLL
0x00007fff6d060000 - 0x00007fff6d07d000 	C:\WINDOWS\SYSTEM32\dhcpcsvc.DLL
0x00007fff79710000 - 0x00007fff797dc000 	C:\WINDOWS\SYSTEM32\DNSAPI.dll
0x00007fff74190000 - 0x00007fff741ae000 	C:\Users\ASUS\AppData\Local\Temp\native-platform8949035544844956565dir\native-platform.dll
0x00007fff6fa90000 - 0x00007fff6fa98000 	C:\Program Files\Android\Android Studio\jre\bin\rmi.dll

dbghelp: loaded successfully - version: 4.0.5 - missing functions: none
symbol engine: initialized successfully - sym options: 0x614 - pdb path: .;C:\Program Files\Android\Android Studio\jre\bin;C:\WINDOWS\SYSTEM32;C:\WINDOWS\WinSxS\amd64_microsoft.windows.common-controls_6595b64144ccf1df_6.0.19041.1110_none_60b5254171f9507e;C:\Program Files\Android\Android Studio\jre\bin\server;C:\kotlinSUMMER\native\8bec1ad78214c89d9ad589b4d07fe93259594b29d510b10fafb7a158f7737e5d\windows-amd64;C:\kotlinSUMMER\native\53dbd7edfb1c66fb8903c78663c9afc45aea4f116125fa6feffd364cf09443e8\windows-amd64;C:\Users\ASUS\AppData\Local\Temp\native-platform8949035544844956565dir

VM Arguments:
jvm_args: --add-opens=java.base/java.util=ALL-UNNAMED --add-opens=java.base/java.lang=ALL-UNNAMED --add-opens=java.base/java.lang.invoke=ALL-UNNAMED --add-opens=java.base/java.util=ALL-UNNAMED --add-opens=java.prefs/java.util.prefs=ALL-UNNAMED --add-opens=java.prefs/java.util.prefs=ALL-UNNAMED --add-opens=java.base/java.nio.charset=ALL-UNNAMED --add-opens=java.base/java.net=ALL-UNNAMED --add-opens=java.base/java.util.concurrent.atomic=ALL-UNNAMED -Xmx2048m -Dfile.encoding=UTF-8 -Duser.country=US -Duser.language=en -Duser.variant 
java_command: org.gradle.launcher.daemon.bootstrap.GradleDaemon 7.0.2
java_class_path (initial): C:\kotlinSUMMER\wrapper\dists\gradle-7.0.2-bin\857tjihv64xamwrf0h14cai3r\gradle-7.0.2\lib\gradle-launcher-7.0.2.jar
Launcher Type: SUN_STANDARD

[Global flags]
     intx CICompilerCount                          = 4                                         {product} {ergonomic}
     uint ConcGCThreads                            = 2                                         {product} {ergonomic}
     uint G1ConcRefinementThreads                  = 8                                         {product} {ergonomic}
   size_t G1HeapRegionSize                         = 1048576                                   {product} {ergonomic}
    uintx GCDrainStackTargetSize                   = 64                                        {product} {ergonomic}
   size_t InitialHeapSize                          = 65011712                                  {product} {ergonomic}
   size_t MarkStackSize                            = 4194304                                   {product} {ergonomic}
   size_t MaxHeapSize                              = 2147483648                                {product} {command line}
   size_t MaxNewSize                               = 1287651328                                {product} {ergonomic}
   size_t MinHeapDeltaBytes                        = 1048576                                   {product} {ergonomic}
    uintx NonNMethodCodeHeapSize                   = 5836300                                {pd product} {ergonomic}
    uintx NonProfiledCodeHeapSize                  = 122910970                              {pd product} {ergonomic}
    uintx ProfiledCodeHeapSize                     = 122910970                              {pd product} {ergonomic}
    uintx ReservedCodeCacheSize                    = 251658240                              {pd product} {ergonomic}
     bool SegmentedCodeCache                       = true                                      {product} {ergonomic}
     bool UseCompressedClassPointers               = true                                 {lp64_product} {ergonomic}
     bool UseCompressedOops                        = true                                 {lp64_product} {ergonomic}
     bool UseG1GC                                  = true                                      {product} {ergonomic}
     bool UseLargePagesIndividualAllocation        = false                                  {pd product} {ergonomic}

Logging:
Log output configuration:
 #0: stdout all=warning uptime,level,tags
 #1: stderr all=off uptime,level,tags

Environment Variables:
PATH=C:\Windows\system32;C:\Windows;C:\Windows\System32\Wbem;C:\Windows\System32\WindowsPowerShell\v1.0\;C:\Windows\System32\OpenSSH\;C:\Program Files (x86)\NVIDIA Corporation\PhysX\Common;C:\Program Files\NVIDIA Corporation\NVIDIA NvDLISR;C:\Program Files\Microsoft VS Code\bin;C:\Program Files\nodejs\;%SystemRoot%\system32;%SystemRoot%;%SystemRoot%\System32\Wbem;%SYSTEMROOT%\System32\WindowsPowerShell\v1.0\;%SYSTEMROOT%\System32\OpenSSH\;C:\Program Files\MySQL\MySQL Shell 8.0\bin\;C:\Users\ASUS\AppData\Local\Programs\Python\Python39\Scripts\;C:\Users\ASUS\AppData\Local\Programs\Python\Python39\;C:\Users\ASUS\AppData\Local\Microsoft\WindowsApps;C:\Users\ASUS\AppData\Roaming\npm;
USERNAME=ASUS
OS=Windows_NT
PROCESSOR_IDENTIFIER=Intel64 Family 6 Model 142 Stepping 11, GenuineIntel



---------------  S Y S T E M  ---------------

OS: Windows 10 , 64 bit Build 19041 (10.0.19041.1151)
OS uptime: 1 days 3:55 hours

CPU:total 8 (initial active 8) (4 cores per cpu, 2 threads per core) family 6 model 142 stepping 11 microcode 0xde, cmov, cx8, fxsr, mmx, sse, sse2, sse3, ssse3, sse4.1, sse4.2, popcnt, avx, avx2, aes, clmul, erms, 3dnowpref, lzcnt, ht, tsc, tscinvbit, bmi1, bmi2, adx, fma

Memory: 4k page, system-wide physical 3947M (79M free)
TotalPageFile size 16235M (AvailPageFile size 42M)
current process WorkingSet (physical memory assigned to process): 130M, peak: 381M
current process commit charge ("private bytes"): 518M, peak: 520M

vm_info: OpenJDK 64-Bit Server VM (11.0.10+0-b96-7249189) for windows-amd64 JRE (11.0.10+0-b96-7249189), built on Mar 31 2021 21:44:00 by "builder" with MS VC++ 14.0 (VS2015)

END.
