#
# There is insufficient memory for the Java Runtime Environment to continue.
# Native memory allocation (mmap) failed to map 197132288 bytes for Failed to commit area from 0x00000000ce000000 to 0x00000000d9c00000 of length 197132288.
# Possible reasons:
#   The system is out of physical RAM or swap space
#   The process is running with CompressedOops enabled, and the Java Heap may be blocking the growth of the native heap
# Possible solutions:
#   Reduce memory load on the system
#   Increase physical memory or swap space
#   Check if swap backing store is full
#   Decrease Java heap size (-Xmx/-Xms)
#   Decrease number of Java threads
#   Decrease Java thread stack sizes (-Xss)
#   Set larger code cache with -XX:ReservedCodeCacheSize=
#   JVM is running with Unscaled Compressed Oops mode in which the Java heap is
#     placed in the first 4GB address space. The Java Heap base address is the
#     maximum limit for the native heap growth. Please use -XX:HeapBaseMinAddress
#     to set the Java Heap base and to place the Java Heap above 4GB virtual address.
# This output file may be truncated or incomplete.
#
#  Out of Memory Error (./src/hotspot/os/windows/os_windows.cpp:3301), pid=16104, tid=5108
#
# JRE version: OpenJDK Runtime Environment (11.0.11+9) (build 11.0.11+9-b60-7590822)
# Java VM: OpenJDK 64-Bit Server VM (11.0.11+9-b60-7590822, mixed mode, tiered, compressed oops, g1 gc, windows-amd64)
# No core dump will be written. Minidumps are not enabled by default on client versions of Windows
#

---------------  S U M M A R Y ------------

Command Line: org.jetbrains.kotlin.cli.jvm.K2JVMCompiler @C:\kotlinSUMMER\VanGo\app\build\20220216_17704355494042274767.compiler.options

Host: Intel(R) Core(TM) i5-8265U CPU @ 1.60GHz, 8 cores, 3G,  Windows 10 , 64 bit Build 19041 (10.0.19041.1503)
Time: Wed Feb 16 16:57:11 2022 Malay Peninsula Standard Time elapsed time: 17.725258 seconds (0d 0h 0m 17s)

---------------  T H R E A D  ---------------

Current thread (0x000002265a89c000):  VMThread "VM Thread" [stack: 0x0000003ba5f00000,0x0000003ba6000000] [id=5108]

Stack: [0x0000003ba5f00000,0x0000003ba6000000]
[error occurred during error reporting (printing stack bounds), id 0xc0000005, EXCEPTION_ACCESS_VIOLATION (0xc0000005) at pc=0x00000226466e0f2d]

Native frames: (J=compiled Java code, j=interpreted, Vv=VM code, C=native code)
V  [jvm.dll+0x5f214a]
V  [jvm.dll+0x726fb5]
V  [jvm.dll+0x7285cd]
V  [jvm.dll+0x728be5]
V  [jvm.dll+0x728b9b]
V  [jvm.dll+0x5f14e8]
V  [jvm.dll+0x5f1c78]
C  [ntdll.dll+0xa20cf]
C  [ntdll.dll+0x51454]
C  [ntdll.dll+0xa0bfe]
C  0x00000226466e0f2d

VM_Operation (0x0000003ba59f7aa0): G1CollectForAllocation, mode: safepoint, requested by thread 0x0000022642be3800


---------------  P R O C E S S  ---------------

Threads class SMR info:
_java_thread_list=0x000002265a8de6d0, length=10, elements={
0x0000022642be3800, 0x000002265a8c1000, 0x000002265a8cc800, 0x000002265a8e0800,
0x000002265a8e2000, 0x000002265a8e4800, 0x000002265a8e5800, 0x000002265a8e8800,
0x000002265a8ee000, 0x000002265b3a8800
}

Java Threads: ( => current thread )
  0x0000022642be3800 JavaThread "main" [_thread_blocked, id=20148, stack(0x0000003ba5900000,0x0000003ba5a00000)]
  0x000002265a8c1000 JavaThread "Reference Handler" daemon [_thread_blocked, id=17612, stack(0x0000003ba6000000,0x0000003ba6100000)]
  0x000002265a8cc800 JavaThread "Finalizer" daemon [_thread_blocked, id=21492, stack(0x0000003ba6100000,0x0000003ba6200000)]
  0x000002265a8e0800 JavaThread "Signal Dispatcher" daemon [_thread_blocked, id=20188, stack(0x0000003ba6200000,0x0000003ba6300000)]
  0x000002265a8e2000 JavaThread "Attach Listener" daemon [_thread_blocked, id=2996, stack(0x0000003ba6300000,0x0000003ba6400000)]
  0x000002265a8e4800 JavaThread "Service Thread" daemon [_thread_blocked, id=1984, stack(0x0000003ba6400000,0x0000003ba6500000)]
  0x000002265a8e5800 JavaThread "C2 CompilerThread0" daemon [_thread_blocked, id=9468, stack(0x0000003ba6500000,0x0000003ba6600000)]
  0x000002265a8e8800 JavaThread "C1 CompilerThread0" daemon [_thread_blocked, id=1824, stack(0x0000003ba6600000,0x0000003ba6700000)]
  0x000002265a8ee000 JavaThread "Sweeper thread" daemon [_thread_blocked, id=19356, stack(0x0000003ba6700000,0x0000003ba6800000)]
  0x000002265b3a8800 JavaThread "Common-Cleaner" daemon [_thread_blocked, id=10656, stack(0x0000003ba6900000,0x0000003ba6a00000)]

Other Threads:
=>0x000002265a89c000 VMThread "VM Thread" [stack: 0x0000003ba5f00000,0x0000003ba6000000] [id=5108]
  0x000002265b39e000 WatcherThread [stack: 0x0000003ba6800000,0x0000003ba6900000] [id=2456]
  0x0000022642bfa800 GCTaskThread "GC Thread#0" [stack: 0x0000003ba5a00000,0x0000003ba5b00000] [id=15980]
  0x000002265baa2800 GCTaskThread "GC Thread#1" [stack: 0x0000003ba6a00000,0x0000003ba6b00000] [id=13276]
  0x000002265d5bc000 GCTaskThread "GC Thread#2" [stack: 0x0000003ba6c00000,0x0000003ba6d00000] [id=15272]
  0x000002265d5bc800 GCTaskThread "GC Thread#3" [stack: 0x0000003ba6d00000,0x0000003ba6e00000] [id=14640]
  0x0000022642c16800 ConcurrentGCThread "G1 Main Marker" [stack: 0x0000003ba5b00000,0x0000003ba5c00000] [id=5644]
  0x0000022642c1a800 ConcurrentGCThread "G1 Conc#0" [stack: 0x0000003ba5c00000,0x0000003ba5d00000] [id=3528]
  0x000002265bbe4800 ConcurrentGCThread "G1 Conc#1" [stack: 0x0000003ba6b00000,0x0000003ba6c00000] [id=6508]
  0x0000022642c71000 ConcurrentGCThread "G1 Refine#0" [stack: 0x0000003ba5d00000,0x0000003ba5e00000] [id=11996]
  0x0000022642c72000 ConcurrentGCThread "G1 Young RemSet Sampling" [stack: 0x0000003ba5e00000,0x0000003ba5f00000] [id=3992]

Threads with active compile tasks:
C2 CompilerThread0  17758 12264       4       org.jetbrains.kotlin.com.intellij.psi.stubs.StubList::addStub (137 bytes)

VM state:at safepoint (normal execution)

VM Mutex/Monitor currently owned by a thread:  ([mutex/lock_event])
[0x0000022642bdf720] Threads_lock - owner thread: 0x000002265a89c000
[0x0000022642be09b0] Heap_lock - owner thread: 0x0000022642be3800

Heap address: 0x00000000c2400000, size: 988 MB, Compressed Oops mode: 32-bit
Narrow klass base: 0x0000000000000000, Narrow klass shift: 3
Compressed class space size: 1073741824 Address: 0x0000000100000000

Heap:
 garbage-first heap   total 385024K, used 94566K [0x00000000c2400000, 0x0000000100000000)
  region size 1024K, 9 young (9216K), 9 survivors (9216K)
 Metaspace       used 68635K, capacity 69864K, committed 70044K, reserved 1112064K
  class space    used 7498K, capacity 7905K, committed 7936K, reserved 1048576K
Heap Regions: E=young(eden), S=young(survivor), O=old, HS=humongous(starts), HC=humongous(continues), CS=collection set, F=free, A=archive, TAMS=top-at-mark-start (previous, next)
|   0|0x00000000c2400000, 0x00000000c2500000, 0x00000000c2500000|100%|HS|  |TAMS 0x00000000c2500000, 0x00000000c2400000| Complete 
|   1|0x00000000c2500000, 0x00000000c2600000, 0x00000000c2600000|100%|HC|  |TAMS 0x00000000c2600000, 0x00000000c2500000| Complete 
|   2|0x00000000c2600000, 0x00000000c2700000, 0x00000000c2700000|100%|HC|  |TAMS 0x00000000c2700000, 0x00000000c2600000| Complete 
|   3|0x00000000c2700000, 0x00000000c2800000, 0x00000000c2800000|100%| O|  |TAMS 0x00000000c2800000, 0x00000000c2700000| Untracked 
|   4|0x00000000c2800000, 0x00000000c2900000, 0x00000000c2900000|100%| O|  |TAMS 0x00000000c2900000, 0x00000000c2800000| Untracked 
|   5|0x00000000c2900000, 0x00000000c2a00000, 0x00000000c2a00000|100%| O|  |TAMS 0x00000000c2a00000, 0x00000000c2900000| Untracked 
|   6|0x00000000c2a00000, 0x00000000c2b00000, 0x00000000c2b00000|100%| O|  |TAMS 0x00000000c2b00000, 0x00000000c2a00000| Untracked 
|   7|0x00000000c2b00000, 0x00000000c2c00000, 0x00000000c2c00000|100%| O|  |TAMS 0x00000000c2c00000, 0x00000000c2b00000| Untracked 
|   8|0x00000000c2c00000, 0x00000000c2d00000, 0x00000000c2d00000|100%| O|  |TAMS 0x00000000c2d00000, 0x00000000c2c00000| Untracked 
|   9|0x00000000c2d00000, 0x00000000c2e00000, 0x00000000c2e00000|100%|HS|  |TAMS 0x00000000c2e00000, 0x00000000c2d00000| Complete 
|  10|0x00000000c2e00000, 0x00000000c2f00000, 0x00000000c2f00000|100%|HC|  |TAMS 0x00000000c2f00000, 0x00000000c2e00000| Complete 
|  11|0x00000000c2f00000, 0x00000000c3000000, 0x00000000c3000000|100%|HC|  |TAMS 0x00000000c3000000, 0x00000000c2f00000| Complete 
|  12|0x00000000c3000000, 0x00000000c3100000, 0x00000000c3100000|100%| O|  |TAMS 0x00000000c3100000, 0x00000000c3000000| Untracked 
|  13|0x00000000c3100000, 0x00000000c3200000, 0x00000000c3200000|100%| O|  |TAMS 0x00000000c3200000, 0x00000000c3100000| Untracked 
|  14|0x00000000c3200000, 0x00000000c3300000, 0x00000000c3300000|100%| O|  |TAMS 0x00000000c3300000, 0x00000000c3200000| Untracked 
|  15|0x00000000c3300000, 0x00000000c3400000, 0x00000000c3400000|100%| O|  |TAMS 0x00000000c3400000, 0x00000000c3300000| Untracked 
|  16|0x00000000c3400000, 0x00000000c3500000, 0x00000000c3500000|100%| O|  |TAMS 0x00000000c3500000, 0x00000000c3400000| Untracked 
|  17|0x00000000c3500000, 0x00000000c3600000, 0x00000000c3600000|100%| O|  |TAMS 0x00000000c3600000, 0x00000000c3500000| Untracked 
|  18|0x00000000c3600000, 0x00000000c3700000, 0x00000000c3700000|100%| O|  |TAMS 0x00000000c3700000, 0x00000000c3600000| Untracked 
|  19|0x00000000c3700000, 0x00000000c3800000, 0x00000000c3800000|100%| O|  |TAMS 0x00000000c3800000, 0x00000000c3700000| Untracked 
|  20|0x00000000c3800000, 0x00000000c3900000, 0x00000000c3900000|100%| O|  |TAMS 0x00000000c3900000, 0x00000000c3800000| Untracked 
|  21|0x00000000c3900000, 0x00000000c3a00000, 0x00000000c3a00000|100%| O|  |TAMS 0x00000000c3a00000, 0x00000000c3900000| Untracked 
|  22|0x00000000c3a00000, 0x00000000c3b00000, 0x00000000c3b00000|100%| O|  |TAMS 0x00000000c3b00000, 0x00000000c3a00000| Untracked 
|  23|0x00000000c3b00000, 0x00000000c3c00000, 0x00000000c3c00000|100%| O|  |TAMS 0x00000000c3c00000, 0x00000000c3b00000| Untracked 
|  24|0x00000000c3c00000, 0x00000000c3d00000, 0x00000000c3d00000|100%| O|  |TAMS 0x00000000c3d00000, 0x00000000c3c00000| Untracked 
|  25|0x00000000c3d00000, 0x00000000c3e00000, 0x00000000c3e00000|100%| O|  |TAMS 0x00000000c3e00000, 0x00000000c3d00000| Untracked 
|  26|0x00000000c3e00000, 0x00000000c3f00000, 0x00000000c3f00000|100%|HS|  |TAMS 0x00000000c3f00000, 0x00000000c3e00000| Complete 
|  27|0x00000000c3f00000, 0x00000000c4000000, 0x00000000c4000000|100%|HC|  |TAMS 0x00000000c4000000, 0x00000000c3f00000| Complete 
|  28|0x00000000c4000000, 0x00000000c4100000, 0x00000000c4100000|100%| O|  |TAMS 0x00000000c4100000, 0x00000000c4000000| Untracked 
|  29|0x00000000c4100000, 0x00000000c4200000, 0x00000000c4200000|100%| O|  |TAMS 0x00000000c4200000, 0x00000000c4100000| Untracked 
|  30|0x00000000c4200000, 0x00000000c4300000, 0x00000000c4300000|100%| O|  |TAMS 0x00000000c4300000, 0x00000000c4200000| Untracked 
|  31|0x00000000c4300000, 0x00000000c4400000, 0x00000000c4400000|100%| O|  |TAMS 0x00000000c4400000, 0x00000000c4300000| Untracked 
|  32|0x00000000c4400000, 0x00000000c4500000, 0x00000000c4500000|100%| O|  |TAMS 0x00000000c4500000, 0x00000000c4400000| Untracked 
|  33|0x00000000c4500000, 0x00000000c4600000, 0x00000000c4600000|100%| O|  |TAMS 0x00000000c4600000, 0x00000000c4500000| Untracked 
|  34|0x00000000c4600000, 0x00000000c4700000, 0x00000000c4700000|100%| O|  |TAMS 0x00000000c4700000, 0x00000000c4600000| Untracked 
|  35|0x00000000c4700000, 0x00000000c4800000, 0x00000000c4800000|100%| O|  |TAMS 0x00000000c4800000, 0x00000000c4700000| Untracked 
|  36|0x00000000c4800000, 0x00000000c4900000, 0x00000000c4900000|100%| O|  |TAMS 0x00000000c4900000, 0x00000000c4800000| Untracked 
|  37|0x00000000c4900000, 0x00000000c4a00000, 0x00000000c4a00000|100%| O|  |TAMS 0x00000000c4a00000, 0x00000000c4900000| Untracked 
|  38|0x00000000c4a00000, 0x00000000c4b00000, 0x00000000c4b00000|100%| O|  |TAMS 0x00000000c4b00000, 0x00000000c4a00000| Untracked 
|  39|0x00000000c4b00000, 0x00000000c4c00000, 0x00000000c4c00000|100%| O|  |TAMS 0x00000000c4c00000, 0x00000000c4b00000| Untracked 
|  40|0x00000000c4c00000, 0x00000000c4d00000, 0x00000000c4d00000|100%| O|  |TAMS 0x00000000c4d00000, 0x00000000c4c00000| Untracked 
|  41|0x00000000c4d00000, 0x00000000c4e00000, 0x00000000c4e00000|100%| O|  |TAMS 0x00000000c4e00000, 0x00000000c4d00000| Untracked 
|  42|0x00000000c4e00000, 0x00000000c4f00000, 0x00000000c4f00000|100%| O|  |TAMS 0x00000000c4f00000, 0x00000000c4e00000| Untracked 
|  43|0x00000000c4f00000, 0x00000000c5000000, 0x00000000c5000000|100%| O|  |TAMS 0x00000000c5000000, 0x00000000c4f00000| Untracked 
|  44|0x00000000c5000000, 0x00000000c5100000, 0x00000000c5100000|100%| O|  |TAMS 0x00000000c5100000, 0x00000000c5000000| Untracked 
|  45|0x00000000c5100000, 0x00000000c5200000, 0x00000000c5200000|100%| O|  |TAMS 0x00000000c5200000, 0x00000000c5100000| Untracked 
|  46|0x00000000c5200000, 0x00000000c5300000, 0x00000000c5300000|100%| O|  |TAMS 0x00000000c5300000, 0x00000000c5200000| Untracked 
|  47|0x00000000c5300000, 0x00000000c5400000, 0x00000000c5400000|100%| O|  |TAMS 0x00000000c5400000, 0x00000000c5300000| Untracked 
|  48|0x00000000c5400000, 0x00000000c5500000, 0x00000000c5500000|100%| O|  |TAMS 0x00000000c5500000, 0x00000000c5400000| Untracked 
|  49|0x00000000c5500000, 0x00000000c5600000, 0x00000000c5600000|100%| O|  |TAMS 0x00000000c5600000, 0x00000000c5500000| Untracked 
|  50|0x00000000c5600000, 0x00000000c5700000, 0x00000000c5700000|100%| O|  |TAMS 0x00000000c5700000, 0x00000000c5600000| Untracked 
|  51|0x00000000c5700000, 0x00000000c5800000, 0x00000000c5800000|100%| O|  |TAMS 0x00000000c5800000, 0x00000000c5700000| Untracked 
|  52|0x00000000c5800000, 0x00000000c5900000, 0x00000000c5900000|100%| O|  |TAMS 0x00000000c5900000, 0x00000000c5800000| Untracked 
|  53|0x00000000c5900000, 0x00000000c5a00000, 0x00000000c5a00000|100%| O|  |TAMS 0x00000000c5a00000, 0x00000000c5900000| Untracked 
|  54|0x00000000c5a00000, 0x00000000c5b00000, 0x00000000c5b00000|100%| O|  |TAMS 0x00000000c5b00000, 0x00000000c5a00000| Untracked 
|  55|0x00000000c5b00000, 0x00000000c5c00000, 0x00000000c5c00000|100%| O|  |TAMS 0x00000000c5c00000, 0x00000000c5b00000| Untracked 
|  56|0x00000000c5c00000, 0x00000000c5d00000, 0x00000000c5d00000|100%| O|  |TAMS 0x00000000c5d00000, 0x00000000c5c00000| Untracked 
|  57|0x00000000c5d00000, 0x00000000c5e00000, 0x00000000c5e00000|100%| O|  |TAMS 0x00000000c5e00000, 0x00000000c5d00000| Untracked 
|  58|0x00000000c5e00000, 0x00000000c5f00000, 0x00000000c5f00000|100%| O|  |TAMS 0x00000000c5f00000, 0x00000000c5e00000| Untracked 
|  59|0x00000000c5f00000, 0x00000000c6000000, 0x00000000c6000000|100%| O|  |TAMS 0x00000000c6000000, 0x00000000c5f00000| Untracked 
|  60|0x00000000c6000000, 0x00000000c6100000, 0x00000000c6100000|100%| O|  |TAMS 0x00000000c6100000, 0x00000000c6000000| Untracked 
|  61|0x00000000c6100000, 0x00000000c6200000, 0x00000000c6200000|100%| O|  |TAMS 0x00000000c6200000, 0x00000000c6100000| Untracked 
|  62|0x00000000c6200000, 0x00000000c6300000, 0x00000000c6300000|100%| O|  |TAMS 0x00000000c6300000, 0x00000000c6200000| Untracked 
|  63|0x00000000c6300000, 0x00000000c6400000, 0x00000000c6400000|100%| O|  |TAMS 0x00000000c6400000, 0x00000000c6300000| Untracked 
|  64|0x00000000c6400000, 0x00000000c6500000, 0x00000000c6500000|100%| O|  |TAMS 0x00000000c6500000, 0x00000000c6400000| Untracked 
|  65|0x00000000c6500000, 0x00000000c6600000, 0x00000000c6600000|100%| O|  |TAMS 0x00000000c6600000, 0x00000000c6500000| Untracked 
|  66|0x00000000c6600000, 0x00000000c6700000, 0x00000000c6700000|100%| O|  |TAMS 0x00000000c6700000, 0x00000000c6600000| Untracked 
|  67|0x00000000c6700000, 0x00000000c6800000, 0x00000000c6800000|100%| O|  |TAMS 0x00000000c6700000, 0x00000000c6700000| Untracked 
|  68|0x00000000c6800000, 0x00000000c6900000, 0x00000000c6900000|100%| O|  |TAMS 0x00000000c6800000, 0x00000000c6800000| Untracked 
|  69|0x00000000c6900000, 0x00000000c6a00000, 0x00000000c6a00000|100%| O|  |TAMS 0x00000000c6900000, 0x00000000c6900000| Untracked 
|  70|0x00000000c6a00000, 0x00000000c6b00000, 0x00000000c6b00000|100%| O|  |TAMS 0x00000000c6a00000, 0x00000000c6a00000| Untracked 
|  71|0x00000000c6b00000, 0x00000000c6c00000, 0x00000000c6c00000|100%| O|  |TAMS 0x00000000c6b00000, 0x00000000c6b00000| Untracked 
|  72|0x00000000c6c00000, 0x00000000c6d00000, 0x00000000c6d00000|100%|HS|  |TAMS 0x00000000c6c00000, 0x00000000c6c00000| Complete 
|  73|0x00000000c6d00000, 0x00000000c6e00000, 0x00000000c6e00000|100%|HC|  |TAMS 0x00000000c6d00000, 0x00000000c6d00000| Complete 
|  74|0x00000000c6e00000, 0x00000000c6f00000, 0x00000000c6f00000|100%| O|  |TAMS 0x00000000c6e00000, 0x00000000c6e00000| Untracked 
|  75|0x00000000c6f00000, 0x00000000c7000000, 0x00000000c7000000|100%| O|  |TAMS 0x00000000c6f00000, 0x00000000c6f00000| Untracked 
|  76|0x00000000c7000000, 0x00000000c7100000, 0x00000000c7100000|100%| O|  |TAMS 0x00000000c7000000, 0x00000000c7000000| Untracked 
|  77|0x00000000c7100000, 0x00000000c7200000, 0x00000000c7200000|100%| O|  |TAMS 0x00000000c7100000, 0x00000000c7100000| Untracked 
|  78|0x00000000c7200000, 0x00000000c7300000, 0x00000000c7300000|100%| O|  |TAMS 0x00000000c7200000, 0x00000000c7200000| Untracked 
|  79|0x00000000c7300000, 0x00000000c7400000, 0x00000000c7400000|100%| O|  |TAMS 0x00000000c7300000, 0x00000000c7300000| Untracked 
|  80|0x00000000c7400000, 0x00000000c7500000, 0x00000000c7500000|100%| O|  |TAMS 0x00000000c7400000, 0x00000000c7400000| Untracked 
|  81|0x00000000c7500000, 0x00000000c7600000, 0x00000000c7600000|100%| O|  |TAMS 0x00000000c7500000, 0x00000000c7500000| Untracked 
|  82|0x00000000c7600000, 0x00000000c7700000, 0x00000000c7700000|100%| O|  |TAMS 0x00000000c7600000, 0x00000000c7600000| Untracked 
|  83|0x00000000c7700000, 0x00000000c7759800, 0x00000000c7800000| 34%| O|  |TAMS 0x00000000c7700000, 0x00000000c7700000| Untracked 
|  84|0x00000000c7800000, 0x00000000c7800000, 0x00000000c7900000|  0%| F|  |TAMS 0x00000000c7800000, 0x00000000c7800000| Untracked 
|  85|0x00000000c7900000, 0x00000000c7900000, 0x00000000c7a00000|  0%| F|  |TAMS 0x00000000c7900000, 0x00000000c7900000| Untracked 
|  86|0x00000000c7a00000, 0x00000000c7a00000, 0x00000000c7b00000|  0%| F|  |TAMS 0x00000000c7a00000, 0x00000000c7a00000| Untracked 
|  87|0x00000000c7b00000, 0x00000000c7b00000, 0x00000000c7c00000|  0%| F|  |TAMS 0x00000000c7b00000, 0x00000000c7b00000| Untracked 
|  88|0x00000000c7c00000, 0x00000000c7c00000, 0x00000000c7d00000|  0%| F|  |TAMS 0x00000000c7c00000, 0x00000000c7c00000| Untracked 
|  89|0x00000000c7d00000, 0x00000000c7d00000, 0x00000000c7e00000|  0%| F|  |TAMS 0x00000000c7d00000, 0x00000000c7d00000| Untracked 
|  90|0x00000000c7e00000, 0x00000000c7e00000, 0x00000000c7f00000|  0%| F|  |TAMS 0x00000000c7e00000, 0x00000000c7e00000| Untracked 
|  91|0x00000000c7f00000, 0x00000000c7f00000, 0x00000000c8000000|  0%| F|  |TAMS 0x00000000c7f00000, 0x00000000c7f00000| Untracked 
|  92|0x00000000c8000000, 0x00000000c8000000, 0x00000000c8100000|  0%| F|  |TAMS 0x00000000c8000000, 0x00000000c8000000| Untracked 
|  93|0x00000000c8100000, 0x00000000c8100000, 0x00000000c8200000|  0%| F|  |TAMS 0x00000000c8100000, 0x00000000c8100000| Untracked 
|  94|0x00000000c8200000, 0x00000000c8200000, 0x00000000c8300000|  0%| F|  |TAMS 0x00000000c8200000, 0x00000000c8200000| Untracked 
|  95|0x00000000c8300000, 0x00000000c8300000, 0x00000000c8400000|  0%| F|  |TAMS 0x00000000c8300000, 0x00000000c8300000| Untracked 
|  96|0x00000000c8400000, 0x00000000c8400000, 0x00000000c8500000|  0%| F|  |TAMS 0x00000000c8400000, 0x00000000c8400000| Untracked 
|  97|0x00000000c8500000, 0x00000000c8500000, 0x00000000c8600000|  0%| F|  |TAMS 0x00000000c8500000, 0x00000000c8500000| Untracked 
|  98|0x00000000c8600000, 0x00000000c8600000, 0x00000000c8700000|  0%| F|  |TAMS 0x00000000c8600000, 0x00000000c8600000| Untracked 
|  99|0x00000000c8700000, 0x00000000c8700000, 0x00000000c8800000|  0%| F|  |TAMS 0x00000000c8700000, 0x00000000c8700000| Untracked 
| 100|0x00000000c8800000, 0x00000000c8800000, 0x00000000c8900000|  0%| F|  |TAMS 0x00000000c8800000, 0x00000000c8800000| Untracked 
| 101|0x00000000c8900000, 0x00000000c8900000, 0x00000000c8a00000|  0%| F|  |TAMS 0x00000000c8900000, 0x00000000c8900000| Untracked 
| 102|0x00000000c8a00000, 0x00000000c8a00000, 0x00000000c8b00000|  0%| F|  |TAMS 0x00000000c8a00000, 0x00000000c8a00000| Untracked 
| 103|0x00000000c8b00000, 0x00000000c8b00000, 0x00000000c8c00000|  0%| F|  |TAMS 0x00000000c8b00000, 0x00000000c8b00000| Untracked 
| 104|0x00000000c8c00000, 0x00000000c8c00000, 0x00000000c8d00000|  0%| F|  |TAMS 0x00000000c8c00000, 0x00000000c8c00000| Untracked 
| 105|0x00000000c8d00000, 0x00000000c8d00000, 0x00000000c8e00000|  0%| F|  |TAMS 0x00000000c8d00000, 0x00000000c8d00000| Untracked 
| 106|0x00000000c8e00000, 0x00000000c8e00000, 0x00000000c8f00000|  0%| F|  |TAMS 0x00000000c8e00000, 0x00000000c8e00000| Untracked 
| 107|0x00000000c8f00000, 0x00000000c8f00000, 0x00000000c9000000|  0%| F|  |TAMS 0x00000000c8f00000, 0x00000000c8f00000| Untracked 
| 108|0x00000000c9000000, 0x00000000c9000000, 0x00000000c9100000|  0%| F|  |TAMS 0x00000000c9000000, 0x00000000c9000000| Untracked 
| 109|0x00000000c9100000, 0x00000000c9100000, 0x00000000c9200000|  0%| F|  |TAMS 0x00000000c9100000, 0x00000000c9100000| Untracked 
| 110|0x00000000c9200000, 0x00000000c9200000, 0x00000000c9300000|  0%| F|  |TAMS 0x00000000c9200000, 0x00000000c9200000| Untracked 
| 111|0x00000000c9300000, 0x00000000c9300000, 0x00000000c9400000|  0%| F|  |TAMS 0x00000000c9300000, 0x00000000c9300000| Untracked 
| 112|0x00000000c9400000, 0x00000000c9400000, 0x00000000c9500000|  0%| F|  |TAMS 0x00000000c9400000, 0x00000000c9400000| Untracked 
| 113|0x00000000c9500000, 0x00000000c9600000, 0x00000000c9600000|100%| S|CS|TAMS 0x00000000c9500000, 0x00000000c9500000| Complete 
| 114|0x00000000c9600000, 0x00000000c9700000, 0x00000000c9700000|100%| S|CS|TAMS 0x00000000c9600000, 0x00000000c9600000| Complete 
| 115|0x00000000c9700000, 0x00000000c9800000, 0x00000000c9800000|100%| S|CS|TAMS 0x00000000c9700000, 0x00000000c9700000| Complete 
| 116|0x00000000c9800000, 0x00000000c9900000, 0x00000000c9900000|100%| S|CS|TAMS 0x00000000c9800000, 0x00000000c9800000| Complete 
| 117|0x00000000c9900000, 0x00000000c9a00000, 0x00000000c9a00000|100%| S|CS|TAMS 0x00000000c9900000, 0x00000000c9900000| Complete 
| 118|0x00000000c9a00000, 0x00000000c9b00000, 0x00000000c9b00000|100%| S|CS|TAMS 0x00000000c9a00000, 0x00000000c9a00000| Complete 
| 119|0x00000000c9b00000, 0x00000000c9b00000, 0x00000000c9c00000|  0%| F|  |TAMS 0x00000000c9b00000, 0x00000000c9b00000| Untracked 
| 120|0x00000000c9c00000, 0x00000000c9c00000, 0x00000000c9d00000|  0%| F|  |TAMS 0x00000000c9c00000, 0x00000000c9c00000| Untracked 
| 121|0x00000000c9d00000, 0x00000000c9d00000, 0x00000000c9e00000|  0%| F|  |TAMS 0x00000000c9d00000, 0x00000000c9d00000| Untracked 
| 122|0x00000000c9e00000, 0x00000000c9e00000, 0x00000000c9f00000|  0%| F|  |TAMS 0x00000000c9e00000, 0x00000000c9e00000| Untracked 
| 123|0x00000000c9f00000, 0x00000000c9f00000, 0x00000000ca000000|  0%| F|  |TAMS 0x00000000c9f00000, 0x00000000c9f00000| Untracked 
| 124|0x00000000ca000000, 0x00000000ca100000, 0x00000000ca100000|100%| S|CS|TAMS 0x00000000ca000000, 0x00000000ca000000| Complete 
| 125|0x00000000ca100000, 0x00000000ca200000, 0x00000000ca200000|100%| S|CS|TAMS 0x00000000ca100000, 0x00000000ca100000| Complete 
| 126|0x00000000ca200000, 0x00000000ca300000, 0x00000000ca300000|100%| S|CS|TAMS 0x00000000ca200000, 0x00000000ca200000| Complete 
| 127|0x00000000ca300000, 0x00000000ca300000, 0x00000000ca400000|  0%| F|  |TAMS 0x00000000ca300000, 0x00000000ca300000| Untracked 
| 128|0x00000000ca400000, 0x00000000ca400000, 0x00000000ca500000|  0%| F|  |TAMS 0x00000000ca400000, 0x00000000ca400000| Untracked 
| 129|0x00000000ca500000, 0x00000000ca500000, 0x00000000ca600000|  0%| F|  |TAMS 0x00000000ca500000, 0x00000000ca500000| Untracked 
| 130|0x00000000ca600000, 0x00000000ca600000, 0x00000000ca700000|  0%| F|  |TAMS 0x00000000ca600000, 0x00000000ca600000| Untracked 
| 131|0x00000000ca700000, 0x00000000ca700000, 0x00000000ca800000|  0%| F|  |TAMS 0x00000000ca700000, 0x00000000ca700000| Untracked 
| 132|0x00000000ca800000, 0x00000000ca800000, 0x00000000ca900000|  0%| F|  |TAMS 0x00000000ca800000, 0x00000000ca800000| Untracked 
| 133|0x00000000ca900000, 0x00000000ca900000, 0x00000000caa00000|  0%| F|  |TAMS 0x00000000ca900000, 0x00000000ca900000| Untracked 
| 134|0x00000000caa00000, 0x00000000caa00000, 0x00000000cab00000|  0%| F|  |TAMS 0x00000000caa00000, 0x00000000caa00000| Untracked 
| 135|0x00000000cab00000, 0x00000000cab00000, 0x00000000cac00000|  0%| F|  |TAMS 0x00000000cab00000, 0x00000000cab00000| Untracked 
| 136|0x00000000cac00000, 0x00000000cac00000, 0x00000000cad00000|  0%| F|  |TAMS 0x00000000cac00000, 0x00000000cac00000| Untracked 
| 137|0x00000000cad00000, 0x00000000cad00000, 0x00000000cae00000|  0%| F|  |TAMS 0x00000000cad00000, 0x00000000cad00000| Untracked 
| 138|0x00000000cae00000, 0x00000000cae00000, 0x00000000caf00000|  0%| F|  |TAMS 0x00000000cae00000, 0x00000000cae00000| Untracked 
| 139|0x00000000caf00000, 0x00000000caf00000, 0x00000000cb000000|  0%| F|  |TAMS 0x00000000caf00000, 0x00000000caf00000| Untracked 
| 140|0x00000000cb000000, 0x00000000cb000000, 0x00000000cb100000|  0%| F|  |TAMS 0x00000000cb000000, 0x00000000cb000000| Untracked 
| 141|0x00000000cb100000, 0x00000000cb100000, 0x00000000cb200000|  0%| F|  |TAMS 0x00000000cb100000, 0x00000000cb100000| Untracked 
| 142|0x00000000cb200000, 0x00000000cb200000, 0x00000000cb300000|  0%| F|  |TAMS 0x00000000cb200000, 0x00000000cb200000| Untracked 
| 143|0x00000000cb300000, 0x00000000cb300000, 0x00000000cb400000|  0%| F|  |TAMS 0x00000000cb300000, 0x00000000cb300000| Untracked 
| 144|0x00000000cb400000, 0x00000000cb400000, 0x00000000cb500000|  0%| F|  |TAMS 0x00000000cb400000, 0x00000000cb400000| Untracked 
| 145|0x00000000cb500000, 0x00000000cb500000, 0x00000000cb600000|  0%| F|  |TAMS 0x00000000cb500000, 0x00000000cb500000| Untracked 
| 146|0x00000000cb600000, 0x00000000cb600000, 0x00000000cb700000|  0%| F|  |TAMS 0x00000000cb600000, 0x00000000cb600000| Untracked 
| 147|0x00000000cb700000, 0x00000000cb700000, 0x00000000cb800000|  0%| F|  |TAMS 0x00000000cb700000, 0x00000000cb700000| Untracked 
| 148|0x00000000cb800000, 0x00000000cb800000, 0x00000000cb900000|  0%| F|  |TAMS 0x00000000cb800000, 0x00000000cb800000| Untracked 
| 149|0x00000000cb900000, 0x00000000cb900000, 0x00000000cba00000|  0%| F|  |TAMS 0x00000000cb900000, 0x00000000cb900000| Untracked 
| 150|0x00000000cba00000, 0x00000000cba00000, 0x00000000cbb00000|  0%| F|  |TAMS 0x00000000cba00000, 0x00000000cba00000| Untracked 
| 151|0x00000000cbb00000, 0x00000000cbb00000, 0x00000000cbc00000|  0%| F|  |TAMS 0x00000000cbb00000, 0x00000000cbb00000| Untracked 
| 152|0x00000000cbc00000, 0x00000000cbc00000, 0x00000000cbd00000|  0%| F|  |TAMS 0x00000000cbc00000, 0x00000000cbc00000| Untracked 
| 153|0x00000000cbd00000, 0x00000000cbd00000, 0x00000000cbe00000|  0%| F|  |TAMS 0x00000000cbd00000, 0x00000000cbd00000| Untracked 
| 154|0x00000000cbe00000, 0x00000000cbe00000, 0x00000000cbf00000|  0%| F|  |TAMS 0x00000000cbe00000, 0x00000000cbe00000| Untracked 
| 155|0x00000000cbf00000, 0x00000000cbf00000, 0x00000000cc000000|  0%| F|  |TAMS 0x00000000cbf00000, 0x00000000cbf00000| Untracked 
| 156|0x00000000cc000000, 0x00000000cc000000, 0x00000000cc100000|  0%| F|  |TAMS 0x00000000cc000000, 0x00000000cc000000| Untracked 
| 157|0x00000000cc100000, 0x00000000cc100000, 0x00000000cc200000|  0%| F|  |TAMS 0x00000000cc100000, 0x00000000cc100000| Untracked 
| 158|0x00000000cc200000, 0x00000000cc200000, 0x00000000cc300000|  0%| F|  |TAMS 0x00000000cc200000, 0x00000000cc200000| Untracked 
| 159|0x00000000cc300000, 0x00000000cc300000, 0x00000000cc400000|  0%| F|  |TAMS 0x00000000cc300000, 0x00000000cc300000| Untracked 
| 160|0x00000000cc400000, 0x00000000cc400000, 0x00000000cc500000|  0%| F|  |TAMS 0x00000000cc400000, 0x00000000cc400000| Untracked 
| 161|0x00000000cc500000, 0x00000000cc500000, 0x00000000cc600000|  0%| F|  |TAMS 0x00000000cc500000, 0x00000000cc500000| Untracked 
| 162|0x00000000cc600000, 0x00000000cc600000, 0x00000000cc700000|  0%| F|  |TAMS 0x00000000cc600000, 0x00000000cc600000| Untracked 
| 163|0x00000000cc700000, 0x00000000cc700000, 0x00000000cc800000|  0%| F|  |TAMS 0x00000000cc700000, 0x00000000cc700000| Untracked 
| 164|0x00000000cc800000, 0x00000000cc800000, 0x00000000cc900000|  0%| F|  |TAMS 0x00000000cc800000, 0x00000000cc800000| Untracked 
| 165|0x00000000cc900000, 0x00000000cc900000, 0x00000000cca00000|  0%| F|  |TAMS 0x00000000cc900000, 0x00000000cc900000| Untracked 
| 166|0x00000000cca00000, 0x00000000cca00000, 0x00000000ccb00000|  0%| F|  |TAMS 0x00000000cca00000, 0x00000000cca00000| Untracked 
| 167|0x00000000ccb00000, 0x00000000ccb00000, 0x00000000ccc00000|  0%| F|  |TAMS 0x00000000ccb00000, 0x00000000ccb00000| Untracked 
| 168|0x00000000ccc00000, 0x00000000ccc00000, 0x00000000ccd00000|  0%| F|  |TAMS 0x00000000ccc00000, 0x00000000ccc00000| Untracked 
| 169|0x00000000ccd00000, 0x00000000ccd00000, 0x00000000cce00000|  0%| F|  |TAMS 0x00000000ccd00000, 0x00000000ccd00000| Untracked 
| 170|0x00000000cce00000, 0x00000000cce00000, 0x00000000ccf00000|  0%| F|  |TAMS 0x00000000cce00000, 0x00000000cce00000| Untracked 
| 171|0x00000000ccf00000, 0x00000000ccf00000, 0x00000000cd000000|  0%| F|  |TAMS 0x00000000ccf00000, 0x00000000ccf00000| Untracked 
| 172|0x00000000cd000000, 0x00000000cd000000, 0x00000000cd100000|  0%| F|  |TAMS 0x00000000cd000000, 0x00000000cd000000| Untracked 
| 173|0x00000000cd100000, 0x00000000cd100000, 0x00000000cd200000|  0%| F|  |TAMS 0x00000000cd100000, 0x00000000cd100000| Untracked 
| 174|0x00000000cd200000, 0x00000000cd200000, 0x00000000cd300000|  0%| F|  |TAMS 0x00000000cd200000, 0x00000000cd200000| Untracked 
| 175|0x00000000cd300000, 0x00000000cd300000, 0x00000000cd400000|  0%| F|  |TAMS 0x00000000cd300000, 0x00000000cd300000| Untracked 
| 176|0x00000000cd400000, 0x00000000cd400000, 0x00000000cd500000|  0%| F|  |TAMS 0x00000000cd400000, 0x00000000cd400000| Untracked 
| 177|0x00000000cd500000, 0x00000000cd500000, 0x00000000cd600000|  0%| F|  |TAMS 0x00000000cd500000, 0x00000000cd500000| Untracked 
| 178|0x00000000cd600000, 0x00000000cd600000, 0x00000000cd700000|  0%| F|  |TAMS 0x00000000cd600000, 0x00000000cd600000| Untracked 
| 179|0x00000000cd700000, 0x00000000cd700000, 0x00000000cd800000|  0%| F|  |TAMS 0x00000000cd700000, 0x00000000cd700000| Untracked 
| 180|0x00000000cd800000, 0x00000000cd800000, 0x00000000cd900000|  0%| F|  |TAMS 0x00000000cd800000, 0x00000000cd800000| Untracked 
| 181|0x00000000cd900000, 0x00000000cd900000, 0x00000000cda00000|  0%| F|  |TAMS 0x00000000cd900000, 0x00000000cd900000| Untracked 
| 182|0x00000000cda00000, 0x00000000cda00000, 0x00000000cdb00000|  0%| F|  |TAMS 0x00000000cda00000, 0x00000000cda00000| Untracked 
| 183|0x00000000cdb00000, 0x00000000cdb00000, 0x00000000cdc00000|  0%| F|  |TAMS 0x00000000cdb00000, 0x00000000cdb00000| Untracked 
| 184|0x00000000cdc00000, 0x00000000cdc00000, 0x00000000cdd00000|  0%| F|  |TAMS 0x00000000cdc00000, 0x00000000cdc00000| Untracked 
| 185|0x00000000cdd00000, 0x00000000cdd00000, 0x00000000cde00000|  0%| F|  |TAMS 0x00000000cdd00000, 0x00000000cdd00000| Untracked 
| 186|0x00000000cde00000, 0x00000000cde00000, 0x00000000cdf00000|  0%| F|  |TAMS 0x00000000cde00000, 0x00000000cde00000| Untracked 
| 187|0x00000000cdf00000, 0x00000000cdf00000, 0x00000000ce000000|  0%| F|  |TAMS 0x00000000cdf00000, 0x00000000cdf00000| Untracked 

Card table byte_map: [0x0000022655c00000,0x0000022655df0000] _byte_map_base: 0x00000226555ee000

Marking Bits (Prev, Next): (CMBitMap*) 0x0000022642c11f30, (CMBitMap*) 0x0000022642c11ef8
 Prev Bits: [0x0000022656f50000, 0x0000022657ec0000)
 Next Bits: [0x0000022655fe0000, 0x0000022656f50000)

Polling page: 0x0000022640b70000

Metaspace:

Usage:
  Non-class:     60.51 MB capacity,    59.70 MB ( 99%) used,   678.80 KB (  1%) free+waste,   143.13 KB ( <1%) overhead. 
      Class:      7.72 MB capacity,     7.32 MB ( 95%) used,   344.15 KB (  4%) free+waste,    62.50 KB ( <1%) overhead. 
       Both:     68.23 MB capacity,    67.03 MB ( 98%) used,  1022.95 KB (  1%) free+waste,   205.63 KB ( <1%) overhead. 

Virtual space:
  Non-class space:       62.00 MB reserved,      60.65 MB ( 98%) committed 
      Class space:        1.00 GB reserved,       7.75 MB ( <1%) committed 
             Both:        1.06 GB reserved,      68.40 MB (  6%) committed 

Chunk freelists:
   Non-Class:  21.00 KB
       Class:  0 bytes
        Both:  21.00 KB

MaxMetaspaceSize: 17179869184.00 GB
CompressedClassSpaceSize: 1.00 GB

CodeHeap 'non-profiled nmethods': size=120000Kb used=4894Kb max_used=4894Kb free=115105Kb
 bounds [0x000002264e1b0000, 0x000002264e680000, 0x00000226556e0000]
CodeHeap 'profiled nmethods': size=120000Kb used=29516Kb max_used=29516Kb free=90483Kb
 bounds [0x0000022646c80000, 0x0000022648960000, 0x000002264e1b0000]
CodeHeap 'non-nmethods': size=5760Kb used=1223Kb max_used=1268Kb free=4536Kb
 bounds [0x00000226466e0000, 0x0000022646950000, 0x0000022646c80000]
 total_blobs=12570 nmethods=11986 adapters=492
 compilation: enabled
              stopped_count=0, restarted_count=0
 full_count=0

Compilation events (20 events):
Event: 17.677 Thread 0x000002265a8e8800 12307       1       org.jetbrains.kotlin.serialization.deserialization.DeserializationContext::getContainerSource (5 bytes)
Event: 17.677 Thread 0x000002265a8e8800 nmethod 12307 0x000002264e677310 code [0x000002264e6774c0, 0x000002264e677578]
Event: 17.679 Thread 0x000002265a8e8800 12308  s    2       java.util.Stack::pop (19 bytes)
Event: 17.680 Thread 0x000002265a8e8800 nmethod 12308 0x000002264894d390 code [0x000002264894d5a0, 0x000002264894de28]
Event: 17.680 Thread 0x000002265a8e8800 12309       2       org.jetbrains.kotlin.resolve.calls.inference.model.TypeVariableFromCallableDescriptor::<init> (42 bytes)
Event: 17.681 Thread 0x000002265a8e8800 nmethod 12309 0x000002264894e110 code [0x000002264894e400, 0x000002264894eba8]
Event: 17.681 Thread 0x000002265a8e8800 12310       2       org.jetbrains.kotlin.resolve.calls.inference.model.DeclaredUpperBoundConstraintPositionImpl::<init> (12 bytes)
Event: 17.681 Thread 0x000002265a8e8800 nmethod 12310 0x000002264894f090 code [0x000002264894f280, 0x000002264894f578]
Event: 17.681 Thread 0x000002265a8e8800 12311       2       org.jetbrains.kotlin.resolve.calls.inference.model.DeclaredUpperBoundConstraintPosition::<init> (11 bytes)
Event: 17.681 Thread 0x000002265a8e8800 nmethod 12311 0x000002264894f790 code [0x000002264894f940, 0x000002264894fa78]
Event: 17.683 Thread 0x000002265a8e8800 12312       2       org.jetbrains.kotlin.types.AbstractTypeChecker::isTypeVariableAgainstStarProjectionForSelfType (156 bytes)
Event: 17.684 Thread 0x000002265a8e8800 nmethod 12312 0x000002264894fb10 code [0x000002264894fd60, 0x00000226489502a8]
Event: 17.684 Thread 0x000002265a8e8800 12313       2       org.jetbrains.kotlin.resolve.lazy.ResolveSession::getDelegationFilter (14 bytes)
Event: 17.684 Thread 0x000002265a8e8800 nmethod 12313 0x0000022648950510 code [0x00000226489506c0, 0x00000226489507e8]
Event: 17.688 Thread 0x000002265a8e8800 12314       1       org.jetbrains.kotlin.codegen.signature.JvmSignatureWriter::skipGenericSignature (2 bytes)
Event: 17.688 Thread 0x000002265a8e8800 nmethod 12314 0x000002264e677610 code [0x000002264e6777c0, 0x000002264e677878]
Event: 17.689 Thread 0x000002265a8e8800 12315       2       org.jetbrains.kotlin.types.expressions.BasicExpressionTypingVisitor::visitStringTemplateExpression (142 bytes)
Event: 17.690 Thread 0x000002265a8e8800 nmethod 12315 0x0000022648950890 code [0x0000022648950c20, 0x0000022648951978]
Event: 17.690 Thread 0x000002265a8e8800 12316       2       org.jetbrains.kotlin.types.expressions.BasicExpressionTypingVisitor$1StringTemplateVisitor::<init> (26 bytes)
Event: 17.691 Thread 0x000002265a8e8800 nmethod 12316 0x0000022648952310 code [0x00000226489525c0, 0x0000022648952d38]

GC Heap History (20 events):
Event: 7.234 GC heap after
{Heap after GC invocations=15 (full 0):
 garbage-first heap   total 114688K, used 53171K [0x00000000c2400000, 0x0000000100000000)
  region size 1024K, 4 young (4096K), 4 survivors (4096K)
 Metaspace       used 57355K, capacity 58019K, committed 58268K, reserved 1101824K
  class space    used 6537K, capacity 6800K, committed 6912K, reserved 1048576K
}
Event: 7.873 GC heap before
{Heap before GC invocations=16 (full 0):
 garbage-first heap   total 114688K, used 80819K [0x00000000c2400000, 0x0000000100000000)
  region size 1024K, 31 young (31744K), 4 survivors (4096K)
 Metaspace       used 57645K, capacity 58373K, committed 58524K, reserved 1101824K
  class space    used 6548K, capacity 6832K, committed 6912K, reserved 1048576K
}
Event: 7.905 GC heap after
{Heap after GC invocations=17 (full 0):
 garbage-first heap   total 114688K, used 58866K [0x00000000c2400000, 0x0000000100000000)
  region size 1024K, 4 young (4096K), 4 survivors (4096K)
 Metaspace       used 57645K, capacity 58373K, committed 58524K, reserved 1101824K
  class space    used 6548K, capacity 6832K, committed 6912K, reserved 1048576K
}
Event: 8.126 GC heap before
{Heap before GC invocations=17 (full 0):
 garbage-first heap   total 114688K, used 84466K [0x00000000c2400000, 0x0000000100000000)
  region size 1024K, 29 young (29696K), 4 survivors (4096K)
 Metaspace       used 57766K, capacity 58502K, committed 58780K, reserved 1101824K
  class space    used 6551K, capacity 6832K, committed 6912K, reserved 1048576K
}
Event: 8.156 GC heap after
{Heap after GC invocations=18 (full 0):
 garbage-first heap   total 114688K, used 63982K [0x00000000c2400000, 0x0000000100000000)
  region size 1024K, 4 young (4096K), 4 survivors (4096K)
 Metaspace       used 57766K, capacity 58502K, committed 58780K, reserved 1101824K
  class space    used 6551K, capacity 6832K, committed 6912K, reserved 1048576K
}
Event: 8.413 GC heap before
{Heap before GC invocations=19 (full 0):
 garbage-first heap   total 114688K, used 88558K [0x00000000c2400000, 0x0000000100000000)
  region size 1024K, 28 young (28672K), 4 survivors (4096K)
 Metaspace       used 57788K, capacity 58502K, committed 58780K, reserved 1101824K
  class space    used 6551K, capacity 6832K, committed 6912K, reserved 1048576K
}
Event: 8.469 GC heap after
{Heap after GC invocations=20 (full 0):
 garbage-first heap   total 114688K, used 68493K [0x00000000c2400000, 0x0000000100000000)
  region size 1024K, 4 young (4096K), 4 survivors (4096K)
 Metaspace       used 57788K, capacity 58502K, committed 58780K, reserved 1101824K
  class space    used 6551K, capacity 6832K, committed 6912K, reserved 1048576K
}
Event: 8.591 GC heap before
{Heap before GC invocations=20 (full 0):
 garbage-first heap   total 114688K, used 91021K [0x00000000c2400000, 0x0000000100000000)
  region size 1024K, 26 young (26624K), 4 survivors (4096K)
 Metaspace       used 57933K, capacity 58642K, committed 58780K, reserved 1101824K
  class space    used 6565K, capacity 6836K, committed 6912K, reserved 1048576K
}
Event: 8.605 GC heap after
{Heap after GC invocations=21 (full 0):
 garbage-first heap   total 192512K, used 69632K [0x00000000c2400000, 0x0000000100000000)
  region size 1024K, 1 young (1024K), 1 survivors (1024K)
 Metaspace       used 57933K, capacity 58642K, committed 58780K, reserved 1101824K
  class space    used 6565K, capacity 6836K, committed 6912K, reserved 1048576K
}
Event: 8.978 GC heap before
{Heap before GC invocations=22 (full 0):
 garbage-first heap   total 192512K, used 115712K [0x00000000c2400000, 0x0000000100000000)
  region size 1024K, 46 young (47104K), 1 survivors (1024K)
 Metaspace       used 57949K, capacity 58642K, committed 58780K, reserved 1101824K
  class space    used 6566K, capacity 6836K, committed 6912K, reserved 1048576K
}
Event: 9.033 GC heap after
{Heap after GC invocations=23 (full 0):
 garbage-first heap   total 192512K, used 69070K [0x00000000c2400000, 0x0000000100000000)
  region size 1024K, 1 young (1024K), 1 survivors (1024K)
 Metaspace       used 57949K, capacity 58642K, committed 58780K, reserved 1101824K
  class space    used 6566K, capacity 6836K, committed 6912K, reserved 1048576K
}
Event: 9.120 GC heap before
{Heap before GC invocations=23 (full 0):
 garbage-first heap   total 192512K, used 125390K [0x00000000c2400000, 0x0000000100000000)
  region size 1024K, 56 young (57344K), 1 survivors (1024K)
 Metaspace       used 57953K, capacity 58642K, committed 58780K, reserved 1101824K
  class space    used 6566K, capacity 6836K, committed 6912K, reserved 1048576K
}
Event: 9.121 GC heap after
{Heap after GC invocations=24 (full 0):
 garbage-first heap   total 192512K, used 69095K [0x00000000c2400000, 0x0000000100000000)
  region size 1024K, 1 young (1024K), 1 survivors (1024K)
 Metaspace       used 57953K, capacity 58642K, committed 58780K, reserved 1101824K
  class space    used 6566K, capacity 6836K, committed 6912K, reserved 1048576K
}
Event: 10.900 GC heap before
{Heap before GC invocations=24 (full 0):
 garbage-first heap   total 192512K, used 132583K [0x00000000c2400000, 0x0000000100000000)
  region size 1024K, 63 young (64512K), 1 survivors (1024K)
 Metaspace       used 60721K, capacity 61444K, committed 61596K, reserved 1103872K
  class space    used 6804K, capacity 7082K, committed 7168K, reserved 1048576K
}
Event: 10.915 GC heap after
{Heap after GC invocations=25 (full 0):
 garbage-first heap   total 192512K, used 72267K [0x00000000c2400000, 0x0000000100000000)
  region size 1024K, 4 young (4096K), 4 survivors (4096K)
 Metaspace       used 60721K, capacity 61444K, committed 61596K, reserved 1103872K
  class space    used 6804K, capacity 7082K, committed 7168K, reserved 1048576K
}
Event: 13.151 GC heap before
{Heap before GC invocations=25 (full 0):
 garbage-first heap   total 192512K, used 141899K [0x00000000c2400000, 0x0000000100000000)
  region size 1024K, 71 young (72704K), 4 survivors (4096K)
 Metaspace       used 66230K, capacity 67125K, committed 67356K, reserved 1110016K
  class space    used 7329K, capacity 7686K, committed 7808K, reserved 1048576K
}
Event: 13.200 GC heap after
{Heap after GC invocations=26 (full 0):
 garbage-first heap   total 192512K, used 81181K [0x00000000c2400000, 0x0000000100000000)
  region size 1024K, 9 young (9216K), 9 survivors (9216K)
 Metaspace       used 66230K, capacity 67125K, committed 67356K, reserved 1110016K
  class space    used 7329K, capacity 7686K, committed 7808K, reserved 1048576K
}
Event: 14.616 GC heap before
{Heap before GC invocations=26 (full 0):
 garbage-first heap   total 192512K, used 148765K [0x00000000c2400000, 0x0000000100000000)
  region size 1024K, 73 young (74752K), 9 survivors (9216K)
 Metaspace       used 67772K, capacity 68961K, committed 69276K, reserved 1110016K
  class space    used 7447K, capacity 7867K, committed 7936K, reserved 1048576K
}
Event: 15.032 GC heap after
{Heap after GC invocations=27 (full 0):
 garbage-first heap   total 192512K, used 87891K [0x00000000c2400000, 0x0000000100000000)
  region size 1024K, 5 young (5120K), 5 survivors (5120K)
 Metaspace       used 67772K, capacity 68961K, committed 69276K, reserved 1110016K
  class space    used 7447K, capacity 7867K, committed 7936K, reserved 1048576K
}
Event: 17.692 GC heap before
{Heap before GC invocations=27 (full 0):
 garbage-first heap   total 192512K, used 150355K [0x00000000c2400000, 0x0000000100000000)
  region size 1024K, 66 young (67584K), 5 survivors (5120K)
 Metaspace       used 68635K, capacity 69864K, committed 70044K, reserved 1112064K
  class space    used 7498K, capacity 7905K, committed 7936K, reserved 1048576K
}

Deoptimization events (20 events):
Event: 16.595 Thread 0x0000022642be3800 DEOPT PACKING pc=0x000002264e308510 sp=0x0000003ba59f9150
Event: 16.595 Thread 0x0000022642be3800 DEOPT UNPACKING pc=0x000002264670662f sp=0x0000003ba59f9110 mode 2
Event: 16.920 Thread 0x0000022642be3800 Uncommon trap: trap_request=0xffffffde fr.pc=0x000002264e34c700 relative=0x0000000000000c60
Event: 16.920 Thread 0x0000022642be3800 Uncommon trap: reason=class_check action=maybe_recompile pc=0x000002264e34c700 method=org.jetbrains.kotlin.parsing.AbstractKotlinParsing.at(Lorg/jetbrains/kotlin/com/intellij/psi/tree/IElementType;)Z @ 30 c2
Event: 16.920 Thread 0x0000022642be3800 DEOPT PACKING pc=0x000002264e34c700 sp=0x0000003ba59f9240
Event: 16.920 Thread 0x0000022642be3800 DEOPT UNPACKING pc=0x000002264670662f sp=0x0000003ba59f9210 mode 2
Event: 16.920 Thread 0x0000022642be3800 Uncommon trap: trap_request=0xffffffde fr.pc=0x000002264e34c700 relative=0x0000000000000c60
Event: 16.920 Thread 0x0000022642be3800 Uncommon trap: reason=class_check action=maybe_recompile pc=0x000002264e34c700 method=org.jetbrains.kotlin.parsing.AbstractKotlinParsing.at(Lorg/jetbrains/kotlin/com/intellij/psi/tree/IElementType;)Z @ 30 c2
Event: 16.920 Thread 0x0000022642be3800 DEOPT PACKING pc=0x000002264e34c700 sp=0x0000003ba59f9240
Event: 16.920 Thread 0x0000022642be3800 DEOPT UNPACKING pc=0x000002264670662f sp=0x0000003ba59f9210 mode 2
Event: 16.938 Thread 0x0000022642be3800 Uncommon trap: trap_request=0xffffffc6 fr.pc=0x000002264e46096c relative=0x00000000000002ec
Event: 16.938 Thread 0x0000022642be3800 Uncommon trap: reason=bimorphic_or_optimized_type_check action=maybe_recompile pc=0x000002264e46096c method=org.jetbrains.kotlin.resolve.DescriptorUtils.isSealedClass(Lorg/jetbrains/kotlin/descriptors/DeclarationDescriptor;)Z @ 24 c2
Event: 16.938 Thread 0x0000022642be3800 DEOPT PACKING pc=0x000002264e46096c sp=0x0000003ba59f9380
Event: 16.938 Thread 0x0000022642be3800 DEOPT UNPACKING pc=0x000002264670662f sp=0x0000003ba59f9320 mode 2
Event: 17.438 Thread 0x0000022642be3800 DEOPT PACKING pc=0x000002264886563e sp=0x0000003ba59f6a10
Event: 17.438 Thread 0x0000022642be3800 DEOPT UNPACKING pc=0x0000022646706dde sp=0x0000003ba59f5ef0 mode 0
Event: 17.440 Thread 0x0000022642be3800 DEOPT PACKING pc=0x000002264886563e sp=0x0000003ba59f66d0
Event: 17.440 Thread 0x0000022642be3800 DEOPT UNPACKING pc=0x0000022646706dde sp=0x0000003ba59f5bb0 mode 0
Event: 17.616 Thread 0x0000022642be3800 DEOPT PACKING pc=0x00000226481d49ff sp=0x0000003ba59f6c70
Event: 17.616 Thread 0x0000022642be3800 DEOPT UNPACKING pc=0x0000022646706dde sp=0x0000003ba59f62e0 mode 0

Classes redefined (0 events):
No events

Internal exceptions (20 events):
Event: 6.991 Thread 0x0000022642be3800 Exception <a 'java/lang/NoSuchMethodError'{0x00000000c73ce4a8}: 'int java.lang.invoke.DirectMethodHandle$Holder.invokeInterface(java.lang.Object, java.lang.Object)'> (0x00000000c73ce4a8) thrown at [./src/hotspot/share/interpreter/linkResolver.cpp, line 773]
Event: 7.062 Thread 0x0000022642be3800 Exception <a 'java/lang/NoSuchMethodError'{0x00000000c6e404c8}: 'java.lang.Object java.lang.invoke.DirectMethodHandle$Holder.invokeStaticInit(java.lang.Object, java.lang.Object, java.lang.Object)'> (0x00000000c6e404c8) thrown at [./src/hotspot/share/interpreter/linkResolver.cpp, line 773]
Event: 9.258 Thread 0x0000022642be3800 Exception <a 'java/lang/NoSuchMethodError'{0x00000000cb9fadd8}: 'java.lang.Object java.lang.invoke.Invokers$Holder.linkToTargetMethod(java.lang.Object, java.lang.Object, java.lang.Object, int, int, java.lang.Object)'> (0x00000000cb9fadd8) thrown at [./src/hotspot/share/interpreter/linkResolver.cpp, line 773]
Event: 9.832 Thread 0x0000022642be3800 Implicit null exception at 0x000002264e20fdde to 0x000002264e21054a
Event: 9.832 Thread 0x0000022642be3800 Implicit null exception at 0x000002264e2815af to 0x000002264e28161d
Event: 9.887 Thread 0x0000022642be3800 Implicit null exception at 0x000002264e40f17c to 0x000002264e40fc1c
Event: 9.914 Thread 0x0000022642be3800 Exception <a 'java/lang/NoSuchMethodError'{0x00000000cac89980}: 'java.lang.Object java.lang.invoke.DirectMethodHandle$Holder.invokeInterface(java.lang.Object, java.lang.Object, java.lang.Object)'> (0x00000000cac89980) thrown at [./src/hotspot/share/interpreter/linkResolver.cpp, line 773]
Event: 9.915 Thread 0x0000022642be3800 Exception <a 'java/lang/IncompatibleClassChangeError'{0x00000000cac8cbb0}: Found class java.lang.Object, but interface was expected> (0x00000000cac8cbb0) thrown at [./src/hotspot/share/interpreter/linkResolver.cpp, line 839]
Event: 9.932 Thread 0x0000022642be3800 Implicit null exception at 0x000002264e1cb477 to 0x000002264e1cb974
Event: 10.598 Thread 0x0000022642be3800 Implicit null exception at 0x000002264e1ca9f4 to 0x000002264e1caf08
Event: 10.745 Thread 0x0000022642be3800 Exception <a 'java/lang/NoSuchMethodError'{0x00000000ca53a148}: 'int java.lang.invoke.DirectMethodHandle$Holder.invokeStaticInit(java.lang.Object, int)'> (0x00000000ca53a148) thrown at [./src/hotspot/share/interpreter/linkResolver.cpp, line 773]
Event: 11.082 Thread 0x0000022642be3800 Exception <a 'java/lang/NoSuchMethodError'{0x00000000cdcf9a90}: 'java.lang.Object java.lang.invoke.Invokers$Holder.linkToTargetMethod(java.lang.Object, java.lang.Object, java.lang.Object, java.lang.Object, java.lang.Object, java.lang.Object, java.lang.Object)'> (0x00000000cdcf9a90) thrown at [./src/hotspot/share/interpreter/linkResolver.cpp, line 773]
Event: 11.245 Thread 0x0000022642be3800 Exception <a 'java/lang/NoSuchMethodError'{0x00000000cd60d1c8}: 'java.lang.Object java.lang.invoke.DirectMethodHandle$Holder.invokeStatic(java.lang.Object, int, java.lang.Object, java.lang.Object)'> (0x00000000cd60d1c8) thrown at [./src/hotspot/share/interpreter/linkResolver.cpp, line 773]
Event: 11.419 Thread 0x0000022642be3800 Exception <a 'java/lang/NoSuchMethodError'{0x00000000cd16d7f0}: 'int java.lang.invoke.DirectMethodHandle$Holder.invokeVirtual(java.lang.Object, java.lang.Object, java.lang.Object)'> (0x00000000cd16d7f0) thrown at [./src/hotspot/share/interpreter/linkResolver.cpp, line 773]
Event: 11.542 Thread 0x0000022642be3800 Exception <a 'java/lang/NoSuchMethodError'{0x00000000cce3f1c8}: 'void java.lang.invoke.DirectMethodHandle$Holder.invokeInterface(java.lang.Object, java.lang.Object)'> (0x00000000cce3f1c8) thrown at [./src/hotspot/share/interpreter/linkResolver.cpp, line 773]
Event: 11.608 Thread 0x0000022642be3800 Exception <a 'java/lang/IncompatibleClassChangeError'{0x00000000ccde6040}: Found class java.lang.Object, but interface was expected> (0x00000000ccde6040) thrown at [./src/hotspot/share/interpreter/linkResolver.cpp, line 839]
Event: 12.707 Thread 0x0000022642be3800 Implicit null exception at 0x000002264e2086f5 to 0x000002264e2088bc
Event: 14.488 Thread 0x0000022642be3800 Implicit null exception at 0x000002264e5dcbdb to 0x000002264e5dce6f
Event: 15.776 Thread 0x0000022642be3800 Implicit null exception at 0x000002264e605f58 to 0x000002264e606544
Event: 15.849 Thread 0x0000022642be3800 Implicit null exception at 0x000002264e5def33 to 0x000002264e5df654

Events (20 events):
Event: 17.476 loading class org/jetbrains/kotlin/com/intellij/psi/impl/compiled/SignatureParsing$TypeParameterDeclaration done
Event: 17.493 loading class org/jetbrains/kotlin/com/intellij/psi/impl/java/stubs/impl/PsiTypeParameterStubImpl
Event: 17.493 loading class org/jetbrains/kotlin/com/intellij/psi/impl/java/stubs/impl/PsiTypeParameterStubImpl done
Event: 17.674 loading class org/jetbrains/kotlin/resolve/calls/tower/SimpleTypeArgumentImpl
Event: 17.674 loading class org/jetbrains/kotlin/resolve/calls/tower/SimpleTypeArgumentImpl done
Event: 17.675 loading class org/jetbrains/kotlin/resolve/calls/model/SimpleTypeArgument
Event: 17.675 loading class org/jetbrains/kotlin/resolve/calls/model/SimpleTypeArgument done
Event: 17.675 loading class org/jetbrains/kotlin/resolve/calls/model/TypeArgument
Event: 17.675 loading class org/jetbrains/kotlin/resolve/calls/model/TypeArgument done
Event: 17.679 loading class org/jetbrains/kotlin/resolve/calls/components/TypeArgumentsToParametersMapper$TypeArgumentsMapping$TypeArgumentsMappingImpl
Event: 17.679 loading class org/jetbrains/kotlin/resolve/calls/components/TypeArgumentsToParametersMapper$TypeArgumentsMapping$TypeArgumentsMappingImpl done
Event: 17.680 loading class org/jetbrains/kotlin/resolve/calls/inference/model/ExplicitTypeParameterConstraintPositionImpl
Event: 17.680 loading class org/jetbrains/kotlin/resolve/calls/inference/model/ExplicitTypeParameterConstraintPositionImpl done
Event: 17.681 loading class org/jetbrains/kotlin/resolve/calls/inference/model/ExplicitTypeParameterConstraintPosition
Event: 17.681 loading class org/jetbrains/kotlin/resolve/calls/inference/model/ExplicitTypeParameterConstraintPosition done
Event: 17.682 loading class org/jetbrains/kotlin/resolve/calls/inference/model/SimpleConstraintSystemConstraintPosition
Event: 17.682 loading class org/jetbrains/kotlin/resolve/calls/inference/model/SimpleConstraintSystemConstraintPosition done
Event: 17.685 Executing VM operation: ICBufferFull
Event: 17.685 Executing VM operation: ICBufferFull done
Event: 17.692 Executing VM operation: G1CollectForAllocation


Dynamic libraries:
0x00007ff656df0000 - 0x00007ff656dfa000 	C:\Program Files\Android\Android Studio1\jre\bin\java.exe
0x00007ffc2d4d0000 - 0x00007ffc2d6c5000 	C:\WINDOWS\SYSTEM32\ntdll.dll
0x00007ffc230a0000 - 0x00007ffc230b6000 	C:\Program Files\Avast Software\Avast\aswhook.dll
0x00007ffc2d320000 - 0x00007ffc2d3de000 	C:\WINDOWS\System32\KERNEL32.DLL
0x00007ffc2b050000 - 0x00007ffc2b318000 	C:\WINDOWS\System32\KERNELBASE.dll
0x00007ffc2b3b0000 - 0x00007ffc2b4b0000 	C:\WINDOWS\System32\ucrtbase.dll
0x00007ffc0f660000 - 0x00007ffc0f679000 	C:\Program Files\Android\Android Studio1\jre\bin\jli.dll
0x00007ffc15e30000 - 0x00007ffc15e47000 	C:\Program Files\Android\Android Studio1\jre\bin\VCRUNTIME140.dll
0x00007ffc2d180000 - 0x00007ffc2d320000 	C:\WINDOWS\System32\USER32.dll
0x00007ffc2ac10000 - 0x00007ffc2ac32000 	C:\WINDOWS\System32\win32u.dll
0x00007ffc2c550000 - 0x00007ffc2c57b000 	C:\WINDOWS\System32\GDI32.dll
0x00007ffc17cc0000 - 0x00007ffc17f5a000 	C:\WINDOWS\WinSxS\amd64_microsoft.windows.common-controls_6595b64144ccf1df_6.0.19041.1110_none_60b5254171f9507e\COMCTL32.dll
0x00007ffc2ade0000 - 0x00007ffc2aeed000 	C:\WINDOWS\System32\gdi32full.dll
0x00007ffc2d3f0000 - 0x00007ffc2d48e000 	C:\WINDOWS\System32\msvcrt.dll
0x00007ffc2ac40000 - 0x00007ffc2acdd000 	C:\WINDOWS\System32\msvcp_win.dll
0x00007ffc2b670000 - 0x00007ffc2b6a0000 	C:\WINDOWS\System32\IMM32.DLL
0x00007ffbe62c0000 - 0x00007ffbe635d000 	C:\Program Files\Android\Android Studio1\jre\bin\msvcp140.dll
0x00007ffbd2ce0000 - 0x00007ffbd37b5000 	C:\Program Files\Android\Android Studio1\jre\bin\server\jvm.dll
0x00007ffc2b520000 - 0x00007ffc2b5ce000 	C:\WINDOWS\System32\ADVAPI32.dll
0x00007ffc2b5d0000 - 0x00007ffc2b66c000 	C:\WINDOWS\System32\sechost.dll
0x00007ffc2b6a0000 - 0x00007ffc2b7c5000 	C:\WINDOWS\System32\RPCRT4.dll
0x00007ffc2c540000 - 0x00007ffc2c548000 	C:\WINDOWS\System32\PSAPI.DLL
0x00007ffc1c650000 - 0x00007ffc1c659000 	C:\WINDOWS\SYSTEM32\WSOCK32.dll
0x00007ffc183c0000 - 0x00007ffc183e7000 	C:\WINDOWS\SYSTEM32\WINMM.dll
0x00007ffc2c420000 - 0x00007ffc2c48b000 	C:\WINDOWS\System32\WS2_32.dll
0x00007ffc217f0000 - 0x00007ffc217fa000 	C:\WINDOWS\SYSTEM32\VERSION.dll
0x00007ffc29460000 - 0x00007ffc29472000 	C:\WINDOWS\SYSTEM32\kernel.appcore.dll
0x00007ffc23110000 - 0x00007ffc23121000 	C:\Program Files\Android\Android Studio1\jre\bin\verify.dll
0x00007ffc29040000 - 0x00007ffc29224000 	C:\WINDOWS\SYSTEM32\DBGHELP.DLL
0x00007ffc1fe10000 - 0x00007ffc1fe3c000 	C:\WINDOWS\SYSTEM32\dbgcore.DLL
0x00007ffc2b320000 - 0x00007ffc2b3a2000 	C:\WINDOWS\System32\bcryptPrimitives.dll
0x00007ffc185d0000 - 0x00007ffc185f9000 	C:\Program Files\Android\Android Studio1\jre\bin\java.dll
0x00007ffc23180000 - 0x00007ffc2318b000 	C:\Program Files\Android\Android Studio1\jre\bin\jimage.dll
0x00007ffc22d60000 - 0x00007ffc22d78000 	C:\Program Files\Android\Android Studio1\jre\bin\zip.dll
0x00007ffc2ba80000 - 0x00007ffc2c1c4000 	C:\WINDOWS\System32\SHELL32.dll
0x00007ffc287e0000 - 0x00007ffc28f74000 	C:\WINDOWS\SYSTEM32\windows.storage.dll
0x00007ffc2c620000 - 0x00007ffc2c975000 	C:\WINDOWS\System32\combase.dll
0x00007ffc2a630000 - 0x00007ffc2a65e000 	C:\WINDOWS\SYSTEM32\Wldp.dll
0x00007ffc2c490000 - 0x00007ffc2c53d000 	C:\WINDOWS\System32\SHCORE.dll
0x00007ffc2cf90000 - 0x00007ffc2cfe5000 	C:\WINDOWS\System32\shlwapi.dll
0x00007ffc2ab20000 - 0x00007ffc2ab3f000 	C:\WINDOWS\SYSTEM32\profapi.dll
0x00007ffc21da0000 - 0x00007ffc21dba000 	C:\Program Files\Android\Android Studio1\jre\bin\net.dll
0x00007ffc1d7e0000 - 0x00007ffc1d8ec000 	C:\WINDOWS\SYSTEM32\WINHTTP.dll
0x00007ffc2a390000 - 0x00007ffc2a3fa000 	C:\WINDOWS\system32\mswsock.dll
0x00007ffc21cd0000 - 0x00007ffc21ce4000 	C:\Program Files\Android\Android Studio1\jre\bin\nio.dll

dbghelp: loaded successfully - version: 4.0.5 - missing functions: none
symbol engine: initialized successfully - sym options: 0x614 - pdb path: .;C:\Program Files\Android\Android Studio1\jre\bin;C:\WINDOWS\SYSTEM32;C:\Program Files\Avast Software\Avast;C:\WINDOWS\WinSxS\amd64_microsoft.windows.common-controls_6595b64144ccf1df_6.0.19041.1110_none_60b5254171f9507e;C:\Program Files\Android\Android Studio1\jre\bin\server

VM Arguments:
java_command: org.jetbrains.kotlin.cli.jvm.K2JVMCompiler @C:\kotlinSUMMER\VanGo\app\build\20220216_17704355494042274767.compiler.options
java_class_path (initial): C:\kotlinSUMMER\caches\modules-2\files-2.1\org.jetbrains.kotlin\kotlin-compiler-embeddable\1.6.10\88f2073f4020cdb83132cfe940ceb9a60aba54ea\kotlin-compiler-embeddable-1.6.10.jar;C:\kotlinSUMMER\caches\modules-2\files-2.1\org.jetbrains.kotlin\kotlin-reflect\1.6.10\1cbe9c92c12a94eea200d23c2bbaedaf3daf5132\kotlin-reflect-1.6.10.jar;C:\kotlinSUMMER\caches\modules-2\files-2.1\org.jetbrains.kotlin\kotlin-stdlib\1.6.10\b8af3fe6f1ca88526914929add63cf5e7c5049af\kotlin-stdlib-1.6.10.jar;C:\kotlinSUMMER\caches\modules-2\files-2.1\org.jetbrains.kotlin\kotlin-script-runtime\1.6.10\d0a7ff2e2500ef497ed0214ae40ad3c8387a6164\kotlin-script-runtime-1.6.10.jar;C:\kotlinSUMMER\caches\modules-2\files-2.1\org.jetbrains.kotlin\kotlin-daemon-embeddable\1.6.10\a56d79bcbea411fa6058e4ecffc2de73e742bd2a\kotlin-daemon-embeddable-1.6.10.jar;C:\kotlinSUMMER\caches\modules-2\files-2.1\org.jetbrains.intellij.deps\trove4j\1.0.20181211\216c2e14b070f334479d800987affe4054cd563f\trove4j-1.0.20181211.jar;C:\kotlinSUMMER\caches\modules-2\files-2.1\net.java.dev.jna\jna\5.6.0\330f2244e9030119ab3030fc3fededc86713d9cc\jna-5.6.0.jar;C:\kotlinSUMMER\caches\modules-2\files-2.1\org.jetbrains\annotations\13.0\919f0dfe192fb4e063e7dacadee7f8bb9a2672a9\annotations-13.0.jar;C:\kotlinSUMMER\caches\modules-2\files-2.1\org.jetbrains.kotlin\kotlin-stdlib-common\1.6.10\c118700e3a33c8a0d9adc920e9dec0831171925\kotlin-stdlib-common-1.6.10.jar
Launcher Type: SUN_STANDARD

[Global flags]
     intx CICompilerCount                          = 4                                         {product} {ergonomic}
     uint ConcGCThreads                            = 2                                         {product} {ergonomic}
     uint G1ConcRefinementThreads                  = 8                                         {product} {ergonomic}
   size_t G1HeapRegionSize                         = 1048576                                   {product} {ergonomic}
    uintx GCDrainStackTargetSize                   = 64                                        {product} {ergonomic}
   size_t InitialHeapSize                          = 65011712                                  {product} {ergonomic}
   size_t MarkStackSize                            = 4194304                                   {product} {ergonomic}
   size_t MaxHeapSize                              = 1035993088                                {product} {ergonomic}
   size_t MaxNewSize                               = 620756992                                 {product} {ergonomic}
   size_t MinHeapDeltaBytes                        = 1048576                                   {product} {ergonomic}
    uintx NonNMethodCodeHeapSize                   = 5836300                                {pd product} {ergonomic}
    uintx NonProfiledCodeHeapSize                  = 122910970                              {pd product} {ergonomic}
    uintx ProfiledCodeHeapSize                     = 122910970                              {pd product} {ergonomic}
    uintx ReservedCodeCacheSize                    = 251658240                              {pd product} {ergonomic}
     bool SegmentedCodeCache                       = true                                      {product} {ergonomic}
     bool UseCompressedClassPointers               = true                                 {lp64_product} {ergonomic}
     bool UseCompressedOops                        = true                                 {lp64_product} {ergonomic}
     bool UseG1GC                                  = true                                      {product} {ergonomic}
     bool UseLargePagesIndividualAllocation        = false                                  {pd product} {ergonomic}

Logging:
Log output configuration:
 #0: stdout all=warning uptime,level,tags
 #1: stderr all=off uptime,level,tags

Environment Variables:
PATH=C:\Program Files\Common Files\Oracle\Java\javapath;C:\Program Files (x86)\Common Files\Oracle\Java\javapath;C:\Windows\system32;C:\Windows;C:\Windows\System32\Wbem;C:\Windows\System32\WindowsPowerShell\v1.0\;C:\Windows\System32\OpenSSH\;C:\Program Files (x86)\NVIDIA Corporation\PhysX\Common;C:\Program Files\NVIDIA Corporation\NVIDIA NvDLISR;C:\Program Files\Microsoft VS Code\bin;C:\WINDOWS\system32;C:\WINDOWS;C:\WINDOWS\System32\Wbem;C:\WINDOWS\System32\WindowsPowerShell\v1.0\;C:\WINDOWS\System32\OpenSSH\;C:\Program Files\nodejs\;C:\Program Files\Git\cmd;C:\xampp3\php;C:\ProgramData\ComposerSetup\bin;C:\Program Files\MySQL\MySQL Shell 8.0\bin\;C:\Users\ASUS\AppData\Local\Microsoft\WindowsApps;C:\Users\ASUS\AppData\Local\Android\Sdk\platform-tools;C:\Users\ASUS\AppData\Roaming\npm;C:\Users\ASUS\AppData\Roaming\Composer\vendor\bin
USERNAME=ASUS
OS=Windows_NT
PROCESSOR_IDENTIFIER=Intel64 Family 6 Model 142 Stepping 11, GenuineIntel



---------------  S Y S T E M  ---------------

OS: Windows 10 , 64 bit Build 19041 (10.0.19041.1503)
OS uptime: 5 days 6:45 hours

CPU:total 8 (initial active 8) (4 cores per cpu, 2 threads per core) family 6 model 142 stepping 11 microcode 0xb8, cmov, cx8, fxsr, mmx, sse, sse2, sse3, ssse3, sse4.1, sse4.2, popcnt, avx, avx2, aes, clmul, erms, 3dnowpref, lzcnt, ht, tsc, tscinvbit, bmi1, bmi2, adx, fma

Memory: 4k page, system-wide physical 3947M (274M free)
TotalPageFile size 16235M (AvailPageFile size 87M)
current process WorkingSet (physical memory assigned to process): 276M, peak: 278M
current process commit charge ("private bytes"): 414M, peak: 602M

vm_info: OpenJDK 64-Bit Server VM (11.0.11+9-b60-7590822) for windows-amd64 JRE (11.0.11+9-b60-7590822), built on Jul 29 2021 21:43:44 by "builder" with MS VC++ 14.0 (VS2015)

END.
