#
# There is insufficient memory for the Java Runtime Environment to continue.
# Native memory allocation (mmap) failed to map 187695104 bytes for Failed to commit area from 0x000000008ed00000 to 0x000000009a000000 of length 187695104.
# Possible reasons:
#   The system is out of physical RAM or swap space
#   The process is running with CompressedOops enabled, and the Java Heap may be blocking the growth of the native heap
# Possible solutions:
#   Reduce memory load on the system
#   Increase physical memory or swap space
#   Check if swap backing store is full
#   Decrease Java heap size (-Xmx/-Xms)
#   Decrease number of Java threads
#   Decrease Java thread stack sizes (-Xss)
#   Set larger code cache with -XX:ReservedCodeCacheSize=
#   JVM is running with Unscaled Compressed Oops mode in which the Java heap is
#     placed in the first 4GB address space. The Java Heap base address is the
#     maximum limit for the native heap growth. Please use -XX:HeapBaseMinAddress
#     to set the Java Heap base and to place the Java Heap above 4GB virtual address.
# This output file may be truncated or incomplete.
#
#  Out of Memory Error (./src/hotspot/os/windows/os_windows.cpp:3301), pid=3432, tid=12308
#
# JRE version: OpenJDK Runtime Environment (11.0.10) (build 11.0.10+0-b96-7249189)
# Java VM: OpenJDK 64-Bit Server VM (11.0.10+0-b96-7249189, mixed mode, tiered, compressed oops, g1 gc, windows-amd64)
# No core dump will be written. Minidumps are not enabled by default on client versions of Windows
#

---------------  S U M M A R Y ------------

Command Line: --add-opens=java.base/java.util=ALL-UNNAMED --add-opens=java.base/java.lang=ALL-UNNAMED --add-opens=java.base/java.lang.invoke=ALL-UNNAMED --add-opens=java.base/java.util=ALL-UNNAMED --add-opens=java.prefs/java.util.prefs=ALL-UNNAMED --add-opens=java.prefs/java.util.prefs=ALL-UNNAMED --add-opens=java.base/java.nio.charset=ALL-UNNAMED --add-opens=java.base/java.net=ALL-UNNAMED --add-opens=java.base/java.util.concurrent.atomic=ALL-UNNAMED -Xmx2048m -Dfile.encoding=UTF-8 -Duser.country=US -Duser.language=en -Duser.variant org.gradle.launcher.daemon.bootstrap.GradleDaemon 7.0.2

Host: Intel(R) Core(TM) i5-8265U CPU @ 1.60GHz, 8 cores, 3G,  Windows 10 , 64 bit Build 19041 (10.0.19041.1151)
Time: Sat Sep  4 15:54:15 2021 Malay Peninsula Standard Time elapsed time: 30.268651 seconds (0d 0h 0m 30s)

---------------  T H R E A D  ---------------

Current thread (0x0000021f9d3e6000):  VMThread "VM Thread" [stack: 0x000000b929200000,0x000000b929300000] [id=12308]

Stack: [0x000000b929200000,0x000000b929300000]
[error occurred during error reporting (printing stack bounds), id 0xc0000005, EXCEPTION_ACCESS_VIOLATION (0xc0000005) at pc=0x0000021f862d0f2d]

Native frames: (J=compiled Java code, j=interpreted, Vv=VM code, C=native code)
V  [jvm.dll+0x5ecfaa]
V  [jvm.dll+0x722bd5]
V  [jvm.dll+0x72412d]
V  [jvm.dll+0x724745]
V  [jvm.dll+0x7246fb]
V  [jvm.dll+0x5ec348]
V  [jvm.dll+0x5ecad8]
C  [ntdll.dll+0xa217f]
C  [ntdll.dll+0x51454]
C  [ntdll.dll+0xa0cae]
C  0x0000021f862d0f2d

VM_Operation (0x000000b92d9fd030): G1CollectForAllocation, mode: safepoint, requested by thread 0x0000021fa5e11000


---------------  P R O C E S S  ---------------

Threads class SMR info:
_java_thread_list=0x0000021fa6070550, length=68, elements={
0x0000021f827cc000, 0x0000021f9d3ea000, 0x0000021f9d3f5000, 0x0000021f9dd72800,
0x0000021f9dd75000, 0x0000021f9dd77000, 0x0000021f9dd78000, 0x0000021f9dd7c800,
0x0000021f9dd7f800, 0x0000021f9deca000, 0x0000021f9eb53800, 0x0000021f9eb53000,
0x0000021f9eb54800, 0x0000021f9eb52000, 0x0000021f9eb51000, 0x0000021f9eb55000,
0x0000021f9eb4f800, 0x0000021f9eb56000, 0x0000021f9eb50800, 0x0000021f9fe3e000,
0x0000021f9fe3a800, 0x0000021f9fe3d000, 0x0000021f9fe3a000, 0x0000021f9fe3e800,
0x0000021f9fe3f800, 0x0000021f9fe41000, 0x0000021f9fe40800, 0x0000021f9fe3c000,
0x0000021f9fe3b800, 0x0000021f9fe47000, 0x0000021f9fe43800, 0x0000021f9fe47800,
0x0000021f9fe42800, 0x0000021f9fe42000, 0x0000021f9fe48800, 0x0000021f9f02d800,
0x0000021f9f02e800, 0x0000021f9f029800, 0x0000021f9f02b000, 0x0000021f9f02f000,
0x0000021f9f030000, 0x0000021f9f02a800, 0x0000021f9f031000, 0x0000021f9f031800,
0x0000021f9f02c000, 0x0000021f9f032800, 0x0000021f9f02c800, 0x0000021f9f033800,
0x0000021f9f035800, 0x0000021f9f034000, 0x0000021f9f038000, 0x0000021f9f035000,
0x0000021f9f036800, 0x0000021f9f037800, 0x0000021fa5e0a800, 0x0000021fa5e0b000,
0x0000021fa5e09000, 0x0000021fa5e0c000, 0x0000021fa5e0d000, 0x0000021fa5e07000,
0x0000021fa5e0d800, 0x0000021fa5e08000, 0x0000021fa5e11000, 0x0000021fa5e0f800,
0x0000021fa5e14000, 0x0000021fa5e15000, 0x0000021fa5e12000, 0x0000021fa5e16000
}

Java Threads: ( => current thread )
  0x0000021f827cc000 JavaThread "main" [_thread_blocked, id=8324, stack(0x000000b928c00000,0x000000b928d00000)]
  0x0000021f9d3ea000 JavaThread "Reference Handler" daemon [_thread_blocked, id=9352, stack(0x000000b929300000,0x000000b929400000)]
  0x0000021f9d3f5000 JavaThread "Finalizer" daemon [_thread_blocked, id=5524, stack(0x000000b929400000,0x000000b929500000)]
  0x0000021f9dd72800 JavaThread "Signal Dispatcher" daemon [_thread_blocked, id=6596, stack(0x000000b929500000,0x000000b929600000)]
  0x0000021f9dd75000 JavaThread "Attach Listener" daemon [_thread_blocked, id=14064, stack(0x000000b929600000,0x000000b929700000)]
  0x0000021f9dd77000 JavaThread "Service Thread" daemon [_thread_blocked, id=2516, stack(0x000000b929700000,0x000000b929800000)]
  0x0000021f9dd78000 JavaThread "C2 CompilerThread0" daemon [_thread_blocked, id=6044, stack(0x000000b929800000,0x000000b929900000)]
  0x0000021f9dd7c800 JavaThread "C1 CompilerThread0" daemon [_thread_blocked, id=13224, stack(0x000000b929900000,0x000000b929a00000)]
  0x0000021f9dd7f800 JavaThread "Sweeper thread" daemon [_thread_blocked, id=7420, stack(0x000000b929a00000,0x000000b929b00000)]
  0x0000021f9deca000 JavaThread "Common-Cleaner" daemon [_thread_blocked, id=14292, stack(0x000000b929b00000,0x000000b929c00000)]
  0x0000021f9eb53800 JavaThread "Daemon health stats" [_thread_blocked, id=12020, stack(0x000000b929e00000,0x000000b929f00000)]
  0x0000021f9eb53000 JavaThread "Incoming local TCP Connector on port 1028" [_thread_in_native, id=11500, stack(0x000000b92a100000,0x000000b92a200000)]
  0x0000021f9eb54800 JavaThread "Daemon periodic checks" [_thread_blocked, id=15040, stack(0x000000b92a200000,0x000000b92a300000)]
  0x0000021f9eb52000 JavaThread "Daemon" [_thread_blocked, id=18204, stack(0x000000b92a300000,0x000000b92a400000)]
  0x0000021f9eb51000 JavaThread "Handler for socket connection from /127.0.0.1:1028 to /127.0.0.1:1029" [_thread_in_native, id=16508, stack(0x000000b92a400000,0x000000b92a500000)]
  0x0000021f9eb55000 JavaThread "Cancel handler" [_thread_blocked, id=12548, stack(0x000000b92a500000,0x000000b92a600000)]
  0x0000021f9eb4f800 JavaThread "Daemon worker" [_thread_blocked, id=8612, stack(0x000000b92a600000,0x000000b92a700000)]
  0x0000021f9eb56000 JavaThread "Asynchronous log dispatcher for DefaultDaemonConnection: socket connection from /127.0.0.1:1028 to /127.0.0.1:1029" [_thread_blocked, id=17756, stack(0x000000b92a700000,0x000000b92a800000)]
  0x0000021f9eb50800 JavaThread "Stdin handler" [_thread_blocked, id=18392, stack(0x000000b92a800000,0x000000b92a900000)]
  0x0000021f9fe3e000 JavaThread "Daemon client event forwarder" [_thread_blocked, id=16048, stack(0x000000b92a900000,0x000000b92aa00000)]
  0x0000021f9fe3a800 JavaThread "Cache worker for file hash cache (C:\kotlinSUMMER\caches\7.0.2\fileHashes)" [_thread_blocked, id=18292, stack(0x000000b92ae00000,0x000000b92af00000)]
  0x0000021f9fe3d000 JavaThread "File lock request listener" [_thread_in_native, id=10932, stack(0x000000b92af00000,0x000000b92b000000)]
  0x0000021f9fe3a000 JavaThread "Cache worker for journal cache (C:\kotlinSUMMER\caches\journal-1)" [_thread_blocked, id=10364, stack(0x000000b92b100000,0x000000b92b200000)]
  0x0000021f9fe3e800 JavaThread "Cache worker for file hash cache (C:\kotlinSUMMER\VanGo\.gradle\7.0.2\fileHashes)" [_thread_blocked, id=10076, stack(0x000000b92b200000,0x000000b92b300000)]
  0x0000021f9fe3f800 JavaThread "File watcher server" daemon [_thread_blocked, id=10728, stack(0x000000b92b300000,0x000000b92b400000)]
  0x0000021f9fe41000 JavaThread "File watcher consumer" daemon [_thread_blocked, id=11372, stack(0x000000b92b400000,0x000000b92b500000)]
  0x0000021f9fe40800 JavaThread "Cache worker for checksums cache (C:\kotlinSUMMER\VanGo\.gradle\checksums)" [_thread_blocked, id=4864, stack(0x000000b92b500000,0x000000b92b600000)]
  0x0000021f9fe3c000 JavaThread "Cache worker for cache directory md-supplier (C:\kotlinSUMMER\caches\7.0.2\md-supplier)" [_thread_blocked, id=4452, stack(0x000000b92b600000,0x000000b92b700000)]
  0x0000021f9fe3b800 JavaThread "Cache worker for cache directory md-rule (C:\kotlinSUMMER\caches\7.0.2\md-rule)" [_thread_blocked, id=2924, stack(0x000000b92b700000,0x000000b92b800000)]
  0x0000021f9fe47000 JavaThread "Cache worker for execution history cache (C:\kotlinSUMMER\caches\7.0.2\executionHistory)" [_thread_blocked, id=16472, stack(0x000000b92b800000,0x000000b92b900000)]
  0x0000021f9fe43800 JavaThread "jar transforms" [_thread_blocked, id=18380, stack(0x000000b92b900000,0x000000b92ba00000)]
  0x0000021f9fe47800 JavaThread "jar transforms Thread 2" [_thread_blocked, id=1416, stack(0x000000b92ba00000,0x000000b92bb00000)]
  0x0000021f9fe42800 JavaThread "Cache worker for file content cache (C:\kotlinSUMMER\caches\7.0.2\fileContent)" [_thread_blocked, id=7716, stack(0x000000b92bb00000,0x000000b92bc00000)]
  0x0000021f9fe42000 JavaThread "Cache worker for dependencies-accessors (C:\kotlinSUMMER\VanGo\.gradle\7.0.2\dependencies-accessors)" [_thread_blocked, id=10448, stack(0x000000b92bc00000,0x000000b92bd00000)]
  0x0000021f9fe48800 JavaThread "jar transforms Thread 3" [_thread_blocked, id=5264, stack(0x000000b92bd00000,0x000000b92be00000)]
  0x0000021f9f02d800 JavaThread "Cache worker for Build Output Cleanup Cache (C:\kotlinSUMMER\VanGo\.gradle\buildOutputCleanup)" [_thread_blocked, id=15508, stack(0x000000b92be00000,0x000000b92bf00000)]
  0x0000021f9f02e800 JavaThread "Build operations" [_thread_blocked, id=7548, stack(0x000000b92bf00000,0x000000b92c000000)]
  0x0000021f9f029800 JavaThread "Build operations Thread 2" [_thread_blocked, id=6312, stack(0x000000b92c000000,0x000000b92c100000)]
  0x0000021f9f02b000 JavaThread "Build operations Thread 3" [_thread_blocked, id=4524, stack(0x000000b92c100000,0x000000b92c200000)]
  0x0000021f9f02f000 JavaThread "Build operations Thread 4" [_thread_blocked, id=4220, stack(0x000000b92c200000,0x000000b92c300000)]
  0x0000021f9f030000 JavaThread "Build operations Thread 5" [_thread_blocked, id=11772, stack(0x000000b92c300000,0x000000b92c400000)]
  0x0000021f9f02a800 JavaThread "Build operations Thread 6" [_thread_blocked, id=15396, stack(0x000000b92c400000,0x000000b92c500000)]
  0x0000021f9f031000 JavaThread "Build operations Thread 7" [_thread_blocked, id=15304, stack(0x000000b92c500000,0x000000b92c600000)]
  0x0000021f9f031800 JavaThread "Build operations Thread 8" [_thread_blocked, id=7228, stack(0x000000b92c600000,0x000000b92c700000)]
  0x0000021f9f02c000 JavaThread "jar transforms Thread 4" [_thread_blocked, id=17608, stack(0x000000b92c700000,0x000000b92c800000)]
  0x0000021f9f032800 JavaThread "jar transforms Thread 5" [_thread_blocked, id=2636, stack(0x000000b92c800000,0x000000b92c900000)]
  0x0000021f9f02c800 JavaThread "jar transforms Thread 6" [_thread_blocked, id=16328, stack(0x000000b92c900000,0x000000b92ca00000)]
  0x0000021f9f033800 JavaThread "jar transforms Thread 7" [_thread_blocked, id=2056, stack(0x000000b92ca00000,0x000000b92cb00000)]
  0x0000021f9f035800 JavaThread "jar transforms Thread 8" [_thread_blocked, id=4616, stack(0x000000b92cb00000,0x000000b92cc00000)]
  0x0000021f9f034000 JavaThread "Memory manager" [_thread_blocked, id=17736, stack(0x000000b92cc00000,0x000000b92cd00000)]
  0x0000021f9f038000 JavaThread "build event listener" [_thread_blocked, id=6548, stack(0x000000b92cd00000,0x000000b92ce00000)]
  0x0000021f9f035000 JavaThread "pool-3-thread-1" [_thread_blocked, id=1376, stack(0x000000b92ce00000,0x000000b92cf00000)]
  0x0000021f9f036800 JavaThread "build event listener" [_thread_blocked, id=8996, stack(0x000000b92cf00000,0x000000b92d000000)]
  0x0000021f9f037800 JavaThread "Execution worker for ':'" [_thread_blocked, id=10512, stack(0x000000b92d000000,0x000000b92d100000)]
  0x0000021fa5e0a800 JavaThread "Execution worker for ':' Thread 2" [_thread_blocked, id=10996, stack(0x000000b92d100000,0x000000b92d200000)]
  0x0000021fa5e0b000 JavaThread "Execution worker for ':' Thread 3" [_thread_blocked, id=16068, stack(0x000000b92d200000,0x000000b92d300000)]
  0x0000021fa5e09000 JavaThread "Execution worker for ':' Thread 4" [_thread_blocked, id=9332, stack(0x000000b92d300000,0x000000b92d400000)]
  0x0000021fa5e0c000 JavaThread "Execution worker for ':' Thread 5" [_thread_blocked, id=14300, stack(0x000000b92d400000,0x000000b92d500000)]
  0x0000021fa5e0d000 JavaThread "Execution worker for ':' Thread 6" [_thread_blocked, id=14188, stack(0x000000b92d500000,0x000000b92d600000)]
  0x0000021fa5e07000 JavaThread "Execution worker for ':' Thread 7" [_thread_blocked, id=15744, stack(0x000000b92d600000,0x000000b92d700000)]
  0x0000021fa5e0d800 JavaThread "Cache worker for execution history cache (C:\kotlinSUMMER\VanGo\.gradle\7.0.2\executionHistory)" [_thread_blocked, id=14160, stack(0x000000b92d700000,0x000000b92d800000)]
  0x0000021fa5e08000 JavaThread "WorkerExecutor Queue" [_thread_blocked, id=8092, stack(0x000000b92d800000,0x000000b92d900000)]
  0x0000021fa5e11000 JavaThread "WorkerExecutor Queue Thread 2" [_thread_blocked, id=6880, stack(0x000000b92d900000,0x000000b92da00000)]
  0x0000021fa5e0f800 JavaThread "WorkerExecutor Queue Thread 4" [_thread_blocked, id=10824, stack(0x000000b92db00000,0x000000b92dc00000)]
  0x0000021fa5e14000 JavaThread "WorkerExecutor Queue Thread 5" [_thread_blocked, id=5796, stack(0x000000b92dc00000,0x000000b92dd00000)]
  0x0000021fa5e15000 JavaThread "pool-4-thread-1" [_thread_blocked, id=15848, stack(0x000000b92dd00000,0x000000b92de00000)]
  0x0000021fa5e12000 JavaThread "stderr" [_thread_in_native, id=16488, stack(0x000000b92de00000,0x000000b92df00000)]
  0x0000021fa5e16000 JavaThread "stdout" [_thread_in_native, id=3536, stack(0x000000b92df00000,0x000000b92e000000)]

Other Threads:
=>0x0000021f9d3e6000 VMThread "VM Thread" [stack: 0x000000b929200000,0x000000b929300000] [id=12308]
  0x0000021f9df1f800 WatcherThread [stack: 0x000000b929c00000,0x000000b929d00000] [id=8316]
  0x0000021f827e6000 GCTaskThread "GC Thread#0" [stack: 0x000000b928d00000,0x000000b928e00000] [id=5068]
  0x0000021f9e994800 GCTaskThread "GC Thread#1" [stack: 0x000000b929d00000,0x000000b929e00000] [id=8280]
  0x0000021f9f8dc000 GCTaskThread "GC Thread#2" [stack: 0x000000b929f00000,0x000000b92a000000] [id=13828]
  0x0000021f9f1b5000 GCTaskThread "GC Thread#3" [stack: 0x000000b92a000000,0x000000b92a100000] [id=16732]
  0x0000021f9fd97800 GCTaskThread "GC Thread#4" [stack: 0x000000b92aa00000,0x000000b92ab00000] [id=6748]
  0x0000021fa0084000 GCTaskThread "GC Thread#5" [stack: 0x000000b92ab00000,0x000000b92ac00000] [id=1460]
  0x0000021f9fe39000 GCTaskThread "GC Thread#6" [stack: 0x000000b92ac00000,0x000000b92ad00000] [id=4528]
  0x0000021fa005a000 GCTaskThread "GC Thread#7" [stack: 0x000000b92ad00000,0x000000b92ae00000] [id=8216]
  0x0000021f82817800 ConcurrentGCThread "G1 Main Marker" [stack: 0x000000b928e00000,0x000000b928f00000] [id=2468]
  0x0000021f82818800 ConcurrentGCThread "G1 Conc#0" [stack: 0x000000b928f00000,0x000000b929000000] [id=13604]
  0x0000021f9ffcf800 ConcurrentGCThread "G1 Conc#1" [stack: 0x000000b92b000000,0x000000b92b100000] [id=3632]
  0x0000021f82882000 ConcurrentGCThread "G1 Refine#0" [stack: 0x000000b929000000,0x000000b929100000] [id=3732]
  0x0000021fa1c3e000 ConcurrentGCThread "G1 Refine#1" [stack: 0x000000b92da00000,0x000000b92db00000] [id=13292]
  0x0000021f82883000 ConcurrentGCThread "G1 Young RemSet Sampling" [stack: 0x000000b929100000,0x000000b929200000] [id=3552]

Threads with active compile tasks:
C2 CompilerThread0  30355 11800       4       com.android.tools.r8.dex.j::m (2086 bytes)

VM state:at safepoint (normal execution)

VM Mutex/Monitor currently owned by a thread:  ([mutex/lock_event])
[0x0000021f827c8150] Threads_lock - owner thread: 0x0000021f9d3e6000
[0x0000021f827c7df0] Heap_lock - owner thread: 0x0000021fa5e11000

Heap address: 0x0000000080000000, size: 2048 MB, Compressed Oops mode: 32-bit
Narrow klass base: 0x0000000000000000, Narrow klass shift: 3
Compressed class space size: 1073741824 Address: 0x0000000100000000

Heap:
 garbage-first heap   total 425984K, used 176818K [0x0000000080000000, 0x0000000100000000)
  region size 1024K, 6 young (6144K), 6 survivors (6144K)
 Metaspace       used 96100K, capacity 98409K, committed 99148K, reserved 1134592K
  class space    used 12276K, capacity 13089K, committed 13388K, reserved 1048576K
Heap Regions: E=young(eden), S=young(survivor), O=old, HS=humongous(starts), HC=humongous(continues), CS=collection set, F=free, A=archive, TAMS=top-at-mark-start (previous, next)
|   0|0x0000000080000000, 0x0000000080100000, 0x0000000080100000|100%| O|  |TAMS 0x0000000080100000, 0x0000000080100000| Untracked 
|   1|0x0000000080100000, 0x0000000080200000, 0x0000000080200000|100%| O|  |TAMS 0x0000000080200000, 0x0000000080200000| Untracked 
|   2|0x0000000080200000, 0x0000000080300000, 0x0000000080300000|100%| O|  |TAMS 0x0000000080300000, 0x0000000080300000| Untracked 
|   3|0x0000000080300000, 0x0000000080400000, 0x0000000080400000|100%|HS|  |TAMS 0x0000000080400000, 0x0000000080400000| Complete 
|   4|0x0000000080400000, 0x0000000080500000, 0x0000000080500000|100%|HC|  |TAMS 0x0000000080500000, 0x0000000080500000| Complete 
|   5|0x0000000080500000, 0x0000000080600000, 0x0000000080600000|100%|HC|  |TAMS 0x0000000080600000, 0x0000000080600000| Complete 
|   6|0x0000000080600000, 0x0000000080700000, 0x0000000080700000|100%| O|  |TAMS 0x0000000080700000, 0x0000000080700000| Untracked 
|   7|0x0000000080700000, 0x0000000080800000, 0x0000000080800000|100%| O|  |TAMS 0x0000000080800000, 0x0000000080800000| Untracked 
|   8|0x0000000080800000, 0x0000000080900000, 0x0000000080900000|100%| O|  |TAMS 0x0000000080900000, 0x0000000080900000| Untracked 
|   9|0x0000000080900000, 0x0000000080a00000, 0x0000000080a00000|100%| O|  |TAMS 0x0000000080a00000, 0x0000000080a00000| Untracked 
|  10|0x0000000080a00000, 0x0000000080b00000, 0x0000000080b00000|100%| O|  |TAMS 0x0000000080b00000, 0x0000000080b00000| Untracked 
|  11|0x0000000080b00000, 0x0000000080c00000, 0x0000000080c00000|100%| O|  |TAMS 0x0000000080c00000, 0x0000000080c00000| Untracked 
|  12|0x0000000080c00000, 0x0000000080d00000, 0x0000000080d00000|100%| O|  |TAMS 0x0000000080d00000, 0x0000000080d00000| Untracked 
|  13|0x0000000080d00000, 0x0000000080e00000, 0x0000000080e00000|100%| O|  |TAMS 0x0000000080e00000, 0x0000000080e00000| Untracked 
|  14|0x0000000080e00000, 0x0000000080f00000, 0x0000000080f00000|100%| O|  |TAMS 0x0000000080f00000, 0x0000000080f00000| Untracked 
|  15|0x0000000080f00000, 0x0000000081000000, 0x0000000081000000|100%| O|  |TAMS 0x0000000081000000, 0x0000000081000000| Untracked 
|  16|0x0000000081000000, 0x0000000081100000, 0x0000000081100000|100%| O|  |TAMS 0x0000000081100000, 0x0000000081100000| Untracked 
|  17|0x0000000081100000, 0x0000000081200000, 0x0000000081200000|100%| O|  |TAMS 0x0000000081200000, 0x0000000081200000| Untracked 
|  18|0x0000000081200000, 0x0000000081300000, 0x0000000081300000|100%| O|  |TAMS 0x0000000081300000, 0x0000000081300000| Untracked 
|  19|0x0000000081300000, 0x0000000081400000, 0x0000000081400000|100%| O|  |TAMS 0x0000000081400000, 0x0000000081400000| Untracked 
|  20|0x0000000081400000, 0x0000000081500000, 0x0000000081500000|100%| O|  |TAMS 0x0000000081500000, 0x0000000081500000| Untracked 
|  21|0x0000000081500000, 0x0000000081600000, 0x0000000081600000|100%| O|  |TAMS 0x0000000081600000, 0x0000000081600000| Untracked 
|  22|0x0000000081600000, 0x0000000081700000, 0x0000000081700000|100%| O|  |TAMS 0x0000000081700000, 0x0000000081700000| Untracked 
|  23|0x0000000081700000, 0x0000000081800000, 0x0000000081800000|100%| O|  |TAMS 0x0000000081800000, 0x0000000081800000| Untracked 
|  24|0x0000000081800000, 0x0000000081900000, 0x0000000081900000|100%| O|  |TAMS 0x0000000081900000, 0x0000000081900000| Untracked 
|  25|0x0000000081900000, 0x0000000081a00000, 0x0000000081a00000|100%| O|  |TAMS 0x0000000081a00000, 0x0000000081a00000| Untracked 
|  26|0x0000000081a00000, 0x0000000081b00000, 0x0000000081b00000|100%| O|  |TAMS 0x0000000081b00000, 0x0000000081b00000| Untracked 
|  27|0x0000000081b00000, 0x0000000081c00000, 0x0000000081c00000|100%| O|  |TAMS 0x0000000081c00000, 0x0000000081c00000| Untracked 
|  28|0x0000000081c00000, 0x0000000081d00000, 0x0000000081d00000|100%| O|  |TAMS 0x0000000081d00000, 0x0000000081d00000| Untracked 
|  29|0x0000000081d00000, 0x0000000081e00000, 0x0000000081e00000|100%| O|  |TAMS 0x0000000081e00000, 0x0000000081e00000| Untracked 
|  30|0x0000000081e00000, 0x0000000081f00000, 0x0000000081f00000|100%| O|  |TAMS 0x0000000081f00000, 0x0000000081f00000| Untracked 
|  31|0x0000000081f00000, 0x0000000082000000, 0x0000000082000000|100%| O|  |TAMS 0x0000000082000000, 0x0000000082000000| Untracked 
|  32|0x0000000082000000, 0x0000000082100000, 0x0000000082100000|100%| O|  |TAMS 0x0000000082100000, 0x0000000082100000| Untracked 
|  33|0x0000000082100000, 0x0000000082200000, 0x0000000082200000|100%|HS|  |TAMS 0x0000000082200000, 0x0000000082200000| Complete 
|  34|0x0000000082200000, 0x0000000082300000, 0x0000000082300000|100%|HS|  |TAMS 0x0000000082300000, 0x0000000082300000| Complete 
|  35|0x0000000082300000, 0x0000000082400000, 0x0000000082400000|100%|HS|  |TAMS 0x0000000082400000, 0x0000000082400000| Complete 
|  36|0x0000000082400000, 0x0000000082500000, 0x0000000082500000|100%|HS|  |TAMS 0x0000000082500000, 0x0000000082500000| Complete 
|  37|0x0000000082500000, 0x0000000082600000, 0x0000000082600000|100%|HC|  |TAMS 0x0000000082600000, 0x0000000082600000| Complete 
|  38|0x0000000082600000, 0x0000000082700000, 0x0000000082700000|100%|HC|  |TAMS 0x0000000082700000, 0x0000000082700000| Complete 
|  39|0x0000000082700000, 0x0000000082800000, 0x0000000082800000|100%| O|  |TAMS 0x0000000082800000, 0x0000000082800000| Untracked 
|  40|0x0000000082800000, 0x0000000082900000, 0x0000000082900000|100%| O|  |TAMS 0x0000000082900000, 0x0000000082900000| Untracked 
|  41|0x0000000082900000, 0x0000000082a00000, 0x0000000082a00000|100%| O|  |TAMS 0x0000000082a00000, 0x0000000082a00000| Untracked 
|  42|0x0000000082a00000, 0x0000000082b00000, 0x0000000082b00000|100%|HS|  |TAMS 0x0000000082b00000, 0x0000000082b00000| Complete 
|  43|0x0000000082b00000, 0x0000000082c00000, 0x0000000082c00000|100%|HC|  |TAMS 0x0000000082c00000, 0x0000000082c00000| Complete 
|  44|0x0000000082c00000, 0x0000000082d00000, 0x0000000082d00000|100%| O|  |TAMS 0x0000000082d00000, 0x0000000082d00000| Untracked 
|  45|0x0000000082d00000, 0x0000000082e00000, 0x0000000082e00000|100%| O|  |TAMS 0x0000000082e00000, 0x0000000082e00000| Untracked 
|  46|0x0000000082e00000, 0x0000000082f00000, 0x0000000082f00000|100%| O|  |TAMS 0x0000000082f00000, 0x0000000082f00000| Untracked 
|  47|0x0000000082f00000, 0x0000000083000000, 0x0000000083000000|100%| O|  |TAMS 0x0000000083000000, 0x0000000083000000| Untracked 
|  48|0x0000000083000000, 0x0000000083100000, 0x0000000083100000|100%| O|  |TAMS 0x0000000083100000, 0x0000000083100000| Untracked 
|  49|0x0000000083100000, 0x0000000083200000, 0x0000000083200000|100%| O|  |TAMS 0x0000000083200000, 0x0000000083200000| Untracked 
|  50|0x0000000083200000, 0x0000000083300000, 0x0000000083300000|100%| O|  |TAMS 0x0000000083300000, 0x0000000083300000| Untracked 
|  51|0x0000000083300000, 0x0000000083400000, 0x0000000083400000|100%| O|  |TAMS 0x0000000083400000, 0x0000000083400000| Untracked 
|  52|0x0000000083400000, 0x0000000083500000, 0x0000000083500000|100%| O|  |TAMS 0x0000000083500000, 0x0000000083500000| Untracked 
|  53|0x0000000083500000, 0x0000000083600000, 0x0000000083600000|100%| O|  |TAMS 0x0000000083600000, 0x0000000083600000| Untracked 
|  54|0x0000000083600000, 0x0000000083700000, 0x0000000083700000|100%| O|  |TAMS 0x0000000083700000, 0x0000000083700000| Untracked 
|  55|0x0000000083700000, 0x0000000083800000, 0x0000000083800000|100%| O|  |TAMS 0x0000000083800000, 0x0000000083800000| Untracked 
|  56|0x0000000083800000, 0x0000000083900000, 0x0000000083900000|100%| O|  |TAMS 0x0000000083900000, 0x0000000083900000| Untracked 
|  57|0x0000000083900000, 0x0000000083a00000, 0x0000000083a00000|100%| O|  |TAMS 0x0000000083a00000, 0x0000000083a00000| Untracked 
|  58|0x0000000083a00000, 0x0000000083b00000, 0x0000000083b00000|100%| O|  |TAMS 0x0000000083b00000, 0x0000000083b00000| Untracked 
|  59|0x0000000083b00000, 0x0000000083c00000, 0x0000000083c00000|100%| O|  |TAMS 0x0000000083c00000, 0x0000000083c00000| Untracked 
|  60|0x0000000083c00000, 0x0000000083d00000, 0x0000000083d00000|100%| O|  |TAMS 0x0000000083d00000, 0x0000000083d00000| Untracked 
|  61|0x0000000083d00000, 0x0000000083e00000, 0x0000000083e00000|100%| O|  |TAMS 0x0000000083e00000, 0x0000000083e00000| Untracked 
|  62|0x0000000083e00000, 0x0000000083f00000, 0x0000000083f00000|100%| O|  |TAMS 0x0000000083f00000, 0x0000000083f00000| Untracked 
|  63|0x0000000083f00000, 0x0000000084000000, 0x0000000084000000|100%| O|  |TAMS 0x0000000084000000, 0x0000000084000000| Untracked 
|  64|0x0000000084000000, 0x0000000084100000, 0x0000000084100000|100%| O|  |TAMS 0x0000000084100000, 0x0000000084100000| Untracked 
|  65|0x0000000084100000, 0x0000000084200000, 0x0000000084200000|100%| O|  |TAMS 0x0000000084200000, 0x0000000084200000| Untracked 
|  66|0x0000000084200000, 0x0000000084300000, 0x0000000084300000|100%| O|  |TAMS 0x0000000084300000, 0x0000000084300000| Untracked 
|  67|0x0000000084300000, 0x0000000084400000, 0x0000000084400000|100%| O|  |TAMS 0x0000000084400000, 0x0000000084400000| Untracked 
|  68|0x0000000084400000, 0x0000000084500000, 0x0000000084500000|100%| O|  |TAMS 0x0000000084500000, 0x0000000084500000| Untracked 
|  69|0x0000000084500000, 0x0000000084600000, 0x0000000084600000|100%| O|  |TAMS 0x0000000084600000, 0x0000000084600000| Untracked 
|  70|0x0000000084600000, 0x0000000084700000, 0x0000000084700000|100%| O|  |TAMS 0x0000000084700000, 0x0000000084700000| Untracked 
|  71|0x0000000084700000, 0x0000000084800000, 0x0000000084800000|100%| O|  |TAMS 0x0000000084800000, 0x0000000084800000| Untracked 
|  72|0x0000000084800000, 0x0000000084900000, 0x0000000084900000|100%| O|  |TAMS 0x0000000084900000, 0x0000000084900000| Untracked 
|  73|0x0000000084900000, 0x0000000084a00000, 0x0000000084a00000|100%| O|  |TAMS 0x0000000084a00000, 0x0000000084a00000| Untracked 
|  74|0x0000000084a00000, 0x0000000084b00000, 0x0000000084b00000|100%| O|  |TAMS 0x0000000084b00000, 0x0000000084b00000| Untracked 
|  75|0x0000000084b00000, 0x0000000084c00000, 0x0000000084c00000|100%| O|  |TAMS 0x0000000084c00000, 0x0000000084c00000| Untracked 
|  76|0x0000000084c00000, 0x0000000084d00000, 0x0000000084d00000|100%| O|  |TAMS 0x0000000084d00000, 0x0000000084d00000| Untracked 
|  77|0x0000000084d00000, 0x0000000084e00000, 0x0000000084e00000|100%| O|  |TAMS 0x0000000084e00000, 0x0000000084e00000| Untracked 
|  78|0x0000000084e00000, 0x0000000084f00000, 0x0000000084f00000|100%| O|  |TAMS 0x0000000084f00000, 0x0000000084f00000| Untracked 
|  79|0x0000000084f00000, 0x0000000085000000, 0x0000000085000000|100%| O|  |TAMS 0x0000000085000000, 0x0000000085000000| Untracked 
|  80|0x0000000085000000, 0x0000000085100000, 0x0000000085100000|100%| O|  |TAMS 0x0000000085100000, 0x0000000085100000| Untracked 
|  81|0x0000000085100000, 0x0000000085200000, 0x0000000085200000|100%| O|  |TAMS 0x0000000085200000, 0x0000000085200000| Untracked 
|  82|0x0000000085200000, 0x0000000085300000, 0x0000000085300000|100%| O|  |TAMS 0x0000000085300000, 0x0000000085300000| Untracked 
|  83|0x0000000085300000, 0x0000000085400000, 0x0000000085400000|100%| O|  |TAMS 0x0000000085400000, 0x0000000085400000| Untracked 
|  84|0x0000000085400000, 0x0000000085500000, 0x0000000085500000|100%| O|  |TAMS 0x0000000085500000, 0x0000000085500000| Untracked 
|  85|0x0000000085500000, 0x0000000085600000, 0x0000000085600000|100%|HS|  |TAMS 0x0000000085600000, 0x0000000085600000| Complete 
|  86|0x0000000085600000, 0x0000000085700000, 0x0000000085700000|100%|HC|  |TAMS 0x0000000085700000, 0x0000000085700000| Complete 
|  87|0x0000000085700000, 0x0000000085800000, 0x0000000085800000|100%|HC|  |TAMS 0x0000000085800000, 0x0000000085800000| Complete 
|  88|0x0000000085800000, 0x0000000085900000, 0x0000000085900000|100%|HC|  |TAMS 0x0000000085900000, 0x0000000085900000| Complete 
|  89|0x0000000085900000, 0x0000000085a00000, 0x0000000085a00000|100%|HC|  |TAMS 0x0000000085a00000, 0x0000000085a00000| Complete 
|  90|0x0000000085a00000, 0x0000000085b00000, 0x0000000085b00000|100%|HC|  |TAMS 0x0000000085b00000, 0x0000000085b00000| Complete 
|  91|0x0000000085b00000, 0x0000000085c00000, 0x0000000085c00000|100%|HS|  |TAMS 0x0000000085c00000, 0x0000000085c00000| Complete 
|  92|0x0000000085c00000, 0x0000000085d00000, 0x0000000085d00000|100%|HC|  |TAMS 0x0000000085d00000, 0x0000000085d00000| Complete 
|  93|0x0000000085d00000, 0x0000000085e00000, 0x0000000085e00000|100%|HS|  |TAMS 0x0000000085e00000, 0x0000000085e00000| Complete 
|  94|0x0000000085e00000, 0x0000000085f00000, 0x0000000085f00000|100%|HS|  |TAMS 0x0000000085f00000, 0x0000000085f00000| Complete 
|  95|0x0000000085f00000, 0x0000000086000000, 0x0000000086000000|100%|HS|  |TAMS 0x0000000086000000, 0x0000000086000000| Complete 
|  96|0x0000000086000000, 0x0000000086100000, 0x0000000086100000|100%|HS|  |TAMS 0x0000000086100000, 0x0000000086100000| Complete 
|  97|0x0000000086100000, 0x0000000086200000, 0x0000000086200000|100%|HS|  |TAMS 0x0000000086200000, 0x0000000086200000| Complete 
|  98|0x0000000086200000, 0x0000000086300000, 0x0000000086300000|100%|HC|  |TAMS 0x0000000086300000, 0x0000000086300000| Complete 
|  99|0x0000000086300000, 0x0000000086400000, 0x0000000086400000|100%|HS|  |TAMS 0x0000000086400000, 0x0000000086400000| Complete 
| 100|0x0000000086400000, 0x0000000086500000, 0x0000000086500000|100%|HC|  |TAMS 0x0000000086500000, 0x0000000086500000| Complete 
| 101|0x0000000086500000, 0x0000000086600000, 0x0000000086600000|100%|HC|  |TAMS 0x0000000086600000, 0x0000000086600000| Complete 
| 102|0x0000000086600000, 0x0000000086700000, 0x0000000086700000|100%| O|  |TAMS 0x0000000086700000, 0x0000000086700000| Untracked 
| 103|0x0000000086700000, 0x0000000086800000, 0x0000000086800000|100%| O|  |TAMS 0x0000000086800000, 0x0000000086800000| Untracked 
| 104|0x0000000086800000, 0x0000000086900000, 0x0000000086900000|100%| O|  |TAMS 0x0000000086900000, 0x0000000086900000| Untracked 
| 105|0x0000000086900000, 0x0000000086a00000, 0x0000000086a00000|100%| O|  |TAMS 0x0000000086a00000, 0x0000000086a00000| Untracked 
| 106|0x0000000086a00000, 0x0000000086b00000, 0x0000000086b00000|100%| O|  |TAMS 0x0000000086b00000, 0x0000000086b00000| Untracked 
| 107|0x0000000086b00000, 0x0000000086c00000, 0x0000000086c00000|100%| O|  |TAMS 0x0000000086c00000, 0x0000000086c00000| Untracked 
| 108|0x0000000086c00000, 0x0000000086d00000, 0x0000000086d00000|100%| O|  |TAMS 0x0000000086d00000, 0x0000000086d00000| Untracked 
| 109|0x0000000086d00000, 0x0000000086e00000, 0x0000000086e00000|100%| O|  |TAMS 0x0000000086e00000, 0x0000000086e00000| Untracked 
| 110|0x0000000086e00000, 0x0000000086f00000, 0x0000000086f00000|100%| O|  |TAMS 0x0000000086f00000, 0x0000000086f00000| Untracked 
| 111|0x0000000086f00000, 0x0000000087000000, 0x0000000087000000|100%| O|  |TAMS 0x0000000087000000, 0x0000000087000000| Untracked 
| 112|0x0000000087000000, 0x0000000087100000, 0x0000000087100000|100%| O|  |TAMS 0x0000000087100000, 0x0000000087100000| Untracked 
| 113|0x0000000087100000, 0x0000000087200000, 0x0000000087200000|100%| O|  |TAMS 0x0000000087200000, 0x0000000087200000| Untracked 
| 114|0x0000000087200000, 0x0000000087300000, 0x0000000087300000|100%| O|  |TAMS 0x0000000087300000, 0x0000000087300000| Untracked 
| 115|0x0000000087300000, 0x0000000087400000, 0x0000000087400000|100%| O|  |TAMS 0x0000000087400000, 0x0000000087400000| Untracked 
| 116|0x0000000087400000, 0x0000000087500000, 0x0000000087500000|100%| O|  |TAMS 0x00000000874a6e00, 0x0000000087500000| Untracked 
| 117|0x0000000087500000, 0x0000000087600000, 0x0000000087600000|100%| O|  |TAMS 0x0000000087500000, 0x0000000087600000| Untracked 
| 118|0x0000000087600000, 0x0000000087700000, 0x0000000087700000|100%| O|  |TAMS 0x0000000087600000, 0x0000000087700000| Untracked 
| 119|0x0000000087700000, 0x0000000087800000, 0x0000000087800000|100%| O|  |TAMS 0x0000000087700000, 0x0000000087800000| Untracked 
| 120|0x0000000087800000, 0x0000000087900000, 0x0000000087900000|100%| O|  |TAMS 0x0000000087800000, 0x0000000087900000| Untracked 
| 121|0x0000000087900000, 0x0000000087a00000, 0x0000000087a00000|100%| O|  |TAMS 0x0000000087900000, 0x0000000087a00000| Untracked 
| 122|0x0000000087a00000, 0x0000000087b00000, 0x0000000087b00000|100%| O|  |TAMS 0x0000000087a00000, 0x0000000087b00000| Untracked 
| 123|0x0000000087b00000, 0x0000000087c00000, 0x0000000087c00000|100%|HS|  |TAMS 0x0000000087b00000, 0x0000000087c00000| Complete 
| 124|0x0000000087c00000, 0x0000000087d00000, 0x0000000087d00000|100%|HC|  |TAMS 0x0000000087c00000, 0x0000000087d00000| Complete 
| 125|0x0000000087d00000, 0x0000000087e00000, 0x0000000087e00000|100%|HC|  |TAMS 0x0000000087d00000, 0x0000000087e00000| Complete 
| 126|0x0000000087e00000, 0x0000000087f00000, 0x0000000087f00000|100%|HC|  |TAMS 0x0000000087e00000, 0x0000000087f00000| Complete 
| 127|0x0000000087f00000, 0x0000000088000000, 0x0000000088000000|100%|HC|  |TAMS 0x0000000087f00000, 0x0000000088000000| Complete 
| 128|0x0000000088000000, 0x0000000088100000, 0x0000000088100000|100%|HC|  |TAMS 0x0000000088000000, 0x0000000088100000| Complete 
| 129|0x0000000088100000, 0x0000000088200000, 0x0000000088200000|100%| O|  |TAMS 0x0000000088100000, 0x0000000088200000| Untracked 
| 130|0x0000000088200000, 0x0000000088300000, 0x0000000088300000|100%| O|  |TAMS 0x0000000088200000, 0x0000000088300000| Untracked 
| 131|0x0000000088300000, 0x0000000088400000, 0x0000000088400000|100%|HS|  |TAMS 0x0000000088300000, 0x0000000088400000| Complete 
| 132|0x0000000088400000, 0x0000000088500000, 0x0000000088500000|100%|HC|  |TAMS 0x0000000088400000, 0x0000000088500000| Complete 
| 133|0x0000000088500000, 0x0000000088600000, 0x0000000088600000|100%| O|  |TAMS 0x0000000088500000, 0x0000000088600000| Untracked 
| 134|0x0000000088600000, 0x0000000088700000, 0x0000000088700000|100%|HS|  |TAMS 0x0000000088600000, 0x0000000088700000| Complete 
| 135|0x0000000088700000, 0x0000000088800000, 0x0000000088800000|100%| O|  |TAMS 0x0000000088700000, 0x0000000088800000| Untracked 
| 136|0x0000000088800000, 0x0000000088900000, 0x0000000088900000|100%|HS|  |TAMS 0x0000000088800000, 0x0000000088900000| Complete 
| 137|0x0000000088900000, 0x0000000088a00000, 0x0000000088a00000|100%| O|  |TAMS 0x0000000088900000, 0x0000000088a00000| Untracked 
| 138|0x0000000088a00000, 0x0000000088b00000, 0x0000000088b00000|100%|HS|  |TAMS 0x0000000088a00000, 0x0000000088b00000| Complete 
| 139|0x0000000088b00000, 0x0000000088c00000, 0x0000000088c00000|100%| O|  |TAMS 0x0000000088b00000, 0x0000000088c00000| Untracked 
| 140|0x0000000088c00000, 0x0000000088d00000, 0x0000000088d00000|100%|HS|  |TAMS 0x0000000088c00000, 0x0000000088d00000| Complete 
| 141|0x0000000088d00000, 0x0000000088e00000, 0x0000000088e00000|100%| O|  |TAMS 0x0000000088d00000, 0x0000000088e00000| Untracked 
| 142|0x0000000088e00000, 0x0000000088eaca00, 0x0000000088f00000| 67%| O|  |TAMS 0x0000000088e00000, 0x0000000088eaca00| Untracked 
| 143|0x0000000088f00000, 0x0000000089000000, 0x0000000089000000|100%|HS|  |TAMS 0x0000000088f00000, 0x0000000089000000| Complete 
| 144|0x0000000089000000, 0x0000000089100000, 0x0000000089100000|100%|HC|  |TAMS 0x0000000089000000, 0x0000000089100000| Complete 
| 145|0x0000000089100000, 0x0000000089100000, 0x0000000089200000|  0%| F|  |TAMS 0x0000000089100000, 0x0000000089100000| Untracked 
| 146|0x0000000089200000, 0x0000000089200000, 0x0000000089300000|  0%| F|  |TAMS 0x0000000089200000, 0x0000000089200000| Untracked 
| 147|0x0000000089300000, 0x0000000089300000, 0x0000000089400000|  0%| F|  |TAMS 0x0000000089300000, 0x0000000089300000| Untracked 
| 148|0x0000000089400000, 0x0000000089500000, 0x0000000089500000|100%|HS|  |TAMS 0x0000000089400000, 0x0000000089500000| Complete 
| 149|0x0000000089500000, 0x0000000089600000, 0x0000000089600000|100%|HC|  |TAMS 0x0000000089500000, 0x0000000089600000| Complete 
| 150|0x0000000089600000, 0x0000000089700000, 0x0000000089700000|100%|HC|  |TAMS 0x0000000089600000, 0x0000000089700000| Complete 
| 151|0x0000000089700000, 0x0000000089700000, 0x0000000089800000|  0%| F|  |TAMS 0x0000000089700000, 0x0000000089700000| Untracked 
| 152|0x0000000089800000, 0x0000000089800000, 0x0000000089900000|  0%| F|  |TAMS 0x0000000089800000, 0x0000000089800000| Untracked 
| 153|0x0000000089900000, 0x0000000089a00000, 0x0000000089a00000|100%|HS|  |TAMS 0x0000000089900000, 0x0000000089a00000| Complete 
| 154|0x0000000089a00000, 0x0000000089b00000, 0x0000000089b00000|100%|HS|  |TAMS 0x0000000089a00000, 0x0000000089b00000| Complete 
| 155|0x0000000089b00000, 0x0000000089c00000, 0x0000000089c00000|100%| O|  |TAMS 0x0000000089b00000, 0x0000000089c00000| Untracked 
| 156|0x0000000089c00000, 0x0000000089d00000, 0x0000000089d00000|100%| O|  |TAMS 0x0000000089c00000, 0x0000000089d00000| Untracked 
| 157|0x0000000089d00000, 0x0000000089e00000, 0x0000000089e00000|100%| O|  |TAMS 0x0000000089d00000, 0x0000000089e00000| Untracked 
| 158|0x0000000089e00000, 0x0000000089f00000, 0x0000000089f00000|100%| O|  |TAMS 0x0000000089e00000, 0x0000000089f00000| Untracked 
| 159|0x0000000089f00000, 0x000000008a000000, 0x000000008a000000|100%| O|  |TAMS 0x0000000089f00000, 0x000000008a000000| Untracked 
| 160|0x000000008a000000, 0x000000008a100000, 0x000000008a100000|100%| O|  |TAMS 0x000000008a000000, 0x000000008a100000| Untracked 
| 161|0x000000008a100000, 0x000000008a100000, 0x000000008a200000|  0%| F|  |TAMS 0x000000008a100000, 0x000000008a100000| Untracked 
| 162|0x000000008a200000, 0x000000008a200000, 0x000000008a300000|  0%| F|  |TAMS 0x000000008a200000, 0x000000008a200000| Untracked 
| 163|0x000000008a300000, 0x000000008a300000, 0x000000008a400000|  0%| F|  |TAMS 0x000000008a300000, 0x000000008a300000| Untracked 
| 164|0x000000008a400000, 0x000000008a400000, 0x000000008a500000|  0%| F|  |TAMS 0x000000008a400000, 0x000000008a400000| Untracked 
| 165|0x000000008a500000, 0x000000008a500000, 0x000000008a600000|  0%| F|  |TAMS 0x000000008a500000, 0x000000008a500000| Untracked 
| 166|0x000000008a600000, 0x000000008a600000, 0x000000008a700000|  0%| F|  |TAMS 0x000000008a600000, 0x000000008a600000| Untracked 
| 167|0x000000008a700000, 0x000000008a700000, 0x000000008a800000|  0%| F|  |TAMS 0x000000008a700000, 0x000000008a700000| Untracked 
| 168|0x000000008a800000, 0x000000008a800000, 0x000000008a900000|  0%| F|  |TAMS 0x000000008a800000, 0x000000008a800000| Untracked 
| 169|0x000000008a900000, 0x000000008a900000, 0x000000008aa00000|  0%| F|  |TAMS 0x000000008a900000, 0x000000008a900000| Untracked 
| 170|0x000000008aa00000, 0x000000008aa00000, 0x000000008ab00000|  0%| F|  |TAMS 0x000000008aa00000, 0x000000008aa00000| Untracked 
| 171|0x000000008ab00000, 0x000000008ab00000, 0x000000008ac00000|  0%| F|  |TAMS 0x000000008ab00000, 0x000000008ab00000| Untracked 
| 172|0x000000008ac00000, 0x000000008ac00000, 0x000000008ad00000|  0%| F|  |TAMS 0x000000008ac00000, 0x000000008ac00000| Untracked 
| 173|0x000000008ad00000, 0x000000008ad00000, 0x000000008ae00000|  0%| F|  |TAMS 0x000000008ad00000, 0x000000008ad00000| Untracked 
| 174|0x000000008ae00000, 0x000000008ae00000, 0x000000008af00000|  0%| F|  |TAMS 0x000000008ae00000, 0x000000008ae00000| Untracked 
| 175|0x000000008af00000, 0x000000008af00000, 0x000000008b000000|  0%| F|  |TAMS 0x000000008af00000, 0x000000008af00000| Untracked 
| 176|0x000000008b000000, 0x000000008b000000, 0x000000008b100000|  0%| F|  |TAMS 0x000000008b000000, 0x000000008b000000| Untracked 
| 177|0x000000008b100000, 0x000000008b100000, 0x000000008b200000|  0%| F|  |TAMS 0x000000008b100000, 0x000000008b100000| Untracked 
| 178|0x000000008b200000, 0x000000008b200000, 0x000000008b300000|  0%| F|  |TAMS 0x000000008b200000, 0x000000008b200000| Untracked 
| 179|0x000000008b300000, 0x000000008b300000, 0x000000008b400000|  0%| F|  |TAMS 0x000000008b300000, 0x000000008b300000| Untracked 
| 180|0x000000008b400000, 0x000000008b400000, 0x000000008b500000|  0%| F|  |TAMS 0x000000008b400000, 0x000000008b400000| Untracked 
| 181|0x000000008b500000, 0x000000008b500000, 0x000000008b600000|  0%| F|  |TAMS 0x000000008b500000, 0x000000008b500000| Untracked 
| 182|0x000000008b600000, 0x000000008b600000, 0x000000008b700000|  0%| F|  |TAMS 0x000000008b600000, 0x000000008b600000| Untracked 
| 183|0x000000008b700000, 0x000000008b700000, 0x000000008b800000|  0%| F|  |TAMS 0x000000008b700000, 0x000000008b700000| Untracked 
| 184|0x000000008b800000, 0x000000008b800000, 0x000000008b900000|  0%| F|  |TAMS 0x000000008b800000, 0x000000008b800000| Untracked 
| 185|0x000000008b900000, 0x000000008b900000, 0x000000008ba00000|  0%| F|  |TAMS 0x000000008b900000, 0x000000008b900000| Untracked 
| 186|0x000000008ba00000, 0x000000008ba00000, 0x000000008bb00000|  0%| F|  |TAMS 0x000000008ba00000, 0x000000008ba00000| Untracked 
| 187|0x000000008bb00000, 0x000000008bb00000, 0x000000008bc00000|  0%| F|  |TAMS 0x000000008bb00000, 0x000000008bb00000| Untracked 
| 188|0x000000008bc00000, 0x000000008bc00000, 0x000000008bd00000|  0%| F|  |TAMS 0x000000008bc00000, 0x000000008bc00000| Untracked 
| 189|0x000000008bd00000, 0x000000008bd00000, 0x000000008be00000|  0%| F|  |TAMS 0x000000008bd00000, 0x000000008bd00000| Untracked 
| 190|0x000000008be00000, 0x000000008bf00000, 0x000000008bf00000|100%| S|CS|TAMS 0x000000008be00000, 0x000000008be00000| Complete 
| 191|0x000000008bf00000, 0x000000008c000000, 0x000000008c000000|100%| S|CS|TAMS 0x000000008bf00000, 0x000000008bf00000| Complete 
| 192|0x000000008c000000, 0x000000008c100000, 0x000000008c100000|100%| S|CS|TAMS 0x000000008c000000, 0x000000008c000000| Complete 
| 193|0x000000008c100000, 0x000000008c200000, 0x000000008c200000|100%| S|CS|TAMS 0x000000008c100000, 0x000000008c100000| Complete 
| 194|0x000000008c200000, 0x000000008c300000, 0x000000008c300000|100%| S|CS|TAMS 0x000000008c200000, 0x000000008c200000| Complete 
| 195|0x000000008c300000, 0x000000008c400000, 0x000000008c400000|100%| S|CS|TAMS 0x000000008c300000, 0x000000008c300000| Complete 
| 196|0x000000008c400000, 0x000000008c400000, 0x000000008c500000|  0%| F|  |TAMS 0x000000008c400000, 0x000000008c400000| Untracked 
| 197|0x000000008c500000, 0x000000008c500000, 0x000000008c600000|  0%| F|  |TAMS 0x000000008c500000, 0x000000008c500000| Untracked 
| 198|0x000000008c600000, 0x000000008c600000, 0x000000008c700000|  0%| F|  |TAMS 0x000000008c600000, 0x000000008c600000| Untracked 
| 199|0x000000008c700000, 0x000000008c700000, 0x000000008c800000|  0%| F|  |TAMS 0x000000008c700000, 0x000000008c700000| Untracked 
| 200|0x000000008c800000, 0x000000008c800000, 0x000000008c900000|  0%| F|  |TAMS 0x000000008c800000, 0x000000008c800000| Untracked 
| 201|0x000000008c900000, 0x000000008c900000, 0x000000008ca00000|  0%| F|  |TAMS 0x000000008c900000, 0x000000008c900000| Untracked 
| 202|0x000000008ca00000, 0x000000008ca00000, 0x000000008cb00000|  0%| F|  |TAMS 0x000000008ca00000, 0x000000008ca00000| Untracked 
| 203|0x000000008cb00000, 0x000000008cb00000, 0x000000008cc00000|  0%| F|  |TAMS 0x000000008cb00000, 0x000000008cb00000| Untracked 
| 204|0x000000008cc00000, 0x000000008cc00000, 0x000000008cd00000|  0%| F|  |TAMS 0x000000008cc00000, 0x000000008cc00000| Untracked 
| 205|0x000000008cd00000, 0x000000008cd00000, 0x000000008ce00000|  0%| F|  |TAMS 0x000000008cd00000, 0x000000008cd00000| Untracked 
| 206|0x000000008ce00000, 0x000000008ce00000, 0x000000008cf00000|  0%| F|  |TAMS 0x000000008ce00000, 0x000000008ce00000| Untracked 
| 207|0x000000008cf00000, 0x000000008cf00000, 0x000000008d000000|  0%| F|  |TAMS 0x000000008cf00000, 0x000000008cf00000| Untracked 
| 208|0x000000008d000000, 0x000000008d000000, 0x000000008d100000|  0%| F|  |TAMS 0x000000008d000000, 0x000000008d000000| Untracked 
| 209|0x000000008d100000, 0x000000008d100000, 0x000000008d200000|  0%| F|  |TAMS 0x000000008d100000, 0x000000008d100000| Untracked 
| 210|0x000000008d200000, 0x000000008d200000, 0x000000008d300000|  0%| F|  |TAMS 0x000000008d200000, 0x000000008d200000| Untracked 
| 211|0x000000008d300000, 0x000000008d300000, 0x000000008d400000|  0%| F|  |TAMS 0x000000008d300000, 0x000000008d300000| Untracked 
| 212|0x000000008d400000, 0x000000008d400000, 0x000000008d500000|  0%| F|  |TAMS 0x000000008d400000, 0x000000008d400000| Untracked 
| 213|0x000000008d500000, 0x000000008d500000, 0x000000008d600000|  0%| F|  |TAMS 0x000000008d500000, 0x000000008d500000| Untracked 
| 214|0x000000008d600000, 0x000000008d600000, 0x000000008d700000|  0%| F|  |TAMS 0x000000008d600000, 0x000000008d600000| Untracked 
| 215|0x000000008d700000, 0x000000008d700000, 0x000000008d800000|  0%| F|  |TAMS 0x000000008d700000, 0x000000008d700000| Untracked 
| 216|0x000000008d800000, 0x000000008d800000, 0x000000008d900000|  0%| F|  |TAMS 0x000000008d800000, 0x000000008d800000| Untracked 
| 217|0x000000008d900000, 0x000000008d900000, 0x000000008da00000|  0%| F|  |TAMS 0x000000008d900000, 0x000000008d900000| Untracked 
| 218|0x000000008da00000, 0x000000008da00000, 0x000000008db00000|  0%| F|  |TAMS 0x000000008da00000, 0x000000008da00000| Untracked 
| 219|0x000000008db00000, 0x000000008db00000, 0x000000008dc00000|  0%| F|  |TAMS 0x000000008db00000, 0x000000008db00000| Untracked 
| 220|0x000000008dc00000, 0x000000008dc00000, 0x000000008dd00000|  0%| F|  |TAMS 0x000000008dc00000, 0x000000008dc00000| Untracked 
| 221|0x000000008dd00000, 0x000000008dd00000, 0x000000008de00000|  0%| F|  |TAMS 0x000000008dd00000, 0x000000008dd00000| Untracked 
| 222|0x000000008de00000, 0x000000008de00000, 0x000000008df00000|  0%| F|  |TAMS 0x000000008de00000, 0x000000008de00000| Untracked 
| 223|0x000000008df00000, 0x000000008df00000, 0x000000008e000000|  0%| F|  |TAMS 0x000000008df00000, 0x000000008df00000| Untracked 
| 224|0x000000008e000000, 0x000000008e000000, 0x000000008e100000|  0%| F|  |TAMS 0x000000008e000000, 0x000000008e000000| Untracked 
| 225|0x000000008e100000, 0x000000008e100000, 0x000000008e200000|  0%| F|  |TAMS 0x000000008e100000, 0x000000008e100000| Untracked 
| 226|0x000000008e200000, 0x000000008e300000, 0x000000008e300000|100%| O|  |TAMS 0x000000008e200000, 0x000000008e300000| Untracked 
| 227|0x000000008e300000, 0x000000008e400000, 0x000000008e400000|100%| O|  |TAMS 0x000000008e300000, 0x000000008e400000| Untracked 
| 228|0x000000008e400000, 0x000000008e500000, 0x000000008e500000|100%| O|  |TAMS 0x000000008e400000, 0x000000008e500000| Untracked 
| 229|0x000000008e500000, 0x000000008e600000, 0x000000008e600000|100%| O|  |TAMS 0x000000008e500000, 0x000000008e600000| Untracked 
| 230|0x000000008e600000, 0x000000008e700000, 0x000000008e700000|100%| O|  |TAMS 0x000000008e600000, 0x000000008e700000| Untracked 
| 231|0x000000008e700000, 0x000000008e800000, 0x000000008e800000|100%| O|  |TAMS 0x000000008e700000, 0x000000008e800000| Untracked 
| 232|0x000000008e800000, 0x000000008e900000, 0x000000008e900000|100%| O|  |TAMS 0x000000008e800000, 0x000000008e900000| Untracked 
| 233|0x000000008e900000, 0x000000008ea00000, 0x000000008ea00000|100%| O|  |TAMS 0x000000008e900000, 0x000000008ea00000| Untracked 
| 234|0x000000008ea00000, 0x000000008eb00000, 0x000000008eb00000|100%| O|  |TAMS 0x000000008ea00000, 0x000000008eb00000| Untracked 
| 235|0x000000008eb00000, 0x000000008ec00000, 0x000000008ec00000|100%| O|  |TAMS 0x000000008eb00000, 0x000000008ec00000| Untracked 
| 236|0x000000008ec00000, 0x000000008ed00000, 0x000000008ed00000|100%| O|  |TAMS 0x000000008ec00000, 0x000000008ed00000| Untracked 

Card table byte_map: [0x0000021f96140000,0x0000021f96540000] _byte_map_base: 0x0000021f95d40000

Marking Bits (Prev, Next): (CMBitMap*) 0x0000021f8280ee10, (CMBitMap*) 0x0000021f8280edd8
 Prev Bits: [0x0000021f98940000, 0x0000021f9a940000)
 Next Bits: [0x0000021f96940000, 0x0000021f98940000)

Polling page: 0x0000021f80ff0000

Metaspace:

Usage:
  Non-class:     83.32 MB capacity,    81.86 MB ( 98%) used,     1.21 MB (  1%) free+waste,   260.25 KB ( <1%) overhead. 
      Class:     12.78 MB capacity,    11.99 MB ( 94%) used,   696.38 KB (  5%) free+waste,   115.94 KB ( <1%) overhead. 
       Both:     96.10 MB capacity,    93.85 MB ( 98%) used,     1.89 MB (  2%) free+waste,   376.19 KB ( <1%) overhead. 

Virtual space:
  Non-class space:       84.00 MB reserved,      83.75 MB (>99%) committed 
      Class space:        1.00 GB reserved,      13.07 MB (  1%) committed 
             Both:        1.08 GB reserved,      96.82 MB (  9%) committed 

Chunk freelists:
   Non-Class:  376.00 KB
       Class:  191.00 KB
        Both:  567.00 KB

MaxMetaspaceSize: 17179869184.00 GB
CompressedClassSpaceSize: 1.00 GB

CodeHeap 'non-profiled nmethods': size=120000Kb used=5178Kb max_used=5178Kb free=114822Kb
 bounds [0x0000021f8dda0000, 0x0000021f8e2b0000, 0x0000021f952d0000]
CodeHeap 'profiled nmethods': size=120000Kb used=22621Kb max_used=22621Kb free=97378Kb
 bounds [0x0000021f86870000, 0x0000021f87e90000, 0x0000021f8dda0000]
CodeHeap 'non-nmethods': size=5760Kb used=2308Kb max_used=2346Kb free=3451Kb
 bounds [0x0000021f862d0000, 0x0000021f86540000, 0x0000021f86870000]
 total_blobs=12396 nmethods=11483 adapters=824
 compilation: enabled
              stopped_count=0, restarted_count=0
 full_count=0

Compilation events (20 events):
Event: 29.957 Thread 0x0000021f9dd7c800 11808 %     3       com.android.tools.r8.internal.zh::get @ 70 (106 bytes)
Event: 29.958 Thread 0x0000021f9dd7c800 nmethod 11808% 0x0000021f87e7e790 code [0x0000021f87e7e980, 0x0000021f87e7ee78]
Event: 30.041 Thread 0x0000021f9dd7c800 11813 %     3       com.android.tools.r8.internal.zh::a @ 69 (173 bytes)
Event: 30.042 Thread 0x0000021f9dd7c800 nmethod 11813% 0x0000021f87e7f110 code [0x0000021f87e7f380, 0x0000021f87e7fcf8]
Event: 30.042 Thread 0x0000021f9dd7c800 11814       3       com.android.tools.r8.internal.zh::get (106 bytes)
Event: 30.043 Thread 0x0000021f9dd7c800 nmethod 11814 0x0000021f87e80110 code [0x0000021f87e80300, 0x0000021f87e80798]
Event: 30.052 Thread 0x0000021f9dd7c800 11815   !   2       com.android.tools.r8.graph.c0::L (91 bytes)
Event: 30.054 Thread 0x0000021f9dd7c800 nmethod 11815 0x0000021f87e80a10 code [0x0000021f87e80c60, 0x0000021f87e81338]
Event: 30.059 Thread 0x0000021f9dd7c800 11817       1       com.android.tools.r8.internal.Zj::b (6 bytes)
Event: 30.059 Thread 0x0000021f9dd7c800 nmethod 11817 0x0000021f8e2ae510 code [0x0000021f8e2ae6c0, 0x0000021f8e2ae778]
Event: 30.062 Thread 0x0000021f9dd7c800 11818 % !   3       com.android.tools.r8.graph.c0::L @ 52 (91 bytes)
Event: 30.064 Thread 0x0000021f9dd7c800 nmethod 11818% 0x0000021f87e81890 code [0x0000021f87e81ba0, 0x0000021f87e82c58]
Event: 30.068 Thread 0x0000021f9dd7c800 11819       3       com.android.tools.r8.internal.zh::a (173 bytes)
Event: 30.069 Thread 0x0000021f9dd7c800 nmethod 11819 0x0000021f87e83410 code [0x0000021f87e83660, 0x0000021f87e83f58]
Event: 30.070 Thread 0x0000021f9dd7c800 11820   !   3       com.android.tools.r8.graph.c0::L (91 bytes)
Event: 30.072 Thread 0x0000021f9dd7c800 nmethod 11820 0x0000021f87e84290 code [0x0000021f87e845a0, 0x0000021f87e855d8]
Event: 30.110 Thread 0x0000021f9dd7c800 11821 %     3       java.lang.Iterable::forEach @ 12 (39 bytes)
Event: 30.111 Thread 0x0000021f9dd7c800 nmethod 11821% 0x0000021f87e85d10 code [0x0000021f87e85f20, 0x0000021f87e86588]
Event: 30.161 Thread 0x0000021f9dd7c800 11823       2       com.android.tools.r8.internal.du::d (194 bytes)
Event: 30.163 Thread 0x0000021f9dd7c800 nmethod 11823 0x0000021f87e86790 code [0x0000021f87e869e0, 0x0000021f87e871d8]

GC Heap History (20 events):
Event: 17.171 GC heap after
{Heap after GC invocations=51 (full 0):
 garbage-first heap   total 133120K, used 69027K [0x0000000080000000, 0x0000000100000000)
  region size 1024K, 6 young (6144K), 6 survivors (6144K)
 Metaspace       used 75878K, capacity 77708K, committed 77900K, reserved 1116160K
  class space    used 9787K, capacity 10463K, committed 10572K, reserved 1048576K
}
Event: 18.054 GC heap before
{Heap before GC invocations=52 (full 0):
 garbage-first heap   total 133120K, used 105891K [0x0000000080000000, 0x0000000100000000)
  region size 1024K, 42 young (43008K), 6 survivors (6144K)
 Metaspace       used 80279K, capacity 82143K, committed 82252K, reserved 1120256K
  class space    used 10401K, capacity 11051K, committed 11084K, reserved 1048576K
}
Event: 18.068 GC heap after
{Heap after GC invocations=53 (full 0):
 garbage-first heap   total 185344K, used 71256K [0x0000000080000000, 0x0000000100000000)
  region size 1024K, 5 young (5120K), 5 survivors (5120K)
 Metaspace       used 80279K, capacity 82143K, committed 82252K, reserved 1120256K
  class space    used 10401K, capacity 11051K, committed 11084K, reserved 1048576K
}
Event: 19.433 GC heap before
{Heap before GC invocations=53 (full 0):
 garbage-first heap   total 185344K, used 128600K [0x0000000080000000, 0x0000000100000000)
  region size 1024K, 61 young (62464K), 5 survivors (5120K)
 Metaspace       used 84522K, capacity 86546K, committed 86732K, reserved 1124352K
  class space    used 10873K, capacity 11616K, committed 11724K, reserved 1048576K
}
Event: 19.458 GC heap after
{Heap after GC invocations=54 (full 0):
 garbage-first heap   total 185344K, used 77882K [0x0000000080000000, 0x0000000100000000)
  region size 1024K, 8 young (8192K), 8 survivors (8192K)
 Metaspace       used 84522K, capacity 86546K, committed 86732K, reserved 1124352K
  class space    used 10873K, capacity 11616K, committed 11724K, reserved 1048576K
}
Event: 20.749 GC heap before
{Heap before GC invocations=54 (full 0):
 garbage-first heap   total 185344K, used 137274K [0x0000000080000000, 0x0000000100000000)
  region size 1024K, 67 young (68608K), 8 survivors (8192K)
 Metaspace       used 86223K, capacity 88589K, committed 88780K, reserved 1126400K
  class space    used 11115K, capacity 11969K, committed 11980K, reserved 1048576K
}
Event: 20.782 GC heap after
{Heap after GC invocations=55 (full 0):
 garbage-first heap   total 185344K, used 82771K [0x0000000080000000, 0x0000000100000000)
  region size 1024K, 6 young (6144K), 6 survivors (6144K)
 Metaspace       used 86223K, capacity 88589K, committed 88780K, reserved 1126400K
  class space    used 11115K, capacity 11969K, committed 11980K, reserved 1048576K
}
Event: 21.876 GC heap before
{Heap before GC invocations=55 (full 0):
 garbage-first heap   total 185344K, used 143187K [0x0000000080000000, 0x0000000100000000)
  region size 1024K, 65 young (66560K), 6 survivors (6144K)
 Metaspace       used 86900K, capacity 89259K, committed 89420K, reserved 1126400K
  class space    used 11160K, capacity 12022K, committed 12108K, reserved 1048576K
}
Event: 21.900 GC heap after
{Heap after GC invocations=56 (full 0):
 garbage-first heap   total 185344K, used 86876K [0x0000000080000000, 0x0000000100000000)
  region size 1024K, 4 young (4096K), 4 survivors (4096K)
 Metaspace       used 86900K, capacity 89259K, committed 89420K, reserved 1126400K
  class space    used 11160K, capacity 12022K, committed 12108K, reserved 1048576K
}
Event: 23.218 GC heap before
{Heap before GC invocations=56 (full 0):
 garbage-first heap   total 185344K, used 146268K [0x0000000080000000, 0x0000000100000000)
  region size 1024K, 63 young (64512K), 4 survivors (4096K)
 Metaspace       used 89331K, capacity 91720K, committed 91980K, reserved 1128448K
  class space    used 11460K, capacity 12297K, committed 12364K, reserved 1048576K
}
Event: 23.231 GC heap after
{Heap after GC invocations=57 (full 0):
 garbage-first heap   total 231424K, used 88597K [0x0000000080000000, 0x0000000100000000)
  region size 1024K, 6 young (6144K), 6 survivors (6144K)
 Metaspace       used 89331K, capacity 91720K, committed 91980K, reserved 1128448K
  class space    used 11460K, capacity 12297K, committed 12364K, reserved 1048576K
}
Event: 24.626 GC heap before
{Heap before GC invocations=57 (full 0):
 garbage-first heap   total 231424K, used 161301K [0x0000000080000000, 0x0000000100000000)
  region size 1024K, 78 young (79872K), 6 survivors (6144K)
 Metaspace       used 92425K, capacity 94799K, committed 94924K, reserved 1132544K
  class space    used 11849K, capacity 12722K, committed 12748K, reserved 1048576K
}
Event: 24.658 GC heap after
{Heap after GC invocations=58 (full 0):
 garbage-first heap   total 231424K, used 92511K [0x0000000080000000, 0x0000000100000000)
  region size 1024K, 6 young (6144K), 6 survivors (6144K)
 Metaspace       used 92425K, capacity 94799K, committed 94924K, reserved 1132544K
  class space    used 11849K, capacity 12722K, committed 12748K, reserved 1048576K
}
Event: 25.610 GC heap before
{Heap before GC invocations=58 (full 0):
 garbage-first heap   total 231424K, used 192863K [0x0000000080000000, 0x0000000100000000)
  region size 1024K, 88 young (90112K), 6 survivors (6144K)
 Metaspace       used 93504K, capacity 95953K, committed 96076K, reserved 1132544K
  class space    used 11990K, capacity 12843K, committed 12876K, reserved 1048576K
}
Event: 25.643 GC heap after
{Heap after GC invocations=59 (full 0):
 garbage-first heap   total 231424K, used 119409K [0x0000000080000000, 0x0000000100000000)
  region size 1024K, 11 young (11264K), 11 survivors (11264K)
 Metaspace       used 93504K, capacity 95953K, committed 96076K, reserved 1132544K
  class space    used 11990K, capacity 12843K, committed 12876K, reserved 1048576K
}
Event: 26.099 GC heap before
{Heap before GC invocations=59 (full 0):
 garbage-first heap   total 231424K, used 158321K [0x0000000080000000, 0x0000000100000000)
  region size 1024K, 51 young (52224K), 11 survivors (11264K)
 Metaspace       used 95927K, capacity 98424K, committed 98508K, reserved 1134592K
  class space    used 12320K, capacity 13229K, committed 13260K, reserved 1048576K
}
Event: 26.276 GC heap after
{Heap after GC invocations=60 (full 0):
 garbage-first heap   total 231424K, used 122523K [0x0000000080000000, 0x0000000100000000)
  region size 1024K, 3 young (3072K), 3 survivors (3072K)
 Metaspace       used 95927K, capacity 98424K, committed 98508K, reserved 1134592K
  class space    used 12320K, capacity 13229K, committed 13260K, reserved 1048576K
}
Event: 29.613 GC heap before
{Heap before GC invocations=60 (full 0):
 garbage-first heap   total 231424K, used 215707K [0x0000000080000000, 0x0000000100000000)
  region size 1024K, 57 young (58368K), 3 survivors (3072K)
 Metaspace       used 96100K, capacity 98409K, committed 99148K, reserved 1134592K
  class space    used 12276K, capacity 13089K, committed 13388K, reserved 1048576K
}
Event: 29.714 GC heap after
{Heap after GC invocations=61 (full 0):
 garbage-first heap   total 242688K, used 164753K [0x0000000080000000, 0x0000000100000000)
  region size 1024K, 8 young (8192K), 8 survivors (8192K)
 Metaspace       used 96100K, capacity 98409K, committed 99148K, reserved 1134592K
  class space    used 12276K, capacity 13089K, committed 13388K, reserved 1048576K
}
Event: 30.170 GC heap before
{Heap before GC invocations=62 (full 0):
 garbage-first heap   total 242688K, used 194449K [0x0000000080000000, 0x0000000100000000)
  region size 1024K, 38 young (38912K), 8 survivors (8192K)
 Metaspace       used 96100K, capacity 98409K, committed 99148K, reserved 1134592K
  class space    used 12276K, capacity 13089K, committed 13388K, reserved 1048576K
}

Deoptimization events (20 events):
Event: 29.416 Thread 0x0000021fa5e11000 Uncommon trap: trap_request=0xfffffff4 fr.pc=0x0000021f8e29b52c relative=0x000000000000598c
Event: 29.422 Thread 0x0000021fa5e11000 Uncommon trap: reason=null_check action=make_not_entrant pc=0x0000021f8e29b52c method=com.android.tools.r8.graph.T.d(Lcom/android/tools/r8/graph/c0;)Lcom/android/tools/r8/graph/d0; @ 35 c2
Event: 29.422 Thread 0x0000021fa5e11000 DEOPT PACKING pc=0x0000021f8e29b52c sp=0x000000b92d9fd970
Event: 29.422 Thread 0x0000021fa5e11000 DEOPT UNPACKING pc=0x0000021f862f78af sp=0x000000b92d9fd850 mode 2
Event: 29.768 Thread 0x0000021fa5e11000 DEOPT PACKING pc=0x0000021f87e3a7fa sp=0x000000b92d9fd770
Event: 29.768 Thread 0x0000021fa5e11000 DEOPT UNPACKING pc=0x0000021f862f76ce sp=0x000000b92d9fce38 mode 0
Event: 29.803 Thread 0x0000021fa5e11000 DEOPT PACKING pc=0x0000021f87e3a4bc sp=0x000000b92d9fd770
Event: 29.803 Thread 0x0000021fa5e11000 DEOPT UNPACKING pc=0x0000021f862f76ce sp=0x000000b92d9fce38 mode 0
Event: 29.880 Thread 0x0000021fa5e11000 DEOPT PACKING pc=0x0000021f87e3a7fa sp=0x000000b92d9fd770
Event: 29.880 Thread 0x0000021fa5e11000 DEOPT UNPACKING pc=0x0000021f862f76ce sp=0x000000b92d9fce38 mode 0
Event: 29.971 Thread 0x0000021fa5e11000 DEOPT PACKING pc=0x0000021f87e3a7fa sp=0x000000b92d9fd770
Event: 29.971 Thread 0x0000021fa5e11000 DEOPT UNPACKING pc=0x0000021f862f76ce sp=0x000000b92d9fce38 mode 0
Event: 30.039 Thread 0x0000021fa5e11000 DEOPT PACKING pc=0x0000021f87e3a4bc sp=0x000000b92d9fd770
Event: 30.039 Thread 0x0000021fa5e11000 DEOPT UNPACKING pc=0x0000021f862f76ce sp=0x000000b92d9fce38 mode 0
Event: 30.052 Thread 0x0000021fa5e11000 Uncommon trap: trap_request=0xffffff4d fr.pc=0x0000021f8e28df28 relative=0x0000000000000ba8
Event: 30.052 Thread 0x0000021fa5e11000 Uncommon trap: reason=unstable_if action=reinterpret pc=0x0000021f8e28df28 method=com.android.tools.r8.internal.Xe.d(I)Z @ 45 c2
Event: 30.052 Thread 0x0000021fa5e11000 DEOPT PACKING pc=0x0000021f8e28df28 sp=0x000000b92d9fd8f0
Event: 30.052 Thread 0x0000021fa5e11000 DEOPT UNPACKING pc=0x0000021f862f78af sp=0x000000b92d9fd800 mode 2
Event: 30.070 Thread 0x0000021fa5e11000 DEOPT PACKING pc=0x0000021f87e811c3 sp=0x000000b92d9fd500
Event: 30.070 Thread 0x0000021fa5e11000 DEOPT UNPACKING pc=0x0000021f862f76ce sp=0x000000b92d9fca40 mode 0

Classes redefined (0 events):
No events

Internal exceptions (20 events):
Event: 23.049 Thread 0x0000021f9fe3e000 Exception <a 'java/lang/NoSuchMethodError'{0x00000000882fe990}: <clinit>> (0x00000000882fe990) thrown at [./src/hotspot/share/prims/jni.cpp, line 1362]
Event: 25.272 Thread 0x0000021fa5e0c000 Exception <a 'java/lang/NoSuchMethodError'{0x000000008a605440}: 'int java.lang.invoke.DirectMethodHandle$Holder.invokeSpecial(java.lang.Object, java.lang.Object, java.lang.Object, java.lang.Object, java.lang.Object)'> (0x000000008a605440) thrown at [./src/hotspot/share/interpreter/linkResolver.cpp, line 773]
Event: 25.646 Thread 0x0000021fa5e11000 Exception <a 'sun/nio/fs/WindowsException'{0x000000008e1153e8}> (0x000000008e1153e8) thrown at [./src/hotspot/share/prims/jni.cpp, line 615]
Event: 25.936 Thread 0x0000021fa5e0b000 Exception <a 'java/lang/NoSuchMethodError'{0x000000008c3a80c0}: <clinit>> (0x000000008c3a80c0) thrown at [./src/hotspot/share/prims/jni.cpp, line 1362]
Event: 25.937 Thread 0x0000021fa5e0b000 Exception <a 'java/lang/NoSuchMethodError'{0x000000008c3a93e0}: <clinit>> (0x000000008c3a93e0) thrown at [./src/hotspot/share/prims/jni.cpp, line 1362]
Event: 25.937 Thread 0x0000021fa5e0b000 Exception <a 'java/lang/NoSuchMethodError'{0x000000008c3abb30}: <clinit>> (0x000000008c3abb30) thrown at [./src/hotspot/share/prims/jni.cpp, line 1362]
Event: 25.939 Thread 0x0000021fa5e0b000 Exception <a 'java/lang/NoSuchMethodError'{0x000000008c3c4158}: <clinit>> (0x000000008c3c4158) thrown at [./src/hotspot/share/prims/jni.cpp, line 1362]
Event: 25.940 Thread 0x0000021fa5e0b000 Exception <a 'java/lang/NoSuchMethodError'{0x000000008c3c5638}: <clinit>> (0x000000008c3c5638) thrown at [./src/hotspot/share/prims/jni.cpp, line 1362]
Event: 25.985 Thread 0x0000021fa5e0b000 Exception <a 'java/lang/NoSuchMethodError'{0x000000008c0cae20}: <clinit>> (0x000000008c0cae20) thrown at [./src/hotspot/share/prims/jni.cpp, line 1362]
Event: 25.989 Thread 0x0000021fa5e0b000 Exception <a 'java/lang/NoSuchMethodError'{0x000000008bf0d978}: <clinit>> (0x000000008bf0d978) thrown at [./src/hotspot/share/prims/jni.cpp, line 1362]
Event: 25.991 Thread 0x0000021fa5e0b000 Exception <a 'java/lang/NoSuchMethodError'{0x000000008bf20820}: <clinit>> (0x000000008bf20820) thrown at [./src/hotspot/share/prims/jni.cpp, line 1362]
Event: 26.088 Thread 0x0000021fa5e11000 Exception <a 'java/lang/NoSuchMethodError'{0x000000008bcf2220}: 'java.lang.Object java.lang.invoke.DirectMethodHandle$Holder.invokeStatic(java.lang.Object, java.lang.Object, java.lang.Object, java.lang.Object, java.lang.Object, java.lang.Object, java.lang.Object, java.lang.Object, java.lang.Object, java.lang.Object, java.lang.Object, java.lang.Object, java.lang.Object, java.lang.Object, java.lang.Object, java.lang.Object, java.lang.Object, java.lang.Object, int, java.lang.Object)'> (0x000000008bcf2220) thr
Event: 26.088 Thread 0x0000021fa5e11000 Exception <a 'java/lang/NoSuchMethodError'{0x000000008bcf7ab0}: 'java.lang.Object java.lang.invoke.DirectMethodHandle$Holder.invokeStaticInit(java.lang.Object, java.lang.Object, java.lang.Object, java.lang.Object, java.lang.Object, java.lang.Object, java.lang.Object, java.lang.Object, java.lang.Object, java.lang.Object, java.lang.Object, java.lang.Object, java.lang.Object, java.lang.Object, java.lang.Object, java.lang.Object, java.lang.Object, java.lang.Object, int, java.lang.Object)'> (0x000000008bcf7ab0)
Event: 26.379 Thread 0x0000021fa5e0f800 Exception <a 'java/lang/NoSuchMethodError'{0x000000008e1b46a8}: 'void java.lang.invoke.DirectMethodHandle$Holder.invokeStatic(java.lang.Object, long)'> (0x000000008e1b46a8) thrown at [./src/hotspot/share/interpreter/linkResolver.cpp, line 773]
Event: 26.381 Thread 0x0000021fa5e0f800 Exception <a 'java/lang/NoSuchMethodError'{0x000000008e1e8500}: 'java.lang.Object java.lang.invoke.DirectMethodHandle$Holder.invokeStatic(java.lang.Object, long)'> (0x000000008e1e8500) thrown at [./src/hotspot/share/interpreter/linkResolver.cpp, line 773]
Event: 26.386 Thread 0x0000021fa5e0f800 Exception <a 'java/lang/NoSuchMethodError'{0x000000008e1f6d10}: 'java.lang.Object java.lang.invoke.DirectMethodHandle$Holder.invokeStaticInit(java.lang.Object, java.lang.Object, long, java.lang.Object)'> (0x000000008e1f6d10) thrown at [./src/hotspot/share/interpreter/linkResolver.cpp, line 773]
Event: 26.387 Thread 0x0000021fa5e0f800 Exception <a 'java/lang/NoSuchMethodError'{0x000000008e1fcea8}: 'java.lang.Object java.lang.invoke.DirectMethodHandle$Holder.invokeStatic(java.lang.Object, java.lang.Object, long)'> (0x000000008e1fcea8) thrown at [./src/hotspot/share/interpreter/linkResolver.cpp, line 773]
Event: 26.393 Thread 0x0000021fa5e0f800 Exception <a 'java/lang/NoSuchMethodError'{0x000000008e003b00}: 'java.lang.Object java.lang.invoke.Invokers$Holder.linkToTargetMethod(java.lang.Object, long, java.lang.Object)'> (0x000000008e003b00) thrown at [./src/hotspot/share/interpreter/linkResolver.cpp, line 773]
Event: 29.112 Thread 0x0000021fa5e0f800 Exception <a 'java/lang/NoSuchMethodError'{0x000000008afae460}: 'int java.lang.invoke.DirectMethodHandle$Holder.invokeSpecialIFC(java.lang.Object, java.lang.Object, java.lang.Object)'> (0x000000008afae460) thrown at [./src/hotspot/share/interpreter/linkResolver.cpp, line 773]
Event: 29.415 Thread 0x0000021fa5e11000 Implicit null exception at 0x0000021f8e296e63 to 0x0000021f8e29b508

Events (20 events):
Event: 29.071 loading class com/google/common/collect/FluentIterable done
Event: 29.085 loading class com/google/common/collect/FluentIterable$2
Event: 29.085 loading class com/google/common/collect/FluentIterable$2 done
Event: 29.088 loading class com/google/common/collect/FluentIterable$1
Event: 29.088 loading class com/google/common/collect/FluentIterable$1 done
Event: 29.089 loading class com/google/common/collect/FluentIterable$3
Event: 29.089 loading class com/google/common/collect/FluentIterable$3 done
Event: 29.099 loading class com/google/common/base/Absent
Event: 29.099 loading class com/google/common/base/Absent done
Event: 29.105 loading class com/google/common/collect/AbstractIterator$State
Event: 29.105 loading class com/google/common/collect/AbstractIterator$State done
Event: 29.108 loading class com/google/common/collect/AbstractIterator$1
Event: 29.108 loading class com/google/common/collect/AbstractIterator$1 done
Event: 29.416 Executing VM operation: RevokeBias
Event: 29.422 Executing VM operation: RevokeBias done
Event: 29.610 Executing VM operation: G1CollectForAllocation
Event: 29.714 Executing VM operation: G1CollectForAllocation done
Event: 29.764 Executing VM operation: CGC_Operation
Event: 29.766 Executing VM operation: CGC_Operation done
Event: 30.170 Executing VM operation: G1CollectForAllocation


Dynamic libraries:
0x00007ff65f950000 - 0x00007ff65f95a000 	C:\Program Files\Android\Android Studio\jre\bin\java.exe
0x00007fff7cb30000 - 0x00007fff7cd25000 	C:\WINDOWS\SYSTEM32\ntdll.dll
0x00007fff7c670000 - 0x00007fff7c72d000 	C:\WINDOWS\System32\KERNEL32.DLL
0x00007fff7a800000 - 0x00007fff7aac9000 	C:\WINDOWS\System32\KERNELBASE.dll
0x00007fff7a260000 - 0x00007fff7a360000 	C:\WINDOWS\System32\ucrtbase.dll
0x00007fff75820000 - 0x00007fff75837000 	C:\Program Files\Android\Android Studio\jre\bin\VCRUNTIME140.dll
0x00007fff745e0000 - 0x00007fff745f9000 	C:\Program Files\Android\Android Studio\jre\bin\jli.dll
0x00007fff7bb90000 - 0x00007fff7bd30000 	C:\WINDOWS\System32\USER32.dll
0x00007fff7a4c0000 - 0x00007fff7a4e2000 	C:\WINDOWS\System32\win32u.dll
0x00007fff634f0000 - 0x00007fff6378a000 	C:\WINDOWS\WinSxS\amd64_microsoft.windows.common-controls_6595b64144ccf1df_6.0.19041.1110_none_60b5254171f9507e\COMCTL32.dll
0x00007fff7b900000 - 0x00007fff7b92a000 	C:\WINDOWS\System32\GDI32.dll
0x00007fff7bd30000 - 0x00007fff7bdce000 	C:\WINDOWS\System32\msvcrt.dll
0x00007fff7a5e0000 - 0x00007fff7a6eb000 	C:\WINDOWS\System32\gdi32full.dll
0x00007fff7a540000 - 0x00007fff7a5dd000 	C:\WINDOWS\System32\msvcp_win.dll
0x00007fff7bee0000 - 0x00007fff7bf10000 	C:\WINDOWS\System32\IMM32.DLL
0x00007fff48220000 - 0x00007fff482bd000 	C:\Program Files\Android\Android Studio\jre\bin\msvcp140.dll
0x00007ffef7930000 - 0x00007ffef83ff000 	C:\Program Files\Android\Android Studio\jre\bin\server\jvm.dll
0x00007fff7ab90000 - 0x00007fff7ac3c000 	C:\WINDOWS\System32\ADVAPI32.dll
0x00007fff7bfc0000 - 0x00007fff7c05b000 	C:\WINDOWS\System32\sechost.dll
0x00007fff7ae10000 - 0x00007fff7af3a000 	C:\WINDOWS\System32\RPCRT4.dll
0x00007fff7b840000 - 0x00007fff7b848000 	C:\WINDOWS\System32\PSAPI.DLL
0x00007fff77590000 - 0x00007fff77599000 	C:\WINDOWS\SYSTEM32\WSOCK32.dll
0x00007fff63940000 - 0x00007fff63967000 	C:\WINDOWS\SYSTEM32\WINMM.dll
0x00007fff7be60000 - 0x00007fff7becb000 	C:\WINDOWS\System32\WS2_32.dll
0x00007fff6ec10000 - 0x00007fff6ec1a000 	C:\WINDOWS\SYSTEM32\VERSION.dll
0x00007fff78af0000 - 0x00007fff78b02000 	C:\WINDOWS\SYSTEM32\kernel.appcore.dll
0x00007fff74670000 - 0x00007fff74681000 	C:\Program Files\Android\Android Studio\jre\bin\verify.dll
0x00007fff786c0000 - 0x00007fff788a4000 	C:\WINDOWS\SYSTEM32\DBGHELP.DLL
0x00007fff5f830000 - 0x00007fff5f85c000 	C:\WINDOWS\SYSTEM32\dbgcore.DLL
0x00007fff7aad0000 - 0x00007fff7ab53000 	C:\WINDOWS\System32\bcryptPrimitives.dll
0x00007fff74010000 - 0x00007fff74039000 	C:\Program Files\Android\Android Studio\jre\bin\java.dll
0x00007fff77570000 - 0x00007fff7757b000 	C:\Program Files\Android\Android Studio\jre\bin\jimage.dll
0x00007fff6fa70000 - 0x00007fff6fa88000 	C:\Program Files\Android\Android Studio\jre\bin\zip.dll
0x00007fff7af40000 - 0x00007fff7b67f000 	C:\WINDOWS\System32\SHELL32.dll
0x00007fff77f30000 - 0x00007fff786c0000 	C:\WINDOWS\SYSTEM32\windows.storage.dll
0x00007fff7c730000 - 0x00007fff7ca85000 	C:\WINDOWS\System32\combase.dll
0x00007fff79cc0000 - 0x00007fff79cec000 	C:\WINDOWS\SYSTEM32\Wldp.dll
0x00007fff7b850000 - 0x00007fff7b8fe000 	C:\WINDOWS\System32\SHCORE.dll
0x00007fff7b930000 - 0x00007fff7b985000 	C:\WINDOWS\System32\shlwapi.dll
0x00007fff7a1a0000 - 0x00007fff7a1bf000 	C:\WINDOWS\SYSTEM32\profapi.dll
0x00007fff6fa50000 - 0x00007fff6fa6a000 	C:\Program Files\Android\Android Studio\jre\bin\net.dll
0x00007fff67740000 - 0x00007fff67848000 	C:\WINDOWS\SYSTEM32\WINHTTP.dll
0x00007fff79a20000 - 0x00007fff79a8a000 	C:\WINDOWS\system32\mswsock.dll
0x00007fff6f2d0000 - 0x00007fff6f2e4000 	C:\Program Files\Android\Android Studio\jre\bin\nio.dll
0x00007fff74600000 - 0x00007fff74627000 	C:\kotlinSUMMER\native\8bec1ad78214c89d9ad589b4d07fe93259594b29d510b10fafb7a158f7737e5d\windows-amd64\native-platform.dll
0x00007fff6f3a0000 - 0x00007fff6f4dd000 	C:\kotlinSUMMER\native\53dbd7edfb1c66fb8903c78663c9afc45aea4f116125fa6feffd364cf09443e8\windows-amd64\native-platform-file-events.dll
0x00007fff757f0000 - 0x00007fff757fa000 	C:\Program Files\Android\Android Studio\jre\bin\management.dll
0x00007fff741b0000 - 0x00007fff741bc000 	C:\Program Files\Android\Android Studio\jre\bin\management_ext.dll
0x00007fff79c10000 - 0x00007fff79c28000 	C:\WINDOWS\SYSTEM32\CRYPTSP.dll
0x00007fff79330000 - 0x00007fff79364000 	C:\WINDOWS\system32\rsaenh.dll
0x00007fff7ab60000 - 0x00007fff7ab87000 	C:\WINDOWS\System32\bcrypt.dll
0x00007fff7a120000 - 0x00007fff7a14e000 	C:\WINDOWS\SYSTEM32\USERENV.dll
0x00007fff79c30000 - 0x00007fff79c3c000 	C:\WINDOWS\SYSTEM32\CRYPTBASE.dll
0x00007fff796c0000 - 0x00007fff796fb000 	C:\WINDOWS\SYSTEM32\IPHLPAPI.DLL
0x00007fff7bed0000 - 0x00007fff7bed8000 	C:\WINDOWS\System32\NSI.dll
0x00007fff6b830000 - 0x00007fff6b847000 	C:\WINDOWS\SYSTEM32\dhcpcsvc6.DLL
0x00007fff6d060000 - 0x00007fff6d07d000 	C:\WINDOWS\SYSTEM32\dhcpcsvc.DLL
0x00007fff79710000 - 0x00007fff797dc000 	C:\WINDOWS\SYSTEM32\DNSAPI.dll

dbghelp: loaded successfully - version: 4.0.5 - missing functions: none
symbol engine: initialized successfully - sym options: 0x614 - pdb path: .;C:\Program Files\Android\Android Studio\jre\bin;C:\WINDOWS\SYSTEM32;C:\WINDOWS\WinSxS\amd64_microsoft.windows.common-controls_6595b64144ccf1df_6.0.19041.1110_none_60b5254171f9507e;C:\Program Files\Android\Android Studio\jre\bin\server;C:\kotlinSUMMER\native\8bec1ad78214c89d9ad589b4d07fe93259594b29d510b10fafb7a158f7737e5d\windows-amd64;C:\kotlinSUMMER\native\53dbd7edfb1c66fb8903c78663c9afc45aea4f116125fa6feffd364cf09443e8\windows-amd64

VM Arguments:
jvm_args: --add-opens=java.base/java.util=ALL-UNNAMED --add-opens=java.base/java.lang=ALL-UNNAMED --add-opens=java.base/java.lang.invoke=ALL-UNNAMED --add-opens=java.base/java.util=ALL-UNNAMED --add-opens=java.prefs/java.util.prefs=ALL-UNNAMED --add-opens=java.prefs/java.util.prefs=ALL-UNNAMED --add-opens=java.base/java.nio.charset=ALL-UNNAMED --add-opens=java.base/java.net=ALL-UNNAMED --add-opens=java.base/java.util.concurrent.atomic=ALL-UNNAMED -Xmx2048m -Dfile.encoding=UTF-8 -Duser.country=US -Duser.language=en -Duser.variant 
java_command: org.gradle.launcher.daemon.bootstrap.GradleDaemon 7.0.2
java_class_path (initial): C:\kotlinSUMMER\wrapper\dists\gradle-7.0.2-bin\857tjihv64xamwrf0h14cai3r\gradle-7.0.2\lib\gradle-launcher-7.0.2.jar
Launcher Type: SUN_STANDARD

[Global flags]
     intx CICompilerCount                          = 4                                         {product} {ergonomic}
     uint ConcGCThreads                            = 2                                         {product} {ergonomic}
     uint G1ConcRefinementThreads                  = 8                                         {product} {ergonomic}
   size_t G1HeapRegionSize                         = 1048576                                   {product} {ergonomic}
    uintx GCDrainStackTargetSize                   = 64                                        {product} {ergonomic}
   size_t InitialHeapSize                          = 65011712                                  {product} {ergonomic}
   size_t MarkStackSize                            = 4194304                                   {product} {ergonomic}
   size_t MaxHeapSize                              = 2147483648                                {product} {command line}
   size_t MaxNewSize                               = 1287651328                                {product} {ergonomic}
   size_t MinHeapDeltaBytes                        = 1048576                                   {product} {ergonomic}
    uintx NonNMethodCodeHeapSize                   = 5836300                                {pd product} {ergonomic}
    uintx NonProfiledCodeHeapSize                  = 122910970                              {pd product} {ergonomic}
    uintx ProfiledCodeHeapSize                     = 122910970                              {pd product} {ergonomic}
    uintx ReservedCodeCacheSize                    = 251658240                              {pd product} {ergonomic}
     bool SegmentedCodeCache                       = true                                      {product} {ergonomic}
     bool UseCompressedClassPointers               = true                                 {lp64_product} {ergonomic}
     bool UseCompressedOops                        = true                                 {lp64_product} {ergonomic}
     bool UseG1GC                                  = true                                      {product} {ergonomic}
     bool UseLargePagesIndividualAllocation        = false                                  {pd product} {ergonomic}

Logging:
Log output configuration:
 #0: stdout all=warning uptime,level,tags
 #1: stderr all=off uptime,level,tags

Environment Variables:
PATH=C:\Windows\system32;C:\Windows;C:\Windows\System32\Wbem;C:\Windows\System32\WindowsPowerShell\v1.0\;C:\Windows\System32\OpenSSH\;C:\Program Files (x86)\NVIDIA Corporation\PhysX\Common;C:\Program Files\NVIDIA Corporation\NVIDIA NvDLISR;C:\Program Files\Microsoft VS Code\bin;C:\Program Files\nodejs\;%SystemRoot%\system32;%SystemRoot%;%SystemRoot%\System32\Wbem;%SYSTEMROOT%\System32\WindowsPowerShell\v1.0\;%SYSTEMROOT%\System32\OpenSSH\;C:\Program Files\MySQL\MySQL Shell 8.0\bin\;C:\Users\ASUS\AppData\Local\Programs\Python\Python39\Scripts\;C:\Users\ASUS\AppData\Local\Programs\Python\Python39\;C:\Users\ASUS\AppData\Local\Microsoft\WindowsApps;C:\Users\ASUS\AppData\Roaming\npm;
USERNAME=ASUS
OS=Windows_NT
PROCESSOR_IDENTIFIER=Intel64 Family 6 Model 142 Stepping 11, GenuineIntel



---------------  S Y S T E M  ---------------

OS: Windows 10 , 64 bit Build 19041 (10.0.19041.1151)
OS uptime: 1 days 4:07 hours

CPU:total 8 (initial active 8) (4 cores per cpu, 2 threads per core) family 6 model 142 stepping 11 microcode 0xde, cmov, cx8, fxsr, mmx, sse, sse2, sse3, ssse3, sse4.1, sse4.2, popcnt, avx, avx2, aes, clmul, erms, 3dnowpref, lzcnt, ht, tsc, tscinvbit, bmi1, bmi2, adx, fma

Memory: 4k page, system-wide physical 3947M (122M free)
TotalPageFile size 16235M (AvailPageFile size 182M)
current process WorkingSet (physical memory assigned to process): 236M, peak: 269M
current process commit charge ("private bytes"): 528M, peak: 707M

vm_info: OpenJDK 64-Bit Server VM (11.0.10+0-b96-7249189) for windows-amd64 JRE (11.0.10+0-b96-7249189), built on Mar 31 2021 21:44:00 by "builder" with MS VC++ 14.0 (VS2015)

END.
